<?xml version="1.0" encoding="UTF-8" ?>
<testsuite failures="0" time="0.305" errors="2" skipped="0" tests="2" name="com.springapp.mvc.FormTest">
  <properties>
[...]
</properties>
  <testcase time="0.224" classname="com.springapp.mvc.FormTest" name="postForm">
    <error message="Connection refused" type="java.net.ConnectException">java.net.ConnectException: Connection refused
	at java.net.PlainSocketImpl.socketConnect(Native Method)
	at java.net.AbstractPlainSocketImpl.doConnect(AbstractPlainSocketImpl.java:339)
	at java.net.AbstractPlainSocketImpl.connectToAddress(AbstractPlainSocketImpl.java:200)
	at java.net.AbstractPlainSocketImpl.connect(AbstractPlainSocketImpl.java:182)
	at java.net.SocksSocketImpl.connect(SocksSocketImpl.java:392)
	at java.net.Socket.connect(Socket.java:579)
	at java.net.Socket.connect(Socket.java:528)
	at java.net.Socket.&lt;init&gt;(Socket.java:425)
	at java.net.Socket.&lt;init&gt;(Socket.java:280)
	at org.apache.commons.httpclient.protocol.DefaultProtocolSocketFactory.createSocket(DefaultProtocolSocketFactory.java:80)
	at org.apache.commons.httpclient.protocol.DefaultProtocolSocketFactory.createSocket(DefaultProtocolSocketFactory.java:122)
	at org.apache.commons.httpclient.HttpConnection.open(HttpConnection.java:707)
	at org.apache.commons.httpclient.MultiThreadedHttpConnectionManager$HttpConnectionAdapter.open(MultiThreadedHttpConnectionManager.java:1361)
	at org.apache.commons.httpclient.HttpMethodDirector.executeWithRetry(HttpMethodDirector.java:387)
	at org.apache.commons.httpclient.HttpMethodDirector.executeMethod(HttpMethodDirector.java:171)
	at org.apache.commons.httpclient.HttpClient.executeMethod(HttpClient.java:397)
	at org.apache.commons.httpclient.HttpClient.executeMethod(HttpClient.java:346)
	at com.gargoylesoftware.htmlunit.HttpWebConnection.getResponse(HttpWebConnection.java:97)
	at com.gargoylesoftware.htmlunit.WebClient.loadWebResponseFromWebConnection(WebClient.java:1487)
	at com.gargoylesoftware.htmlunit.WebClient.loadWebResponse(WebClient.java:1445)
	at com.gargoylesoftware.htmlunit.WebClient.getPage(WebClient.java:323)
	at com.gargoylesoftware.htmlunit.WebClient.getPage(WebClient.java:384)
	at com.gargoylesoftware.htmlunit.WebClient.getPage(WebClient.java:369)
	at com.springapp.mvc.FormTest.postForm(FormTest.java:45)
	at sun.reflect.NativeMethodAccessorImpl.invoke0(Native Method)
	at sun.reflect.NativeMethodAccessorImpl.invoke(NativeMethodAccessorImpl.java:57)
	at sun.reflect.DelegatingMethodAccessorImpl.invoke(DelegatingMethodAccessorImpl.java:43)
	at java.lang.reflect.Method.invoke(Method.java:606)
	at org.junit.runners.model.FrameworkMethod$1.runReflectiveCall(FrameworkMethod.java:44)
	at org.junit.internal.runners.model.ReflectiveCallable.run(ReflectiveCallable.java:15)
	at org.junit.runners.model.FrameworkMethod.invokeExplosively(FrameworkMethod.java:41)
	at org.junit.internal.runners.statements.InvokeMethod.evaluate(InvokeMethod.java:20)
	at org.springframework.test.context.junit4.statements.RunBeforeTestMethodCallbacks.evaluate(RunBeforeTestMethodCallbacks.java:74)
	at org.springframework.test.context.junit4.statements.RunAfterTestMethodCallbacks.evaluate(RunAfterTestMethodCallbacks.java:83)
	at org.springframework.test.context.junit4.statements.SpringRepeat.evaluate(SpringRepeat.java:72)
	at org.springframework.test.context.junit4.SpringJUnit4ClassRunner.runChild(SpringJUnit4ClassRunner.java:232)
	at org.springframework.test.context.junit4.SpringJUnit4ClassRunner.runChild(SpringJUnit4ClassRunner.java:89)
	at org.junit.runners.ParentRunner$3.run(ParentRunner.java:193)
	at org.junit.runners.ParentRunner$1.schedule(ParentRunner.java:52)
	at org.junit.runners.ParentRunner.runChildren(ParentRunner.java:191)
	at org.junit.runners.ParentRunner.access$000(ParentRunner.java:42)
	at org.junit.runners.ParentRunner$2.evaluate(ParentRunner.java:184)
	at org.springframework.test.context.junit4.statements.RunBeforeTestClassCallbacks.evaluate(RunBeforeTestClassCallbacks.java:61)
	at org.springframework.test.context.junit4.statements.RunAfterTestClassCallbacks.evaluate(RunAfterTestClassCallbacks.java:71)
	at org.junit.runners.ParentRunner.run(ParentRunner.java:236)
	at org.springframework.test.context.junit4.SpringJUnit4ClassRunner.run(SpringJUnit4ClassRunner.java:175)
	at org.apache.maven.surefire.junit4.JUnit4TestSet.execute(JUnit4TestSet.java:53)
	at org.apache.maven.surefire.junit4.JUnit4Provider.executeTestSet(JUnit4Provider.java:123)
	at org.apache.maven.surefire.junit4.JUnit4Provider.invoke(JUnit4Provider.java:104)
	at sun.reflect.NativeMethodAccessorImpl.invoke0(Native Method)
	at sun.reflect.NativeMethodAccessorImpl.invoke(NativeMethodAccessorImpl.java:57)
	at sun.reflect.DelegatingMethodAccessorImpl.invoke(DelegatingMethodAccessorImpl.java:43)
	at java.lang.reflect.Method.invoke(Method.java:606)
	at org.apache.maven.surefire.util.ReflectionUtils.invokeMethodWithArray(ReflectionUtils.java:164)
	at org.apache.maven.surefire.booter.ProviderFactory$ProviderProxy.invoke(ProviderFactory.java:110)
	at org.apache.maven.surefire.booter.SurefireStarter.invokeProvider(SurefireStarter.java:175)
	at org.apache.maven.surefire.booter.SurefireStarter.runSuitesInProcessWhenForked(SurefireStarter.java:107)
	at org.apache.maven.surefire.booter.ForkedBooter.main(ForkedBooter.java:68)
</error>
    <system-out>16:34:54.703 [main] DEBUG o.s.t.c.j.SpringJUnit4ClassRunner - SpringJUnit4ClassRunner constructor called with [class com.springapp.mvc.FormTest].
16:34:54.703 [main] DEBUG o.s.t.c.s.AbstractDelegatingSmartContextLoader - Delegating to GenericXmlWebContextLoader to process context configuration [ContextConfigurationAttributes@4b4be0c6 declaringClass = &apos;com.springapp.mvc.FormTest&apos;, locations = &apos;{file:src/main/webapp/WEB-INF/test-dispatcher-servlet.xml}&apos;, classes = &apos;{}&apos;, inheritLocations = true, initializers = &apos;{}&apos;, inheritInitializers = true, name = [null], contextLoaderClass = &apos;org.springframework.test.context.ContextLoader&apos;].
16:34:54.703 [main] DEBUG o.s.test.context.ContextLoaderUtils - Could not find an &apos;annotation declaring class&apos; for annotation type [org.springframework.test.context.ActiveProfiles] and class [com.springapp.mvc.FormTest]
16:34:54.704 [main] DEBUG o.s.t.annotation.ProfileValueUtils - Retrieved @ProfileValueSourceConfiguration [null] for test class [com.springapp.mvc.FormTest]
16:34:54.704 [main] DEBUG o.s.t.annotation.ProfileValueUtils - Retrieved ProfileValueSource type [class org.springframework.test.annotation.SystemProfileValueSource] for class [com.springapp.mvc.FormTest]
16:34:54.704 [main] DEBUG o.s.t.annotation.ProfileValueUtils - Retrieved @ProfileValueSourceConfiguration [null] for test class [com.springapp.mvc.FormTest]
16:34:54.704 [main] DEBUG o.s.t.annotation.ProfileValueUtils - Retrieved ProfileValueSource type [class org.springframework.test.annotation.SystemProfileValueSource] for class [com.springapp.mvc.FormTest]
16:34:54.704 [main] DEBUG o.s.t.c.CacheAwareContextLoaderDelegate - Retrieved ApplicationContext from cache with key [[WebMergedContextConfiguration@62920dc8 testClass = FormTest, locations = &apos;{file:src/main/webapp/WEB-INF/test-dispatcher-servlet.xml}&apos;, classes = &apos;{}&apos;, contextInitializerClasses = &apos;[]&apos;, activeProfiles = &apos;{}&apos;, resourceBasePath = &apos;src/main/webapp&apos;, contextLoader = &apos;org.springframework.test.context.web.WebDelegatingSmartContextLoader&apos;, parent = [null]]].
16:34:54.704 [main] DEBUG o.s.b.f.s.DefaultListableBeanFactory - Returning cached instance of singleton bean &apos;flyway&apos;
16:34:54.704 [main] INFO  c.g.f.t.j.FlywayTestExecutionListener - ---&gt; Start reset database for  &apos;com.springapp.mvc.FormTest&apos;.
16:34:54.704 [main] DEBUG c.g.f.t.j.FlywayTestExecutionListener - ******** Clean database for  &apos;com.springapp.mvc.FormTest&apos;.
16:34:54.704 [main] DEBUG c.g.f.c.dbsupport.DbSupportFactory - Jdbc Url: jdbc:postgresql://localhost:5432/spring_test
16:34:54.704 [main] DEBUG c.g.f.c.dbsupport.DbSupportFactory - Database: PostgreSQL 9.3
16:34:54.704 [main] DEBUG com.googlecode.flyway.core.Flyway - DDL Transactions Supported: true
16:34:54.704 [main] DEBUG com.googlecode.flyway.core.Flyway - Schema: public
16:34:54.709 [main] DEBUG c.g.f.c.m.MetaDataTableTo20FormatUpgrader - No upgrade to the Flyway 2.0 format necessary for metadata table &quot;public&quot;.&quot;schema_version&quot;
16:34:54.714 [main] DEBUG c.g.f.c.m.MetaDataTableTo202FormatUpgrader - No metadata table upgrade to the Flyway 2.0.2 format necessary
16:34:54.716 [main] DEBUG c.g.f.c.m.MetaDataTableTo21FormatUpgrader - No metadata table upgrade to the Flyway 2.1 format necessary
16:34:54.716 [main] DEBUG c.g.flyway.core.command.DbClean - Cleaning schema &quot;public&quot; ...
16:34:54.725 [main] INFO  c.g.flyway.core.command.DbClean - Cleaned schema &quot;public&quot; (execution time 00:00.009s)
16:34:54.726 [main] DEBUG c.g.f.t.j.FlywayTestExecutionListener - ******** Init database  for  &apos;com.springapp.mvc.FormTest&apos;.
16:34:54.726 [main] DEBUG c.g.f.c.dbsupport.DbSupportFactory - Jdbc Url: jdbc:postgresql://localhost:5432/spring_test
16:34:54.726 [main] DEBUG c.g.f.c.dbsupport.DbSupportFactory - Database: PostgreSQL 9.3
16:34:54.726 [main] DEBUG com.googlecode.flyway.core.Flyway - DDL Transactions Supported: true
16:34:54.726 [main] DEBUG com.googlecode.flyway.core.Flyway - Schema: public
16:34:54.726 [main] DEBUG c.g.flyway.core.command.DbSchemas - Schema &quot;public&quot; already exists. Skipping schema creation.
16:34:54.734 [main] INFO  c.g.f.c.m.MetaDataTableImpl - Creating Metadata table: &quot;public&quot;.&quot;schema_version&quot;
16:34:54.739 [main] DEBUG c.g.flyway.core.dbsupport.SqlScript - Found statement at line 17: CREATE TABLE &quot;public&quot;.&quot;schema_version&quot; (
    &quot;version_rank&quot; INT NOT NULL,
    &quot;installed_rank&quot; INT NOT NULL,
    &quot;version&quot; VARCHAR(50) NOT NULL,
    &quot;description&quot; VARCHAR(200) NOT NULL,
    &quot;type&quot; VARCHAR(20) NOT NULL,
    &quot;script&quot; VARCHAR(1000) NOT NULL,
    &quot;checksum&quot; INTEGER,
    &quot;installed_by&quot; VARCHAR(100) NOT NULL,
    &quot;installed_on&quot; TIMESTAMP NOT NULL DEFAULT now(),
    &quot;execution_time&quot; INTEGER NOT NULL,
    &quot;success&quot; BOOLEAN NOT NULL
) WITH (
  OIDS=FALSE
)
16:34:54.739 [main] DEBUG c.g.flyway.core.dbsupport.SqlScript - Found statement at line 32: ALTER TABLE &quot;public&quot;.&quot;schema_version&quot; ADD CONSTRAINT &quot;schema_version_pk&quot; PRIMARY KEY (&quot;version&quot;)
16:34:54.740 [main] DEBUG c.g.flyway.core.dbsupport.SqlScript - Found statement at line 34: CREATE INDEX &quot;schema_version_vr_idx&quot; ON &quot;public&quot;.&quot;schema_version&quot; (&quot;version_rank&quot;)
16:34:54.740 [main] DEBUG c.g.flyway.core.dbsupport.SqlScript - Found statement at line 35: CREATE INDEX &quot;schema_version_ir_idx&quot; ON &quot;public&quot;.&quot;schema_version&quot; (&quot;installed_rank&quot;)
16:34:54.741 [main] DEBUG c.g.flyway.core.dbsupport.SqlScript - Found statement at line 36: CREATE INDEX &quot;schema_version_s_idx&quot; ON &quot;public&quot;.&quot;schema_version&quot; (&quot;success&quot;)
16:34:54.741 [main] DEBUG c.g.flyway.core.dbsupport.SqlScript - Executing SQL: CREATE TABLE &quot;public&quot;.&quot;schema_version&quot; (
    &quot;version_rank&quot; INT NOT NULL,
    &quot;installed_rank&quot; INT NOT NULL,
    &quot;version&quot; VARCHAR(50) NOT NULL,
    &quot;description&quot; VARCHAR(200) NOT NULL,
    &quot;type&quot; VARCHAR(20) NOT NULL,
    &quot;script&quot; VARCHAR(1000) NOT NULL,
    &quot;checksum&quot; INTEGER,
    &quot;installed_by&quot; VARCHAR(100) NOT NULL,
    &quot;installed_on&quot; TIMESTAMP NOT NULL DEFAULT now(),
    &quot;execution_time&quot; INTEGER NOT NULL,
    &quot;success&quot; BOOLEAN NOT NULL
) WITH (
  OIDS=FALSE
)
16:34:54.743 [main] DEBUG c.g.flyway.core.dbsupport.SqlScript - Executing SQL: ALTER TABLE &quot;public&quot;.&quot;schema_version&quot; ADD CONSTRAINT &quot;schema_version_pk&quot; PRIMARY KEY (&quot;version&quot;)
16:34:54.744 [main] DEBUG c.g.flyway.core.dbsupport.SqlScript - Executing SQL: CREATE INDEX &quot;schema_version_vr_idx&quot; ON &quot;public&quot;.&quot;schema_version&quot; (&quot;version_rank&quot;)
16:34:54.744 [main] DEBUG c.g.flyway.core.dbsupport.SqlScript - Executing SQL: CREATE INDEX &quot;schema_version_ir_idx&quot; ON &quot;public&quot;.&quot;schema_version&quot; (&quot;installed_rank&quot;)
16:34:54.745 [main] DEBUG c.g.flyway.core.dbsupport.SqlScript - Executing SQL: CREATE INDEX &quot;schema_version_s_idx&quot; ON &quot;public&quot;.&quot;schema_version&quot; (&quot;success&quot;)
16:34:54.746 [main] DEBUG c.g.f.c.m.MetaDataTableImpl - Metadata table &quot;public&quot;.&quot;schema_version&quot; created.
16:34:54.749 [main] DEBUG c.g.f.c.m.MetaDataTableImpl - MetaData table &quot;public&quot;.&quot;schema_version&quot; successfully updated to reflect changes
16:34:54.752 [main] INFO  c.g.flyway.core.command.DbInit - Schema initialized with version: 1
16:34:54.752 [main] DEBUG c.g.f.t.j.FlywayTestExecutionListener - ******** Default migrate database for  &apos;com.springapp.mvc.FormTest&apos;.
16:34:54.752 [main] DEBUG c.g.f.c.dbsupport.DbSupportFactory - Jdbc Url: jdbc:postgresql://localhost:5432/spring_test
16:34:54.753 [main] DEBUG c.g.f.c.dbsupport.DbSupportFactory - Database: PostgreSQL 9.3
16:34:54.753 [main] DEBUG com.googlecode.flyway.core.Flyway - DDL Transactions Supported: true
16:34:54.753 [main] DEBUG com.googlecode.flyway.core.Flyway - Schema: public
16:34:54.755 [main] DEBUG c.g.flyway.core.command.DbSchemas - Schema &quot;public&quot; already exists. Skipping schema creation.
16:34:54.769 [main] DEBUG c.g.f.c.m.MetaDataTableTo20FormatUpgrader - No upgrade to the Flyway 2.0 format necessary for metadata table &quot;public&quot;.&quot;schema_version&quot;
16:34:54.772 [main] DEBUG c.g.f.c.m.MetaDataTableTo202FormatUpgrader - No metadata table upgrade to the Flyway 2.0.2 format necessary
16:34:54.774 [main] DEBUG c.g.f.c.m.MetaDataTableTo21FormatUpgrader - No metadata table upgrade to the Flyway 2.1 format necessary
16:34:54.777 [main] DEBUG c.g.f.c.dbsupport.DbSupportFactory - Jdbc Url: jdbc:postgresql://localhost:5432/spring_test
16:34:54.777 [main] DEBUG c.g.f.c.dbsupport.DbSupportFactory - Database: PostgreSQL 9.3
16:34:54.778 [main] DEBUG c.g.flyway.core.dbsupport.Table - Locking table &quot;public&quot;.&quot;schema_version&quot;...
16:34:54.779 [main] DEBUG c.g.flyway.core.dbsupport.Table - Lock acquired for table &quot;public&quot;.&quot;schema_version&quot;
16:34:54.779 [main] DEBUG c.g.f.c.u.s.c.ClassPathScanner - Scanning for classpath resources at &apos;db/migration&apos; (Prefix: &apos;V&apos;, Suffix: &apos;.sql&apos;)
16:34:54.779 [main] DEBUG c.g.f.c.u.s.c.ClassPathScanner - Scanning URL: file:/Users/pivotal/workspace/spring-boot/target/classes/db/migration
16:34:54.779 [main] DEBUG c.g.f.c.u.s.c.FileSystemClassPathLocationScanner - Scanning starting at classpath root in filesystem: /Users/pivotal/workspace/spring-boot/target/classes/
16:34:54.779 [main] DEBUG c.g.f.c.u.s.c.FileSystemClassPathLocationScanner - Scanning for resources in path: /Users/pivotal/workspace/spring-boot/target/classes/db/migration (db/migration)
16:34:54.780 [main] DEBUG c.g.f.c.u.s.c.ClassPathScanner - Found resource: db/migration/V2014_02_11_15_05_51_82__create_account_table.sql
16:34:54.780 [main] DEBUG c.g.f.c.u.s.c.ClassPathScanner - Found resource: db/migration/V2014_02_11_15_06_11_19__modify_account_table.sql
16:34:54.780 [main] DEBUG c.g.f.c.u.s.c.ClassPathScanner - Scanning for classes at &apos;db/migration&apos; (Implementing: &apos;com.googlecode.flyway.core.api.migration.jdbc.JdbcMigration&apos;)
16:34:54.780 [main] DEBUG c.g.f.c.u.s.c.ClassPathScanner - Scanning URL: file:/Users/pivotal/workspace/spring-boot/target/classes/db/migration
16:34:54.780 [main] DEBUG c.g.f.c.u.s.c.FileSystemClassPathLocationScanner - Scanning starting at classpath root in filesystem: /Users/pivotal/workspace/spring-boot/target/classes/
16:34:54.780 [main] DEBUG c.g.f.c.u.s.c.FileSystemClassPathLocationScanner - Scanning for resources in path: /Users/pivotal/workspace/spring-boot/target/classes/db/migration (db/migration)
16:34:54.781 [main] DEBUG c.g.f.c.u.s.c.ClassPathScanner - Filtering out resource: db/migration/V2014_02_11_15_05_51_82__create_account_table.sql (filename: V2014_02_11_15_05_51_82__create_account_table.sql)
16:34:54.781 [main] DEBUG c.g.f.c.u.s.c.ClassPathScanner - Filtering out resource: db/migration/V2014_02_11_15_06_11_19__modify_account_table.sql (filename: V2014_02_11_15_06_11_19__modify_account_table.sql)
16:34:54.781 [main] DEBUG c.g.f.c.u.s.c.ClassPathScanner - Scanning for classes at &apos;db/migration&apos; (Implementing: &apos;com.googlecode.flyway.core.api.migration.spring.SpringJdbcMigration&apos;)
16:34:54.781 [main] DEBUG c.g.f.c.u.s.c.ClassPathScanner - Scanning URL: file:/Users/pivotal/workspace/spring-boot/target/classes/db/migration
16:34:54.781 [main] DEBUG c.g.f.c.u.s.c.FileSystemClassPathLocationScanner - Scanning starting at classpath root in filesystem: /Users/pivotal/workspace/spring-boot/target/classes/
16:34:54.781 [main] DEBUG c.g.f.c.u.s.c.FileSystemClassPathLocationScanner - Scanning for resources in path: /Users/pivotal/workspace/spring-boot/target/classes/db/migration (db/migration)
16:34:54.781 [main] DEBUG c.g.f.c.u.s.c.ClassPathScanner - Filtering out resource: db/migration/V2014_02_11_15_05_51_82__create_account_table.sql (filename: V2014_02_11_15_05_51_82__create_account_table.sql)
16:34:54.781 [main] DEBUG c.g.f.c.u.s.c.ClassPathScanner - Filtering out resource: db/migration/V2014_02_11_15_06_11_19__modify_account_table.sql (filename: V2014_02_11_15_06_11_19__modify_account_table.sql)
16:34:54.781 [main] DEBUG c.g.f.c.u.s.c.ClassPathScanner - Scanning for classes at &apos;db/migration&apos; (Implementing: &apos;com.googlecode.flyway.core.migration.java.JavaMigration&apos;)
16:34:54.781 [main] DEBUG c.g.f.c.u.s.c.ClassPathScanner - Scanning URL: file:/Users/pivotal/workspace/spring-boot/target/classes/db/migration
16:34:54.781 [main] DEBUG c.g.f.c.u.s.c.FileSystemClassPathLocationScanner - Scanning starting at classpath root in filesystem: /Users/pivotal/workspace/spring-boot/target/classes/
16:34:54.781 [main] DEBUG c.g.f.c.u.s.c.FileSystemClassPathLocationScanner - Scanning for resources in path: /Users/pivotal/workspace/spring-boot/target/classes/db/migration (db/migration)
16:34:54.781 [main] DEBUG c.g.f.c.u.s.c.ClassPathScanner - Filtering out resource: db/migration/V2014_02_11_15_05_51_82__create_account_table.sql (filename: V2014_02_11_15_05_51_82__create_account_table.sql)
16:34:54.781 [main] DEBUG c.g.f.c.u.s.c.ClassPathScanner - Filtering out resource: db/migration/V2014_02_11_15_06_11_19__modify_account_table.sql (filename: V2014_02_11_15_06_11_19__modify_account_table.sql)
16:34:54.784 [main] INFO  c.g.flyway.core.command.DbMigrate - Current version of schema &quot;public&quot;: 1
16:34:54.784 [main] INFO  c.g.flyway.core.command.DbMigrate - Migrating schema &quot;public&quot; to version 2014.02.11.15.05.51.82
16:34:54.786 [main] DEBUG c.g.flyway.core.dbsupport.SqlScript - Found statement at line 1: create table account ( id bigint not null, email varchar(255), firstname varchar(255), lastname varchar(255), primary key (id))
16:34:54.786 [main] DEBUG c.g.flyway.core.dbsupport.SqlScript - Found statement at line 2: create sequence hibernate_sequence
16:34:54.786 [main] DEBUG c.g.flyway.core.dbsupport.SqlScript - Executing SQL: create table account ( id bigint not null, email varchar(255), firstname varchar(255), lastname varchar(255), primary key (id))
16:34:54.788 [main] DEBUG c.g.flyway.core.dbsupport.SqlScript - Executing SQL: create sequence hibernate_sequence
16:34:54.789 [main] DEBUG c.g.flyway.core.command.DbMigrate - Successfully completed and committed migration of schema &quot;public&quot; to version 2014.02.11.15.05.51.82
16:34:54.796 [main] DEBUG c.g.f.c.m.MetaDataTableImpl - MetaData table &quot;public&quot;.&quot;schema_version&quot; successfully updated to reflect changes
16:34:54.797 [main] DEBUG c.g.flyway.core.dbsupport.Table - Locking table &quot;public&quot;.&quot;schema_version&quot;...
16:34:54.798 [main] DEBUG c.g.flyway.core.dbsupport.Table - Lock acquired for table &quot;public&quot;.&quot;schema_version&quot;
16:34:54.801 [main] INFO  c.g.flyway.core.command.DbMigrate - Migrating schema &quot;public&quot; to version 2014.02.11.15.06.11.19
16:34:54.802 [main] DEBUG c.g.flyway.core.dbsupport.SqlScript - Found statement at line 1: alter table account alter column firstname set not null
16:34:54.802 [main] DEBUG c.g.flyway.core.dbsupport.SqlScript - Found statement at line 2: alter table account alter column lastname set not null
16:34:54.803 [main] DEBUG c.g.flyway.core.dbsupport.SqlScript - Found statement at line 3: alter table account alter column email set not null
16:34:54.803 [main] DEBUG c.g.flyway.core.dbsupport.SqlScript - Executing SQL: alter table account alter column firstname set not null
16:34:54.803 [main] DEBUG c.g.flyway.core.dbsupport.SqlScript - Executing SQL: alter table account alter column lastname set not null
16:34:54.804 [main] DEBUG c.g.flyway.core.dbsupport.SqlScript - Executing SQL: alter table account alter column email set not null
16:34:54.804 [main] DEBUG c.g.flyway.core.command.DbMigrate - Successfully completed and committed migration of schema &quot;public&quot; to version 2014.02.11.15.06.11.19
16:34:54.807 [main] DEBUG c.g.f.c.m.MetaDataTableImpl - MetaData table &quot;public&quot;.&quot;schema_version&quot; successfully updated to reflect changes
16:34:54.808 [main] DEBUG c.g.flyway.core.dbsupport.Table - Locking table &quot;public&quot;.&quot;schema_version&quot;...
16:34:54.808 [main] DEBUG c.g.flyway.core.dbsupport.Table - Lock acquired for table &quot;public&quot;.&quot;schema_version&quot;
16:34:54.811 [main] INFO  c.g.flyway.core.command.DbMigrate - Successfully applied 2 migrations to schema &quot;public&quot; (execution time 00:00.034s).
16:34:54.811 [main] INFO  c.g.f.t.j.FlywayTestExecutionListener - &lt;--- Finished reset database  for  &apos;com.springapp.mvc.FormTest&apos;.
16:34:54.811 [main] DEBUG o.s.t.annotation.ProfileValueUtils - Retrieved @ProfileValueSourceConfiguration [null] for test class [com.springapp.mvc.FormTest]
16:34:54.811 [main] DEBUG o.s.t.annotation.ProfileValueUtils - Retrieved ProfileValueSource type [class org.springframework.test.annotation.SystemProfileValueSource] for class [com.springapp.mvc.FormTest]
16:34:54.812 [main] DEBUG o.s.t.c.s.DependencyInjectionTestExecutionListener - Performing dependency injection for test context [[DefaultTestContext@286bb11a testClass = FormTest, testInstance = com.springapp.mvc.FormTest@363836b1, testMethod = [null], testException = [null], mergedContextConfiguration = [WebMergedContextConfiguration@62920dc8 testClass = FormTest, locations = &apos;{file:src/main/webapp/WEB-INF/test-dispatcher-servlet.xml}&apos;, classes = &apos;{}&apos;, contextInitializerClasses = &apos;[]&apos;, activeProfiles = &apos;{}&apos;, resourceBasePath = &apos;src/main/webapp&apos;, contextLoader = &apos;org.springframework.test.context.web.WebDelegatingSmartContextLoader&apos;, parent = [null]]]].
16:34:54.812 [main] DEBUG o.s.t.c.CacheAwareContextLoaderDelegate - Retrieved ApplicationContext from cache with key [[WebMergedContextConfiguration@62920dc8 testClass = FormTest, locations = &apos;{file:src/main/webapp/WEB-INF/test-dispatcher-servlet.xml}&apos;, classes = &apos;{}&apos;, contextInitializerClasses = &apos;[]&apos;, activeProfiles = &apos;{}&apos;, resourceBasePath = &apos;src/main/webapp&apos;, contextLoader = &apos;org.springframework.test.context.web.WebDelegatingSmartContextLoader&apos;, parent = [null]]].
16:34:54.814 [main] DEBUG o.s.b.f.s.DefaultListableBeanFactory - Returning cached instance of singleton bean &apos;org.springframework.transaction.config.internalTransactionAdvisor&apos;
16:34:54.814 [main] DEBUG o.s.b.f.s.DefaultListableBeanFactory - Returning cached instance of singleton bean &apos;org.springframework.transaction.config.internalTransactionAdvisor&apos;
16:34:54.891 [main] DEBUG c.g.htmlunit.WebClient - Get page for window named &apos;&apos;, using WebRequestSettings[&lt;url=&quot;http://localhost:3000/&quot;, GET, EncodingType[name=application/x-www-form-urlencoded], [], {}, null&gt;]
16:34:54.891 [main] DEBUG c.g.htmlunit.WebClient - Load response for http://localhost:3000/
16:34:54.913 [main] DEBUG o.a.c.h.params.DefaultHttpParams - Set parameter http.useragent = Jakarta Commons-HttpClient/3.1
16:34:54.914 [main] DEBUG o.a.c.h.params.DefaultHttpParams - Set parameter http.protocol.version = HTTP/1.1
16:34:54.915 [main] DEBUG o.a.c.h.params.DefaultHttpParams - Set parameter http.connection-manager.class = class org.apache.commons.httpclient.SimpleHttpConnectionManager
16:34:54.915 [main] DEBUG o.a.c.h.params.DefaultHttpParams - Set parameter http.protocol.cookie-policy = default
16:34:54.915 [main] DEBUG o.a.c.h.params.DefaultHttpParams - Set parameter http.protocol.element-charset = US-ASCII
16:34:54.915 [main] DEBUG o.a.c.h.params.DefaultHttpParams - Set parameter http.protocol.content-charset = ISO-8859-1
16:34:54.916 [main] DEBUG o.a.c.h.params.DefaultHttpParams - Set parameter http.method.retry-handler = org.apache.commons.httpclient.DefaultHttpMethodRetryHandler@7eb2095a
16:34:54.916 [main] DEBUG o.a.c.h.params.DefaultHttpParams - Set parameter http.dateparser.patterns = [EEE, dd MMM yyyy HH:mm:ss zzz, EEEE, dd-MMM-yy HH:mm:ss zzz, EEE MMM d HH:mm:ss yyyy, EEE, dd-MMM-yyyy HH:mm:ss z, EEE, dd-MMM-yyyy HH-mm-ss z, EEE, dd MMM yy HH:mm:ss z, EEE dd-MMM-yyyy HH:mm:ss z, EEE dd MMM yyyy HH:mm:ss z, EEE dd-MMM-yyyy HH-mm-ss z, EEE dd-MMM-yy HH:mm:ss z, EEE dd MMM yy HH:mm:ss z, EEE,dd-MMM-yy HH:mm:ss z, EEE,dd-MMM-yyyy HH:mm:ss z, EEE, dd-MM-yyyy HH:mm:ss z]
16:34:54.929 [main] DEBUG o.a.commons.httpclient.HttpClient - Java version: 1.7.0_51
16:34:54.930 [main] DEBUG o.a.commons.httpclient.HttpClient - Java vendor: Oracle Corporation
16:34:54.930 [main] DEBUG o.a.commons.httpclient.HttpClient - Java class path: /Users/pivotal/workspace/spring-boot/target/test-classes:/Users/pivotal/workspace/spring-boot/target/classes:/Users/pivotal/.m2/repository/com/jayway/jsonpath/json-path/0.9.1/json-path-0.9.1.jar:/Users/pivotal/.m2/repository/net/minidev/json-smart/1.2/json-smart-1.2.jar:/Users/pivotal/.m2/repository/org/slf4j/slf4j-api/1.7.5/slf4j-api-1.7.5.jar:/Users/pivotal/.m2/repository/com/jayway/jsonpath/json-path-assert/0.9.1/json-path-assert-0.9.1.jar:/Users/pivotal/.m2/repository/org/hamcrest/hamcrest-library/1.3/hamcrest-library-1.3.jar:/Users/pivotal/.m2/repository/org/hamcrest/hamcrest-core/1.3/hamcrest-core-1.3.jar:/Users/pivotal/.m2/repository/org/codehaus/jackson/jackson-mapper-asl/1.9.13/jackson-mapper-asl-1.9.13.jar:/Users/pivotal/.m2/repository/org/codehaus/jackson/jackson-core-asl/1.9.13/jackson-core-asl-1.9.13.jar:/Users/pivotal/.m2/repository/org/glassfish/web/el-impl/2.2/el-impl-2.2.jar:/Users/pivotal/.m2/repository/javax/el/el-api/2.2/el-api-2.2.jar:/Users/pivotal/.m2/repository/org/springframework/boot/spring-boot-starter-web/1.0.0.RC1/spring-boot-starter-web-1.0.0.RC1.jar:/Users/pivotal/.m2/repository/org/springframework/boot/spring-boot-starter/1.0.0.RC1/spring-boot-starter-1.0.0.RC1.jar:/Users/pivotal/.m2/repository/org/springframework/boot/spring-boot/1.0.0.RC1/spring-boot-1.0.0.RC1.jar:/Users/pivotal/.m2/repository/org/springframework/boot/spring-boot-autoconfigure/1.0.0.RC1/spring-boot-autoconfigure-1.0.0.RC1.jar:/Users/pivotal/.m2/repository/org/springframework/boot/spring-boot-starter-logging/1.0.0.RC1/spring-boot-starter-logging-1.0.0.RC1.jar:/Users/pivotal/.m2/repository/org/slf4j/jul-to-slf4j/1.7.5/jul-to-slf4j-1.7.5.jar:/Users/pivotal/.m2/repository/org/slf4j/log4j-over-slf4j/1.7.5/log4j-over-slf4j-1.7.5.jar:/Users/pivotal/.m2/repository/ch/qos/logback/logback-classic/1.0.13/logback-classic-1.0.13.jar:/Users/pivotal/.m2/repository/ch/qos/logback/logback-core/1.0.13/logback-core-1.0.13.jar:/Users/pivotal/.m2/repository/org/springframework/boot/spring-boot-starter-tomcat/1.0.0.RC1/spring-boot-starter-tomcat-1.0.0.RC1.jar:/Users/pivotal/.m2/repository/org/apache/tomcat/embed/tomcat-embed-core/7.0.47/tomcat-embed-core-7.0.47.jar:/Users/pivotal/.m2/repository/org/apache/tomcat/embed/tomcat-embed-logging-juli/7.0.47/tomcat-embed-logging-juli-7.0.47.jar:/Users/pivotal/.m2/repository/com/fasterxml/jackson/core/jackson-databind/2.3.1/jackson-databind-2.3.1.jar:/Users/pivotal/.m2/repository/com/fasterxml/jackson/core/jackson-annotations/2.3.0/jackson-annotations-2.3.0.jar:/Users/pivotal/.m2/repository/com/fasterxml/jackson/core/jackson-core/2.3.1/jackson-core-2.3.1.jar:/Users/pivotal/.m2/repository/org/springframework/boot/spring-boot-starter-actuator/1.0.0.RC1/spring-boot-starter-actuator-1.0.0.RC1.jar:/Users/pivotal/.m2/repository/org/springframework/boot/spring-boot-actuator/1.0.0.RC1/spring-boot-actuator-1.0.0.RC1.jar:/Users/pivotal/.m2/repository/org/springframework/spring-core/4.0.1.RELEASE/spring-core-4.0.1.RELEASE.jar:/Users/pivotal/.m2/repository/commons-logging/commons-logging/1.1.1/commons-logging-1.1.1.jar:/Users/pivotal/.m2/repository/org/springframework/spring-web/4.0.1.RELEASE/spring-web-4.0.1.RELEASE.jar:/Users/pivotal/.m2/repository/org/springframework/spring-aop/4.0.1.RELEASE/spring-aop-4.0.1.RELEASE.jar:/Users/pivotal/.m2/repository/aopalliance/aopalliance/1.0/aopalliance-1.0.jar:/Users/pivotal/.m2/repository/org/springframework/spring-beans/4.0.1.RELEASE/spring-beans-4.0.1.RELEASE.jar:/Users/pivotal/.m2/repository/org/springframework/spring-context/4.0.1.RELEASE/spring-context-4.0.1.RELEASE.jar:/Users/pivotal/.m2/repository/javax/servlet/servlet-api/2.5/servlet-api-2.5.jar:/Users/pivotal/.m2/repository/javax/servlet/jsp/jsp-api/2.1/jsp-api-2.1.jar:/Users/pivotal/.m2/repository/org/springframework/spring-webmvc/4.0.1.RELEASE/spring-webmvc-4.0.1.RELEASE.jar:/Users/pivotal/.m2/repository/org/springframework/spring-expression/4.0.1.RELEASE/spring-expression-4.0.1.RELEASE.jar:/Users/pivotal/.m2/repository/org/springframework/spring-test/4.0.1.RELEASE/spring-test-4.0.1.RELEASE.jar:/Users/pivotal/.m2/repository/junit/junit/4.8.2/junit-4.8.2.jar:/Users/pivotal/.m2/repository/jstl/jstl/1.2/jstl-1.2.jar:/Users/pivotal/.m2/repository/org/springframework/data/spring-data-jpa/1.2.0.RELEASE/spring-data-jpa-1.2.0.RELEASE.jar:/Users/pivotal/.m2/repository/org/springframework/data/spring-data-commons-core/1.4.0.RELEASE/spring-data-commons-core-1.4.0.RELEASE.jar:/Users/pivotal/.m2/repository/org/springframework/spring-orm/3.1.2.RELEASE/spring-orm-3.1.2.RELEASE.jar:/Users/pivotal/.m2/repository/org/springframework/spring-tx/3.1.2.RELEASE/spring-tx-3.1.2.RELEASE.jar:/Users/pivotal/.m2/repository/org/slf4j/jcl-over-slf4j/1.6.1/jcl-over-slf4j-1.6.1.jar:/Users/pivotal/.m2/repository/org/aspectj/aspectjrt/1.6.12/aspectjrt-1.6.12.jar:/Users/pivotal/.m2/repository/org/hibernate/javax/persistence/hibernate-jpa-2.0-api/1.0.0.Final/hibernate-jpa-2.0-api-1.0.0.Final.jar:/Users/pivotal/.m2/repository/org/hibernate/hibernate-entitymanager/3.6.10.Final/hibernate-entitymanager-3.6.10.Final.jar:/Users/pivotal/.m2/repository/org/hibernate/hibernate-core/3.6.10.Final/hibernate-core-3.6.10.Final.jar:/Users/pivotal/.m2/repository/antlr/antlr/2.7.6/antlr-2.7.6.jar:/Users/pivotal/.m2/repository/dom4j/dom4j/1.6.1/dom4j-1.6.1.jar:/Users/pivotal/.m2/repository/org/hibernate/hibernate-commons-annotations/3.2.0.Final/hibernate-commons-annotations-3.2.0.Final.jar:/Users/pivotal/.m2/repository/javax/transaction/jta/1.1/jta-1.1.jar:/Users/pivotal/.m2/repository/cglib/cglib/2.2/cglib-2.2.jar:/Users/pivotal/.m2/repository/asm/asm/3.1/asm-3.1.jar:/Users/pivotal/.m2/repository/javassist/javassist/3.12.0.GA/javassist-3.12.0.GA.jar:/Users/pivotal/.m2/repository/javax/validation/validation-api/1.1.0.Final/validation-api-1.1.0.Final.jar:/Users/pivotal/.m2/repository/org/hibernate/hibernate-validator/5.0.3.Final/hibernate-validator-5.0.3.Final.jar:/Users/pivotal/.m2/repository/org/jboss/logging/jboss-logging/3.1.1.GA/jboss-logging-3.1.1.GA.jar:/Users/pivotal/.m2/repository/com/fasterxml/classmate/1.0.0/classmate-1.0.0.jar:/Users/pivotal/.m2/repository/org/hibernate/hibernate-validator-cdi/5.0.3.Final/hibernate-validator-cdi-5.0.3.Final.jar:/Users/pivotal/.m2/repository/org/hsqldb/hsqldb/2.2.9/hsqldb-2.2.9.jar:/Users/pivotal/.m2/repository/org/json/json/20080701/json-20080701.jar:/Users/pivotal/.m2/repository/postgresql/postgresql/9.1-901-1.jdbc4/postgresql-9.1-901-1.jdbc4.jar:/Users/pivotal/.m2/repository/org/aspectj/aspectjweaver/1.7.4/aspectjweaver-1.7.4.jar:/Users/pivotal/.m2/repository/net/sourceforge/htmlunit/htmlunit/2.4/htmlunit-2.4.jar:/Users/pivotal/.m2/repository/xalan/xalan/2.7.1/xalan-2.7.1.jar:/Users/pivotal/.m2/repository/xalan/serializer/2.7.1/serializer-2.7.1.jar:/Users/pivotal/.m2/repository/xml-apis/xml-apis/1.3.04/xml-apis-1.3.04.jar:/Users/pivotal/.m2/repository/commons-collections/commons-collections/3.2.1/commons-collections-3.2.1.jar:/Users/pivotal/.m2/repository/commons-lang/commons-lang/2.4/commons-lang-2.4.jar:/Users/pivotal/.m2/repository/commons-httpclient/commons-httpclient/3.1/commons-httpclient-3.1.jar:/Users/pivotal/.m2/repository/commons-codec/commons-codec/1.3/commons-codec-1.3.jar:/Users/pivotal/.m2/repository/net/sourceforge/htmlunit/htmlunit-core-js/2.4/htmlunit-core-js-2.4.jar:/Users/pivotal/.m2/repository/net/sourceforge/nekohtml/nekohtml/1.9.11/nekohtml-1.9.11.jar:/Users/pivotal/.m2/repository/xerces/xercesImpl/2.8.1/xercesImpl-2.8.1.jar:/Users/pivotal/.m2/repository/net/sourceforge/cssparser/cssparser/0.9.5/cssparser-0.9.5.jar:/Users/pivotal/.m2/repository/org/w3c/css/sac/1.3/sac-1.3.jar:/Users/pivotal/.m2/repository/commons-io/commons-io/1.4/commons-io-1.4.jar:/Users/pivotal/.m2/repository/org/apache/maven/plugins/maven-war-plugin/2.3/maven-war-plugin-2.3.jar:/Users/pivotal/.m2/repository/org/apache/maven/maven-plugin-api/2.0.6/maven-plugin-api-2.0.6.jar:/Users/pivotal/.m2/repository/org/apache/maven/maven-artifact/2.0.6/maven-artifact-2.0.6.jar:/Users/pivotal/.m2/repository/org/apache/maven/maven-model/2.0.6/maven-model-2.0.6.jar:/Users/pivotal/.m2/repository/org/apache/maven/maven-project/2.0.6/maven-project-2.0.6.jar:/Users/pivotal/.m2/repository/org/apache/maven/maven-profile/2.0.6/maven-profile-2.0.6.jar:/Users/pivotal/.m2/repository/org/apache/maven/maven-artifact-manager/2.0.6/maven-artifact-manager-2.0.6.jar:/Users/pivotal/.m2/repository/org/apache/maven/maven-plugin-registry/2.0.6/maven-plugin-registry-2.0.6.jar:/Users/pivotal/.m2/repository/org/apache/maven/maven-core/2.0.6/maven-core-2.0.6.jar:/Users/pivotal/.m2/repository/org/apache/maven/wagon/wagon-file/1.0-beta-2/wagon-file-1.0-beta-2.jar:/Users/pivotal/.m2/repository/org/apache/maven/maven-plugin-parameter-documenter/2.0.6/maven-plugin-parameter-documenter-2.0.6.jar:/Users/pivotal/.m2/repository/org/apache/maven/wagon/wagon-http-lightweight/1.0-beta-2/wagon-http-lightweight-1.0-beta-2.jar:/Users/pivotal/.m2/repository/org/apache/maven/wagon/wagon-http-shared/1.0-beta-2/wagon-http-shared-1.0-beta-2.jar:/Users/pivotal/.m2/repository/jtidy/jtidy/4aug2000r7-dev/jtidy-4aug2000r7-dev.jar:/Users/pivotal/.m2/repository/org/apache/maven/reporting/maven-reporting-api/2.0.6/maven-reporting-api-2.0.6.jar:/Users/pivotal/.m2/repository/org/apache/maven/doxia/doxia-sink-api/1.0-alpha-7/doxia-sink-api-1.0-alpha-7.jar:/Users/pivotal/.m2/repository/org/apache/maven/wagon/wagon-provider-api/1.0-beta-2/wagon-provider-api-1.0-beta-2.jar:/Users/pivotal/.m2/repository/org/apache/maven/maven-repository-metadata/2.0.6/maven-repository-metadata-2.0.6.jar:/Users/pivotal/.m2/repository/org/apache/maven/maven-error-diagnostics/2.0.6/maven-error-diagnostics-2.0.6.jar:/Users/pivotal/.m2/repository/commons-cli/commons-cli/1.0/commons-cli-1.0.jar:/Users/pivotal/.m2/repository/org/apache/maven/wagon/wagon-ssh-external/1.0-beta-2/wagon-ssh-external-1.0-beta-2.jar:/Users/pivotal/.m2/repository/org/apache/maven/wagon/wagon-ssh-common/1.0-beta-2/wagon-ssh-common-1.0-beta-2.jar:/Users/pivotal/.m2/repository/org/apache/maven/maven-plugin-descriptor/2.0.6/maven-plugin-descriptor-2.0.6.jar:/Users/pivotal/.m2/repository/org/codehaus/plexus/plexus-interactivity-api/1.0-alpha-4/plexus-interactivity-api-1.0-alpha-4.jar:/Users/pivotal/.m2/repository/org/apache/maven/wagon/wagon-ssh/1.0-beta-2/wagon-ssh-1.0-beta-2.jar:/Users/pivotal/.m2/repository/com/jcraft/jsch/0.1.27/jsch-0.1.27.jar:/Users/pivotal/.m2/repository/classworlds/classworlds/1.1/classworlds-1.1.jar:/Users/pivotal/.m2/repository/org/apache/maven/maven-settings/2.0.6/maven-settings-2.0.6.jar:/Users/pivotal/.m2/repository/org/apache/maven/maven-monitor/2.0.6/maven-monitor-2.0.6.jar:/Users/pivotal/.m2/repository/org/apache/maven/maven-archiver/2.5/maven-archiver-2.5.jar:/Users/pivotal/.m2/repository/org/codehaus/plexus/plexus-io/2.0.5/plexus-io-2.0.5.jar:/Users/pivotal/.m2/repository/org/codehaus/plexus/plexus-archiver/2.2/plexus-archiver-2.2.jar:/Users/pivotal/.m2/repository/org/codehaus/plexus/plexus-interpolation/1.15/plexus-interpolation-1.15.jar:/Users/pivotal/.m2/repository/org/codehaus/plexus/plexus-container-default/1.0-alpha-9-stable-1/plexus-container-default-1.0-alpha-9-stable-1.jar:/Users/pivotal/.m2/repository/com/thoughtworks/xstream/xstream/1.4.3/xstream-1.4.3.jar:/Users/pivotal/.m2/repository/xmlpull/xmlpull/1.1.3.1/xmlpull-1.1.3.1.jar:/Users/pivotal/.m2/repository/xpp3/xpp3_min/1.1.4c/xpp3_min-1.1.4c.jar:/Users/pivotal/.m2/repository/org/codehaus/plexus/plexus-utils/3.0.8/plexus-utils-3.0.8.jar:/Users/pivotal/.m2/repository/org/apache/maven/shared/maven-filtering/1.0-beta-2/maven-filtering-1.0-beta-2.jar:/Users/pivotal/.m2/repository/com/googlecode/flyway-test-extensions/flyway-spring4-test/2.3-SNAPSHOT/flyway-spring4-test-2.3-SNAPSHOT.jar:/Users/pivotal/.m2/repository/org/springframework/spring-jdbc/4.0.1.RELEASE/spring-jdbc-4.0.1.RELEASE.jar:/Users/pivotal/.m2/repository/org/slf4j/slf4j-simple/1.5.6/slf4j-simple-1.5.6.jar:/Users/pivotal/.m2/repository/commons-dbcp/commons-dbcp/1.4/commons-dbcp-1.4.jar:/Users/pivotal/.m2/repository/commons-pool/commons-pool/1.5.4/commons-pool-1.5.4.jar:/Users/pivotal/.m2/repository/com/googlecode/flyway/flyway-core/2.3/flyway-core-2.3.jar:/Users/pivotal/.m2/repository/org/mortbay/jetty/maven-jetty6-plugin/6.0.0beta17/maven-jetty6-plugin-6.0.0beta17.jar:/Users/pivotal/.m2/repository/commons-el/commons-el/1.0/commons-el-1.0.jar:/Users/pivotal/.m2/repository/org/mortbay/jetty/jetty/6.0.0beta17/jetty-6.0.0beta17.jar:/Users/pivotal/.m2/repository/org/mortbay/jetty/jetty-util/6.0.0beta17/jetty-util-6.0.0beta17.jar:/Users/pivotal/.m2/repository/org/mortbay/jetty/servlet-api-2.5/6.0.0beta17/servlet-api-2.5-6.0.0beta17.jar:/Users/pivotal/.m2/repository/org/apache/maven/maven-plugin-tools-api/2.0/maven-plugin-tools-api-2.0.jar:/Users/pivotal/.m2/repository/org/mortbay/jetty/maven-plugin-utils/6.0.0beta17/maven-plugin-utils-6.0.0beta17.jar:/Users/pivotal/.m2/repository/org/mortbay/jetty/jetty-plus/6.0.0beta17/jetty-plus-6.0.0beta17.jar:/Users/pivotal/.m2/repository/geronimo-spec/geronimo-spec-jta/1.0.1B-rc4/geronimo-spec-jta-1.0.1B-rc4.jar:/Users/pivotal/.m2/repository/ant/ant/1.6.4/ant-1.6.4.jar:/Users/pivotal/.m2/repository/org/mortbay/jetty/jetty-naming/6.0.0beta17/jetty-naming-6.0.0beta17.jar:/Users/pivotal/.m2/repository/org/mortbay/jetty/jetty-management/6.0.0beta17/jetty-management-6.0.0beta17.jar:/Users/pivotal/.m2/repository/mx4j/mx4j/3.0.1/mx4j-3.0.1.jar:/Users/pivotal/.m2/repository/mx4j/mx4j-tools/3.0.1/mx4j-tools-3.0.1.jar:/Users/pivotal/.m2/repository/org/mortbay/jetty/start/6.0.0beta17/start-6.0.0beta17.jar:/Users/pivotal/.m2/repository/org/apache/tomcat/tomcat-catalina/7.0.47/tomcat-catalina-7.0.47.jar:/Users/pivotal/.m2/repository/org/apache/tomcat/tomcat-servlet-api/7.0.47/tomcat-servlet-api-7.0.47.jar:/Users/pivotal/.m2/repository/org/apache/tomcat/tomcat-juli/7.0.47/tomcat-juli-7.0.47.jar:/Users/pivotal/.m2/repository/org/apache/tomcat/tomcat-annotations-api/7.0.47/tomcat-annotations-api-7.0.47.jar:/Users/pivotal/.m2/repository/org/apache/tomcat/tomcat-api/7.0.47/tomcat-api-7.0.47.jar:/Users/pivotal/.m2/repository/org/apache/tomcat/tomcat-util/7.0.47/tomcat-util-7.0.47.jar:
16:34:54.931 [main] DEBUG o.a.commons.httpclient.HttpClient - Operating system name: Mac OS X
16:34:54.932 [main] DEBUG o.a.commons.httpclient.HttpClient - Operating system architecture: x86_64
16:34:54.932 [main] DEBUG o.a.commons.httpclient.HttpClient - Operating system version: 10.8.5
16:34:54.972 [main] DEBUG o.a.commons.httpclient.HttpClient - SUN 1.7: SUN (DSA key/parameter generation; DSA signing; SHA-1, MD5 digests; SecureRandom; X.509 certificates; JKS keystore; PKIX CertPathValidator; PKIX CertPathBuilder; LDAP, Collection CertStores, JavaPolicy Policy; JavaLoginConfig Configuration)
16:34:54.972 [main] DEBUG o.a.commons.httpclient.HttpClient - SunRsaSign 1.7: Sun RSA signature provider
16:34:54.972 [main] DEBUG o.a.commons.httpclient.HttpClient - SunEC 1.7: Sun Elliptic Curve provider (EC, ECDSA, ECDH)
16:34:54.972 [main] DEBUG o.a.commons.httpclient.HttpClient - SunJSSE 1.7: Sun JSSE provider(PKCS12, SunX509 key/trust factories, SSLv3, TLSv1)
16:34:54.972 [main] DEBUG o.a.commons.httpclient.HttpClient - SunJCE 1.7: SunJCE Provider (implements RSA, DES, Triple DES, AES, Blowfish, ARCFOUR, RC2, PBE, Diffie-Hellman, HMAC)
16:34:54.973 [main] DEBUG o.a.commons.httpclient.HttpClient - SunJGSS 1.7: Sun (Kerberos v5, SPNEGO)
16:34:54.973 [main] DEBUG o.a.commons.httpclient.HttpClient - SunSASL 1.7: Sun SASL provider(implements client mechanisms for: DIGEST-MD5, GSSAPI, EXTERNAL, PLAIN, CRAM-MD5, NTLM; server mechanisms for: DIGEST-MD5, GSSAPI, CRAM-MD5, NTLM)
16:34:54.973 [main] DEBUG o.a.commons.httpclient.HttpClient - XMLDSig 1.0: XMLDSig (DOM XMLSignatureFactory; DOM KeyInfoFactory)
16:34:54.973 [main] DEBUG o.a.commons.httpclient.HttpClient - SunPCSC 1.7: Sun PC/SC provider
16:34:54.973 [main] DEBUG o.a.commons.httpclient.HttpClient - Apple 1.1: Apple Provider
16:34:54.975 [main] DEBUG o.a.c.h.params.DefaultHttpParams - Set parameter http.socket.timeout = 0
16:34:54.975 [main] DEBUG o.a.c.h.params.DefaultHttpParams - Set parameter http.connection.timeout = 0
16:34:54.975 [main] DEBUG o.a.c.h.params.DefaultHttpParams - Set parameter http.authentication.credential-provider = com.gargoylesoftware.htmlunit.DefaultCredentialsProvider@2365ab99
16:34:54.980 [main] DEBUG o.a.c.h.params.DefaultHttpParams - Set parameter http.protocol.single-cookie-header = true
16:34:54.980 [main] DEBUG o.a.c.h.params.DefaultHttpParams - Set parameter http.protocol.cookie-policy = compatibility
16:34:54.985 [main] DEBUG o.a.c.h.MultiThreadedHttpConnectionManager - HttpConnectionManager.getConnection:  config = HostConfiguration[host=http://localhost:3000], timeout = 0
16:34:54.986 [main] DEBUG o.a.c.h.MultiThreadedHttpConnectionManager - Allocating new connection, hostConfig=HostConfiguration[host=http://localhost:3000]
16:34:54.988 [main] DEBUG o.a.c.httpclient.HttpConnection - Open connection to localhost:3000
16:34:54.988 [main] DEBUG o.a.c.httpclient.HttpMethodDirector - Closing the connection.
16:34:54.989 [main] INFO  o.a.c.httpclient.HttpMethodDirector - I/O exception (java.net.ConnectException) caught when processing request: Connection refused
16:34:54.990 [main] DEBUG o.a.c.httpclient.HttpMethodDirector - Connection refused
java.net.ConnectException: Connection refused
	at java.net.PlainSocketImpl.socketConnect(Native Method) ~[na:1.7.0_51]
	at java.net.AbstractPlainSocketImpl.doConnect(AbstractPlainSocketImpl.java:339) ~[na:1.7.0_51]
	at java.net.AbstractPlainSocketImpl.connectToAddress(AbstractPlainSocketImpl.java:200) ~[na:1.7.0_51]
	at java.net.AbstractPlainSocketImpl.connect(AbstractPlainSocketImpl.java:182) ~[na:1.7.0_51]
	at java.net.SocksSocketImpl.connect(SocksSocketImpl.java:392) ~[na:1.7.0_51]
	at java.net.Socket.connect(Socket.java:579) ~[na:1.7.0_51]
	at java.net.Socket.connect(Socket.java:528) ~[na:1.7.0_51]
	at java.net.Socket.&lt;init&gt;(Socket.java:425) ~[na:1.7.0_51]
	at java.net.Socket.&lt;init&gt;(Socket.java:280) ~[na:1.7.0_51]
	at org.apache.commons.httpclient.protocol.DefaultProtocolSocketFactory.createSocket(DefaultProtocolSocketFactory.java:80) ~[commons-httpclient-3.1.jar:na]
	at org.apache.commons.httpclient.protocol.DefaultProtocolSocketFactory.createSocket(DefaultProtocolSocketFactory.java:122) ~[commons-httpclient-3.1.jar:na]
	at org.apache.commons.httpclient.HttpConnection.open(HttpConnection.java:707) ~[commons-httpclient-3.1.jar:na]
	at org.apache.commons.httpclient.MultiThreadedHttpConnectionManager$HttpConnectionAdapter.open(MultiThreadedHttpConnectionManager.java:1361) ~[commons-httpclient-3.1.jar:na]
	at org.apache.commons.httpclient.HttpMethodDirector.executeWithRetry(HttpMethodDirector.java:387) [commons-httpclient-3.1.jar:na]
	at org.apache.commons.httpclient.HttpMethodDirector.executeMethod(HttpMethodDirector.java:171) [commons-httpclient-3.1.jar:na]
	at org.apache.commons.httpclient.HttpClient.executeMethod(HttpClient.java:397) [commons-httpclient-3.1.jar:na]
	at org.apache.commons.httpclient.HttpClient.executeMethod(HttpClient.java:346) [commons-httpclient-3.1.jar:na]
	at com.gargoylesoftware.htmlunit.HttpWebConnection.getResponse(HttpWebConnection.java:97) [htmlunit-2.4.jar:2.4]
	at com.gargoylesoftware.htmlunit.WebClient.loadWebResponseFromWebConnection(WebClient.java:1487) [htmlunit-2.4.jar:2.4]
	at com.gargoylesoftware.htmlunit.WebClient.loadWebResponse(WebClient.java:1445) [htmlunit-2.4.jar:2.4]
	at com.gargoylesoftware.htmlunit.WebClient.getPage(WebClient.java:323) [htmlunit-2.4.jar:2.4]
	at com.gargoylesoftware.htmlunit.WebClient.getPage(WebClient.java:384) [htmlunit-2.4.jar:2.4]
	at com.gargoylesoftware.htmlunit.WebClient.getPage(WebClient.java:369) [htmlunit-2.4.jar:2.4]
	at com.springapp.mvc.FormTest.postForm(FormTest.java:45) [test-classes/:na]
	at sun.reflect.NativeMethodAccessorImpl.invoke0(Native Method) ~[na:1.7.0_51]
	at sun.reflect.NativeMethodAccessorImpl.invoke(NativeMethodAccessorImpl.java:57) ~[na:1.7.0_51]
	at sun.reflect.DelegatingMethodAccessorImpl.invoke(DelegatingMethodAccessorImpl.java:43) ~[na:1.7.0_51]
	at java.lang.reflect.Method.invoke(Method.java:606) ~[na:1.7.0_51]
	at org.junit.runners.model.FrameworkMethod$1.runReflectiveCall(FrameworkMethod.java:44) [junit-4.8.2.jar:na]
	at org.junit.internal.runners.model.ReflectiveCallable.run(ReflectiveCallable.java:15) [junit-4.8.2.jar:na]
	at org.junit.runners.model.FrameworkMethod.invokeExplosively(FrameworkMethod.java:41) [junit-4.8.2.jar:na]
	at org.junit.internal.runners.statements.InvokeMethod.evaluate(InvokeMethod.java:20) [junit-4.8.2.jar:na]
	at org.springframework.test.context.junit4.statements.RunBeforeTestMethodCallbacks.evaluate(RunBeforeTestMethodCallbacks.java:74) [spring-test-4.0.1.RELEASE.jar:4.0.1.RELEASE]
	at org.springframework.test.context.junit4.statements.RunAfterTestMethodCallbacks.evaluate(RunAfterTestMethodCallbacks.java:83) [spring-test-4.0.1.RELEASE.jar:4.0.1.RELEASE]
	at org.springframework.test.context.junit4.statements.SpringRepeat.evaluate(SpringRepeat.java:72) [spring-test-4.0.1.RELEASE.jar:4.0.1.RELEASE]
	at org.springframework.test.context.junit4.SpringJUnit4ClassRunner.runChild(SpringJUnit4ClassRunner.java:232) [spring-test-4.0.1.RELEASE.jar:4.0.1.RELEASE]
	at org.springframework.test.context.junit4.SpringJUnit4ClassRunner.runChild(SpringJUnit4ClassRunner.java:89) [spring-test-4.0.1.RELEASE.jar:4.0.1.RELEASE]
	at org.junit.runners.ParentRunner$3.run(ParentRunner.java:193) [junit-4.8.2.jar:na]
	at org.junit.runners.ParentRunner$1.schedule(ParentRunner.java:52) [junit-4.8.2.jar:na]
	at org.junit.runners.ParentRunner.runChildren(ParentRunner.java:191) [junit-4.8.2.jar:na]
	at org.junit.runners.ParentRunner.access$000(ParentRunner.java:42) [junit-4.8.2.jar:na]
	at org.junit.runners.ParentRunner$2.evaluate(ParentRunner.java:184) [junit-4.8.2.jar:na]
	at org.springframework.test.context.junit4.statements.RunBeforeTestClassCallbacks.evaluate(RunBeforeTestClassCallbacks.java:61) [spring-test-4.0.1.RELEASE.jar:4.0.1.RELEASE]
	at org.springframework.test.context.junit4.statements.RunAfterTestClassCallbacks.evaluate(RunAfterTestClassCallbacks.java:71) [spring-test-4.0.1.RELEASE.jar:4.0.1.RELEASE]
	at org.junit.runners.ParentRunner.run(ParentRunner.java:236) [junit-4.8.2.jar:na]
	at org.springframework.test.context.junit4.SpringJUnit4ClassRunner.run(SpringJUnit4ClassRunner.java:175) [spring-test-4.0.1.RELEASE.jar:4.0.1.RELEASE]
	at org.apache.maven.surefire.junit4.JUnit4TestSet.execute(JUnit4TestSet.java:53) [surefire-junit4-2.10.jar:2.10]
	at org.apache.maven.surefire.junit4.JUnit4Provider.executeTestSet(JUnit4Provider.java:123) [surefire-junit4-2.10.jar:2.10]
	at org.apache.maven.surefire.junit4.JUnit4Provider.invoke(JUnit4Provider.java:104) [surefire-junit4-2.10.jar:2.10]
	at sun.reflect.NativeMethodAccessorImpl.invoke0(Native Method) ~[na:1.7.0_51]
	at sun.reflect.NativeMethodAccessorImpl.invoke(NativeMethodAccessorImpl.java:57) ~[na:1.7.0_51]
	at sun.reflect.DelegatingMethodAccessorImpl.invoke(DelegatingMethodAccessorImpl.java:43) ~[na:1.7.0_51]
	at java.lang.reflect.Method.invoke(Method.java:606) ~[na:1.7.0_51]
	at org.apache.maven.surefire.util.ReflectionUtils.invokeMethodWithArray(ReflectionUtils.java:164) [surefire-api-2.10.jar:2.10]
	at org.apache.maven.surefire.booter.ProviderFactory$ProviderProxy.invoke(ProviderFactory.java:110) [surefire-booter-2.10.jar:2.10]
	at org.apache.maven.surefire.booter.SurefireStarter.invokeProvider(SurefireStarter.java:175) [surefire-booter-2.10.jar:2.10]
	at org.apache.maven.surefire.booter.SurefireStarter.runSuitesInProcessWhenForked(SurefireStarter.java:107) [surefire-booter-2.10.jar:2.10]
	at org.apache.maven.surefire.booter.ForkedBooter.main(ForkedBooter.java:68) [surefire-booter-2.10.jar:2.10]
16:34:54.990 [main] INFO  o.a.c.httpclient.HttpMethodDirector - Retrying request
16:34:54.990 [main] DEBUG o.a.c.httpclient.HttpConnection - Open connection to localhost:3000
16:34:54.990 [main] DEBUG o.a.c.httpclient.HttpMethodDirector - Closing the connection.
16:34:54.990 [main] INFO  o.a.c.httpclient.HttpMethodDirector - I/O exception (java.net.ConnectException) caught when processing request: Connection refused
16:34:54.991 [main] DEBUG o.a.c.httpclient.HttpMethodDirector - Connection refused
java.net.ConnectException: Connection refused
	at java.net.PlainSocketImpl.socketConnect(Native Method) ~[na:1.7.0_51]
	at java.net.AbstractPlainSocketImpl.doConnect(AbstractPlainSocketImpl.java:339) ~[na:1.7.0_51]
	at java.net.AbstractPlainSocketImpl.connectToAddress(AbstractPlainSocketImpl.java:200) ~[na:1.7.0_51]
	at java.net.AbstractPlainSocketImpl.connect(AbstractPlainSocketImpl.java:182) ~[na:1.7.0_51]
	at java.net.SocksSocketImpl.connect(SocksSocketImpl.java:392) ~[na:1.7.0_51]
	at java.net.Socket.connect(Socket.java:579) ~[na:1.7.0_51]
	at java.net.Socket.connect(Socket.java:528) ~[na:1.7.0_51]
	at java.net.Socket.&lt;init&gt;(Socket.java:425) ~[na:1.7.0_51]
	at java.net.Socket.&lt;init&gt;(Socket.java:280) ~[na:1.7.0_51]
	at org.apache.commons.httpclient.protocol.DefaultProtocolSocketFactory.createSocket(DefaultProtocolSocketFactory.java:80) ~[commons-httpclient-3.1.jar:na]
	at org.apache.commons.httpclient.protocol.DefaultProtocolSocketFactory.createSocket(DefaultProtocolSocketFactory.java:122) ~[commons-httpclient-3.1.jar:na]
	at org.apache.commons.httpclient.HttpConnection.open(HttpConnection.java:707) ~[commons-httpclient-3.1.jar:na]
	at org.apache.commons.httpclient.MultiThreadedHttpConnectionManager$HttpConnectionAdapter.open(MultiThreadedHttpConnectionManager.java:1361) ~[commons-httpclient-3.1.jar:na]
	at org.apache.commons.httpclient.HttpMethodDirector.executeWithRetry(HttpMethodDirector.java:387) [commons-httpclient-3.1.jar:na]
	at org.apache.commons.httpclient.HttpMethodDirector.executeMethod(HttpMethodDirector.java:171) [commons-httpclient-3.1.jar:na]
	at org.apache.commons.httpclient.HttpClient.executeMethod(HttpClient.java:397) [commons-httpclient-3.1.jar:na]
	at org.apache.commons.httpclient.HttpClient.executeMethod(HttpClient.java:346) [commons-httpclient-3.1.jar:na]
	at com.gargoylesoftware.htmlunit.HttpWebConnection.getResponse(HttpWebConnection.java:97) [htmlunit-2.4.jar:2.4]
	at com.gargoylesoftware.htmlunit.WebClient.loadWebResponseFromWebConnection(WebClient.java:1487) [htmlunit-2.4.jar:2.4]
	at com.gargoylesoftware.htmlunit.WebClient.loadWebResponse(WebClient.java:1445) [htmlunit-2.4.jar:2.4]
	at com.gargoylesoftware.htmlunit.WebClient.getPage(WebClient.java:323) [htmlunit-2.4.jar:2.4]
	at com.gargoylesoftware.htmlunit.WebClient.getPage(WebClient.java:384) [htmlunit-2.4.jar:2.4]
	at com.gargoylesoftware.htmlunit.WebClient.getPage(WebClient.java:369) [htmlunit-2.4.jar:2.4]
	at com.springapp.mvc.FormTest.postForm(FormTest.java:45) [test-classes/:na]
	at sun.reflect.NativeMethodAccessorImpl.invoke0(Native Method) ~[na:1.7.0_51]
	at sun.reflect.NativeMethodAccessorImpl.invoke(NativeMethodAccessorImpl.java:57) ~[na:1.7.0_51]
	at sun.reflect.DelegatingMethodAccessorImpl.invoke(DelegatingMethodAccessorImpl.java:43) ~[na:1.7.0_51]
	at java.lang.reflect.Method.invoke(Method.java:606) ~[na:1.7.0_51]
	at org.junit.runners.model.FrameworkMethod$1.runReflectiveCall(FrameworkMethod.java:44) [junit-4.8.2.jar:na]
	at org.junit.internal.runners.model.ReflectiveCallable.run(ReflectiveCallable.java:15) [junit-4.8.2.jar:na]
	at org.junit.runners.model.FrameworkMethod.invokeExplosively(FrameworkMethod.java:41) [junit-4.8.2.jar:na]
	at org.junit.internal.runners.statements.InvokeMethod.evaluate(InvokeMethod.java:20) [junit-4.8.2.jar:na]
	at org.springframework.test.context.junit4.statements.RunBeforeTestMethodCallbacks.evaluate(RunBeforeTestMethodCallbacks.java:74) [spring-test-4.0.1.RELEASE.jar:4.0.1.RELEASE]
	at org.springframework.test.context.junit4.statements.RunAfterTestMethodCallbacks.evaluate(RunAfterTestMethodCallbacks.java:83) [spring-test-4.0.1.RELEASE.jar:4.0.1.RELEASE]
	at org.springframework.test.context.junit4.statements.SpringRepeat.evaluate(SpringRepeat.java:72) [spring-test-4.0.1.RELEASE.jar:4.0.1.RELEASE]
	at org.springframework.test.context.junit4.SpringJUnit4ClassRunner.runChild(SpringJUnit4ClassRunner.java:232) [spring-test-4.0.1.RELEASE.jar:4.0.1.RELEASE]
	at org.springframework.test.context.junit4.SpringJUnit4ClassRunner.runChild(SpringJUnit4ClassRunner.java:89) [spring-test-4.0.1.RELEASE.jar:4.0.1.RELEASE]
	at org.junit.runners.ParentRunner$3.run(ParentRunner.java:193) [junit-4.8.2.jar:na]
	at org.junit.runners.ParentRunner$1.schedule(ParentRunner.java:52) [junit-4.8.2.jar:na]
	at org.junit.runners.ParentRunner.runChildren(ParentRunner.java:191) [junit-4.8.2.jar:na]
	at org.junit.runners.ParentRunner.access$000(ParentRunner.java:42) [junit-4.8.2.jar:na]
	at org.junit.runners.ParentRunner$2.evaluate(ParentRunner.java:184) [junit-4.8.2.jar:na]
	at org.springframework.test.context.junit4.statements.RunBeforeTestClassCallbacks.evaluate(RunBeforeTestClassCallbacks.java:61) [spring-test-4.0.1.RELEASE.jar:4.0.1.RELEASE]
	at org.springframework.test.context.junit4.statements.RunAfterTestClassCallbacks.evaluate(RunAfterTestClassCallbacks.java:71) [spring-test-4.0.1.RELEASE.jar:4.0.1.RELEASE]
	at org.junit.runners.ParentRunner.run(ParentRunner.java:236) [junit-4.8.2.jar:na]
	at org.springframework.test.context.junit4.SpringJUnit4ClassRunner.run(SpringJUnit4ClassRunner.java:175) [spring-test-4.0.1.RELEASE.jar:4.0.1.RELEASE]
	at org.apache.maven.surefire.junit4.JUnit4TestSet.execute(JUnit4TestSet.java:53) [surefire-junit4-2.10.jar:2.10]
	at org.apache.maven.surefire.junit4.JUnit4Provider.executeTestSet(JUnit4Provider.java:123) [surefire-junit4-2.10.jar:2.10]
	at org.apache.maven.surefire.junit4.JUnit4Provider.invoke(JUnit4Provider.java:104) [surefire-junit4-2.10.jar:2.10]
	at sun.reflect.NativeMethodAccessorImpl.invoke0(Native Method) ~[na:1.7.0_51]
	at sun.reflect.NativeMethodAccessorImpl.invoke(NativeMethodAccessorImpl.java:57) ~[na:1.7.0_51]
	at sun.reflect.DelegatingMethodAccessorImpl.invoke(DelegatingMethodAccessorImpl.java:43) ~[na:1.7.0_51]
	at java.lang.reflect.Method.invoke(Method.java:606) ~[na:1.7.0_51]
	at org.apache.maven.surefire.util.ReflectionUtils.invokeMethodWithArray(ReflectionUtils.java:164) [surefire-api-2.10.jar:2.10]
	at org.apache.maven.surefire.booter.ProviderFactory$ProviderProxy.invoke(ProviderFactory.java:110) [surefire-booter-2.10.jar:2.10]
	at org.apache.maven.surefire.booter.SurefireStarter.invokeProvider(SurefireStarter.java:175) [surefire-booter-2.10.jar:2.10]
	at org.apache.maven.surefire.booter.SurefireStarter.runSuitesInProcessWhenForked(SurefireStarter.java:107) [surefire-booter-2.10.jar:2.10]
	at org.apache.maven.surefire.booter.ForkedBooter.main(ForkedBooter.java:68) [surefire-booter-2.10.jar:2.10]
16:34:55.028 [main] INFO  o.a.c.httpclient.HttpMethodDirector - Retrying request
16:34:55.028 [main] DEBUG o.a.c.httpclient.HttpConnection - Open connection to localhost:3000
16:34:55.029 [main] DEBUG o.a.c.httpclient.HttpMethodDirector - Closing the connection.
16:34:55.029 [main] INFO  o.a.c.httpclient.HttpMethodDirector - I/O exception (java.net.ConnectException) caught when processing request: Connection refused
16:34:55.031 [main] DEBUG o.a.c.httpclient.HttpMethodDirector - Connection refused
java.net.ConnectException: Connection refused
	at java.net.PlainSocketImpl.socketConnect(Native Method) ~[na:1.7.0_51]
	at java.net.AbstractPlainSocketImpl.doConnect(AbstractPlainSocketImpl.java:339) ~[na:1.7.0_51]
	at java.net.AbstractPlainSocketImpl.connectToAddress(AbstractPlainSocketImpl.java:200) ~[na:1.7.0_51]
	at java.net.AbstractPlainSocketImpl.connect(AbstractPlainSocketImpl.java:182) ~[na:1.7.0_51]
	at java.net.SocksSocketImpl.connect(SocksSocketImpl.java:392) ~[na:1.7.0_51]
	at java.net.Socket.connect(Socket.java:579) ~[na:1.7.0_51]
	at java.net.Socket.connect(Socket.java:528) ~[na:1.7.0_51]
	at java.net.Socket.&lt;init&gt;(Socket.java:425) ~[na:1.7.0_51]
	at java.net.Socket.&lt;init&gt;(Socket.java:280) ~[na:1.7.0_51]
	at org.apache.commons.httpclient.protocol.DefaultProtocolSocketFactory.createSocket(DefaultProtocolSocketFactory.java:80) ~[commons-httpclient-3.1.jar:na]
	at org.apache.commons.httpclient.protocol.DefaultProtocolSocketFactory.createSocket(DefaultProtocolSocketFactory.java:122) ~[commons-httpclient-3.1.jar:na]
	at org.apache.commons.httpclient.HttpConnection.open(HttpConnection.java:707) ~[commons-httpclient-3.1.jar:na]
	at org.apache.commons.httpclient.MultiThreadedHttpConnectionManager$HttpConnectionAdapter.open(MultiThreadedHttpConnectionManager.java:1361) ~[commons-httpclient-3.1.jar:na]
	at org.apache.commons.httpclient.HttpMethodDirector.executeWithRetry(HttpMethodDirector.java:387) [commons-httpclient-3.1.jar:na]
	at org.apache.commons.httpclient.HttpMethodDirector.executeMethod(HttpMethodDirector.java:171) [commons-httpclient-3.1.jar:na]
	at org.apache.commons.httpclient.HttpClient.executeMethod(HttpClient.java:397) [commons-httpclient-3.1.jar:na]
	at org.apache.commons.httpclient.HttpClient.executeMethod(HttpClient.java:346) [commons-httpclient-3.1.jar:na]
	at com.gargoylesoftware.htmlunit.HttpWebConnection.getResponse(HttpWebConnection.java:97) [htmlunit-2.4.jar:2.4]
	at com.gargoylesoftware.htmlunit.WebClient.loadWebResponseFromWebConnection(WebClient.java:1487) [htmlunit-2.4.jar:2.4]
	at com.gargoylesoftware.htmlunit.WebClient.loadWebResponse(WebClient.java:1445) [htmlunit-2.4.jar:2.4]
	at com.gargoylesoftware.htmlunit.WebClient.getPage(WebClient.java:323) [htmlunit-2.4.jar:2.4]
	at com.gargoylesoftware.htmlunit.WebClient.getPage(WebClient.java:384) [htmlunit-2.4.jar:2.4]
	at com.gargoylesoftware.htmlunit.WebClient.getPage(WebClient.java:369) [htmlunit-2.4.jar:2.4]
	at com.springapp.mvc.FormTest.postForm(FormTest.java:45) [test-classes/:na]
	at sun.reflect.NativeMethodAccessorImpl.invoke0(Native Method) ~[na:1.7.0_51]
	at sun.reflect.NativeMethodAccessorImpl.invoke(NativeMethodAccessorImpl.java:57) ~[na:1.7.0_51]
	at sun.reflect.DelegatingMethodAccessorImpl.invoke(DelegatingMethodAccessorImpl.java:43) ~[na:1.7.0_51]
	at java.lang.reflect.Method.invoke(Method.java:606) ~[na:1.7.0_51]
	at org.junit.runners.model.FrameworkMethod$1.runReflectiveCall(FrameworkMethod.java:44) [junit-4.8.2.jar:na]
	at org.junit.internal.runners.model.ReflectiveCallable.run(ReflectiveCallable.java:15) [junit-4.8.2.jar:na]
	at org.junit.runners.model.FrameworkMethod.invokeExplosively(FrameworkMethod.java:41) [junit-4.8.2.jar:na]
	at org.junit.internal.runners.statements.InvokeMethod.evaluate(InvokeMethod.java:20) [junit-4.8.2.jar:na]
	at org.springframework.test.context.junit4.statements.RunBeforeTestMethodCallbacks.evaluate(RunBeforeTestMethodCallbacks.java:74) [spring-test-4.0.1.RELEASE.jar:4.0.1.RELEASE]
	at org.springframework.test.context.junit4.statements.RunAfterTestMethodCallbacks.evaluate(RunAfterTestMethodCallbacks.java:83) [spring-test-4.0.1.RELEASE.jar:4.0.1.RELEASE]
	at org.springframework.test.context.junit4.statements.SpringRepeat.evaluate(SpringRepeat.java:72) [spring-test-4.0.1.RELEASE.jar:4.0.1.RELEASE]
	at org.springframework.test.context.junit4.SpringJUnit4ClassRunner.runChild(SpringJUnit4ClassRunner.java:232) [spring-test-4.0.1.RELEASE.jar:4.0.1.RELEASE]
	at org.springframework.test.context.junit4.SpringJUnit4ClassRunner.runChild(SpringJUnit4ClassRunner.java:89) [spring-test-4.0.1.RELEASE.jar:4.0.1.RELEASE]
	at org.junit.runners.ParentRunner$3.run(ParentRunner.java:193) [junit-4.8.2.jar:na]
	at org.junit.runners.ParentRunner$1.schedule(ParentRunner.java:52) [junit-4.8.2.jar:na]
	at org.junit.runners.ParentRunner.runChildren(ParentRunner.java:191) [junit-4.8.2.jar:na]
	at org.junit.runners.ParentRunner.access$000(ParentRunner.java:42) [junit-4.8.2.jar:na]
	at org.junit.runners.ParentRunner$2.evaluate(ParentRunner.java:184) [junit-4.8.2.jar:na]
	at org.springframework.test.context.junit4.statements.RunBeforeTestClassCallbacks.evaluate(RunBeforeTestClassCallbacks.java:61) [spring-test-4.0.1.RELEASE.jar:4.0.1.RELEASE]
	at org.springframework.test.context.junit4.statements.RunAfterTestClassCallbacks.evaluate(RunAfterTestClassCallbacks.java:71) [spring-test-4.0.1.RELEASE.jar:4.0.1.RELEASE]
	at org.junit.runners.ParentRunner.run(ParentRunner.java:236) [junit-4.8.2.jar:na]
	at org.springframework.test.context.junit4.SpringJUnit4ClassRunner.run(SpringJUnit4ClassRunner.java:175) [spring-test-4.0.1.RELEASE.jar:4.0.1.RELEASE]
	at org.apache.maven.surefire.junit4.JUnit4TestSet.execute(JUnit4TestSet.java:53) [surefire-junit4-2.10.jar:2.10]
	at org.apache.maven.surefire.junit4.JUnit4Provider.executeTestSet(JUnit4Provider.java:123) [surefire-junit4-2.10.jar:2.10]
	at org.apache.maven.surefire.junit4.JUnit4Provider.invoke(JUnit4Provider.java:104) [surefire-junit4-2.10.jar:2.10]
	at sun.reflect.NativeMethodAccessorImpl.invoke0(Native Method) ~[na:1.7.0_51]
	at sun.reflect.NativeMethodAccessorImpl.invoke(NativeMethodAccessorImpl.java:57) ~[na:1.7.0_51]
	at sun.reflect.DelegatingMethodAccessorImpl.invoke(DelegatingMethodAccessorImpl.java:43) ~[na:1.7.0_51]
	at java.lang.reflect.Method.invoke(Method.java:606) ~[na:1.7.0_51]
	at org.apache.maven.surefire.util.ReflectionUtils.invokeMethodWithArray(ReflectionUtils.java:164) [surefire-api-2.10.jar:2.10]
	at org.apache.maven.surefire.booter.ProviderFactory$ProviderProxy.invoke(ProviderFactory.java:110) [surefire-booter-2.10.jar:2.10]
	at org.apache.maven.surefire.booter.SurefireStarter.invokeProvider(SurefireStarter.java:175) [surefire-booter-2.10.jar:2.10]
	at org.apache.maven.surefire.booter.SurefireStarter.runSuitesInProcessWhenForked(SurefireStarter.java:107) [surefire-booter-2.10.jar:2.10]
	at org.apache.maven.surefire.booter.ForkedBooter.main(ForkedBooter.java:68) [surefire-booter-2.10.jar:2.10]
16:34:55.031 [main] INFO  o.a.c.httpclient.HttpMethodDirector - Retrying request
16:34:55.032 [main] DEBUG o.a.c.httpclient.HttpConnection - Open connection to localhost:3000
16:34:55.032 [main] DEBUG o.a.c.httpclient.HttpMethodDirector - Closing the connection.
16:34:55.032 [main] DEBUG o.a.c.httpclient.HttpMethodDirector - Method retry handler returned false. Automatic recovery will not be attempted
16:34:55.032 [main] DEBUG o.a.c.httpclient.HttpConnection - Releasing connection back to connection manager.
16:34:55.032 [main] DEBUG o.a.c.h.MultiThreadedHttpConnectionManager - Freeing connection, hostConfig=HostConfiguration[host=http://localhost:3000]
16:34:55.032 [main] DEBUG o.a.c.h.util.IdleConnectionHandler - Adding connection at: 1392327295032
16:34:55.032 [main] DEBUG o.a.c.h.MultiThreadedHttpConnectionManager - Notifying no-one, there are no waiting threads
</system-out>
  </testcase>
  <testcase time="0.006" classname="com.springapp.mvc.FormTest" name="homePage">
    <error message="Connection refused" type="java.net.ConnectException">java.net.ConnectException: Connection refused
	at java.net.PlainSocketImpl.socketConnect(Native Method)
	at java.net.AbstractPlainSocketImpl.doConnect(AbstractPlainSocketImpl.java:339)
	at java.net.AbstractPlainSocketImpl.connectToAddress(AbstractPlainSocketImpl.java:200)
	at java.net.AbstractPlainSocketImpl.connect(AbstractPlainSocketImpl.java:182)
	at java.net.SocksSocketImpl.connect(SocksSocketImpl.java:392)
	at java.net.Socket.connect(Socket.java:579)
	at java.net.Socket.connect(Socket.java:528)
	at java.net.Socket.&lt;init&gt;(Socket.java:425)
	at java.net.Socket.&lt;init&gt;(Socket.java:280)
	at org.apache.commons.httpclient.protocol.DefaultProtocolSocketFactory.createSocket(DefaultProtocolSocketFactory.java:80)
	at org.apache.commons.httpclient.protocol.DefaultProtocolSocketFactory.createSocket(DefaultProtocolSocketFactory.java:122)
	at org.apache.commons.httpclient.HttpConnection.open(HttpConnection.java:707)
	at org.apache.commons.httpclient.MultiThreadedHttpConnectionManager$HttpConnectionAdapter.open(MultiThreadedHttpConnectionManager.java:1361)
	at org.apache.commons.httpclient.HttpMethodDirector.executeWithRetry(HttpMethodDirector.java:387)
	at org.apache.commons.httpclient.HttpMethodDirector.executeMethod(HttpMethodDirector.java:171)
	at org.apache.commons.httpclient.HttpClient.executeMethod(HttpClient.java:397)
	at org.apache.commons.httpclient.HttpClient.executeMethod(HttpClient.java:346)
	at com.gargoylesoftware.htmlunit.HttpWebConnection.getResponse(HttpWebConnection.java:97)
	at com.gargoylesoftware.htmlunit.WebClient.loadWebResponseFromWebConnection(WebClient.java:1487)
	at com.gargoylesoftware.htmlunit.WebClient.loadWebResponse(WebClient.java:1445)
	at com.gargoylesoftware.htmlunit.WebClient.getPage(WebClient.java:323)
	at com.gargoylesoftware.htmlunit.WebClient.getPage(WebClient.java:384)
	at com.gargoylesoftware.htmlunit.WebClient.getPage(WebClient.java:369)
	at com.springapp.mvc.FormTest.homePage(FormTest.java:38)
	at sun.reflect.NativeMethodAccessorImpl.invoke0(Native Method)
	at sun.reflect.NativeMethodAccessorImpl.invoke(NativeMethodAccessorImpl.java:57)
	at sun.reflect.DelegatingMethodAccessorImpl.invoke(DelegatingMethodAccessorImpl.java:43)
	at java.lang.reflect.Method.invoke(Method.java:606)
	at org.junit.runners.model.FrameworkMethod$1.runReflectiveCall(FrameworkMethod.java:44)
	at org.junit.internal.runners.model.ReflectiveCallable.run(ReflectiveCallable.java:15)
	at org.junit.runners.model.FrameworkMethod.invokeExplosively(FrameworkMethod.java:41)
	at org.junit.internal.runners.statements.InvokeMethod.evaluate(InvokeMethod.java:20)
	at org.springframework.test.context.junit4.statements.RunBeforeTestMethodCallbacks.evaluate(RunBeforeTestMethodCallbacks.java:74)
	at org.springframework.test.context.junit4.statements.RunAfterTestMethodCallbacks.evaluate(RunAfterTestMethodCallbacks.java:83)
	at org.springframework.test.context.junit4.statements.SpringRepeat.evaluate(SpringRepeat.java:72)
	at org.springframework.test.context.junit4.SpringJUnit4ClassRunner.runChild(SpringJUnit4ClassRunner.java:232)
	at org.springframework.test.context.junit4.SpringJUnit4ClassRunner.runChild(SpringJUnit4ClassRunner.java:89)
	at org.junit.runners.ParentRunner$3.run(ParentRunner.java:193)
	at org.junit.runners.ParentRunner$1.schedule(ParentRunner.java:52)
	at org.junit.runners.ParentRunner.runChildren(ParentRunner.java:191)
	at org.junit.runners.ParentRunner.access$000(ParentRunner.java:42)
	at org.junit.runners.ParentRunner$2.evaluate(ParentRunner.java:184)
	at org.springframework.test.context.junit4.statements.RunBeforeTestClassCallbacks.evaluate(RunBeforeTestClassCallbacks.java:61)
	at org.springframework.test.context.junit4.statements.RunAfterTestClassCallbacks.evaluate(RunAfterTestClassCallbacks.java:71)
	at org.junit.runners.ParentRunner.run(ParentRunner.java:236)
	at org.springframework.test.context.junit4.SpringJUnit4ClassRunner.run(SpringJUnit4ClassRunner.java:175)
	at org.apache.maven.surefire.junit4.JUnit4TestSet.execute(JUnit4TestSet.java:53)
	at org.apache.maven.surefire.junit4.JUnit4Provider.executeTestSet(JUnit4Provider.java:123)
	at org.apache.maven.surefire.junit4.JUnit4Provider.invoke(JUnit4Provider.java:104)
	at sun.reflect.NativeMethodAccessorImpl.invoke0(Native Method)
	at sun.reflect.NativeMethodAccessorImpl.invoke(NativeMethodAccessorImpl.java:57)
	at sun.reflect.DelegatingMethodAccessorImpl.invoke(DelegatingMethodAccessorImpl.java:43)
	at java.lang.reflect.Method.invoke(Method.java:606)
	at org.apache.maven.surefire.util.ReflectionUtils.invokeMethodWithArray(ReflectionUtils.java:164)
	at org.apache.maven.surefire.booter.ProviderFactory$ProviderProxy.invoke(ProviderFactory.java:110)
	at org.apache.maven.surefire.booter.SurefireStarter.invokeProvider(SurefireStarter.java:175)
	at org.apache.maven.surefire.booter.SurefireStarter.runSuitesInProcessWhenForked(SurefireStarter.java:107)
	at org.apache.maven.surefire.booter.ForkedBooter.main(ForkedBooter.java:68)
</error>
    <system-out>16:34:55.035 [main] DEBUG o.s.t.annotation.ProfileValueUtils - Retrieved @ProfileValueSourceConfiguration [null] for test class [com.springapp.mvc.FormTest]
16:34:55.035 [main] DEBUG o.s.t.annotation.ProfileValueUtils - Retrieved ProfileValueSource type [class org.springframework.test.annotation.SystemProfileValueSource] for class [com.springapp.mvc.FormTest]
16:34:55.035 [main] DEBUG o.s.t.c.s.DependencyInjectionTestExecutionListener - Performing dependency injection for test context [[DefaultTestContext@286bb11a testClass = FormTest, testInstance = com.springapp.mvc.FormTest@40dd3be9, testMethod = [null], testException = [null], mergedContextConfiguration = [WebMergedContextConfiguration@62920dc8 testClass = FormTest, locations = &apos;{file:src/main/webapp/WEB-INF/test-dispatcher-servlet.xml}&apos;, classes = &apos;{}&apos;, contextInitializerClasses = &apos;[]&apos;, activeProfiles = &apos;{}&apos;, resourceBasePath = &apos;src/main/webapp&apos;, contextLoader = &apos;org.springframework.test.context.web.WebDelegatingSmartContextLoader&apos;, parent = [null]]]].
16:34:55.035 [main] DEBUG o.s.t.c.CacheAwareContextLoaderDelegate - Retrieved ApplicationContext from cache with key [[WebMergedContextConfiguration@62920dc8 testClass = FormTest, locations = &apos;{file:src/main/webapp/WEB-INF/test-dispatcher-servlet.xml}&apos;, classes = &apos;{}&apos;, contextInitializerClasses = &apos;[]&apos;, activeProfiles = &apos;{}&apos;, resourceBasePath = &apos;src/main/webapp&apos;, contextLoader = &apos;org.springframework.test.context.web.WebDelegatingSmartContextLoader&apos;, parent = [null]]].
16:34:55.036 [main] DEBUG c.g.htmlunit.WebClient - Get page for window named &apos;&apos;, using WebRequestSettings[&lt;url=&quot;http://localhost:3000/&quot;, GET, EncodingType[name=application/x-www-form-urlencoded], [], {}, null&gt;]
16:34:55.036 [main] DEBUG c.g.htmlunit.WebClient - Load response for http://localhost:3000/
16:34:55.036 [main] DEBUG o.a.c.h.params.DefaultHttpParams - Set parameter http.socket.timeout = 0
16:34:55.036 [main] DEBUG o.a.c.h.params.DefaultHttpParams - Set parameter http.connection.timeout = 0
16:34:55.036 [main] DEBUG o.a.c.h.params.DefaultHttpParams - Set parameter http.authentication.credential-provider = com.gargoylesoftware.htmlunit.DefaultCredentialsProvider@1453b4d5
16:34:55.036 [main] DEBUG o.a.c.h.params.DefaultHttpParams - Set parameter http.protocol.single-cookie-header = true
16:34:55.036 [main] DEBUG o.a.c.h.params.DefaultHttpParams - Set parameter http.protocol.cookie-policy = compatibility
16:34:55.036 [main] DEBUG o.a.c.h.MultiThreadedHttpConnectionManager - HttpConnectionManager.getConnection:  config = HostConfiguration[host=http://localhost:3000], timeout = 0
16:34:55.036 [main] DEBUG o.a.c.h.MultiThreadedHttpConnectionManager - Allocating new connection, hostConfig=HostConfiguration[host=http://localhost:3000]
16:34:55.036 [main] DEBUG o.a.c.httpclient.HttpConnection - Open connection to localhost:3000
16:34:55.037 [main] DEBUG o.a.c.httpclient.HttpMethodDirector - Closing the connection.
16:34:55.037 [main] INFO  o.a.c.httpclient.HttpMethodDirector - I/O exception (java.net.ConnectException) caught when processing request: Connection refused
16:34:55.038 [main] DEBUG o.a.c.httpclient.HttpMethodDirector - Connection refused
java.net.ConnectException: Connection refused
	at java.net.PlainSocketImpl.socketConnect(Native Method) ~[na:1.7.0_51]
	at java.net.AbstractPlainSocketImpl.doConnect(AbstractPlainSocketImpl.java:339) ~[na:1.7.0_51]
	at java.net.AbstractPlainSocketImpl.connectToAddress(AbstractPlainSocketImpl.java:200) ~[na:1.7.0_51]
	at java.net.AbstractPlainSocketImpl.connect(AbstractPlainSocketImpl.java:182) ~[na:1.7.0_51]
	at java.net.SocksSocketImpl.connect(SocksSocketImpl.java:392) ~[na:1.7.0_51]
	at java.net.Socket.connect(Socket.java:579) ~[na:1.7.0_51]
	at java.net.Socket.connect(Socket.java:528) ~[na:1.7.0_51]
	at java.net.Socket.&lt;init&gt;(Socket.java:425) ~[na:1.7.0_51]
	at java.net.Socket.&lt;init&gt;(Socket.java:280) ~[na:1.7.0_51]
	at org.apache.commons.httpclient.protocol.DefaultProtocolSocketFactory.createSocket(DefaultProtocolSocketFactory.java:80) ~[commons-httpclient-3.1.jar:na]
	at org.apache.commons.httpclient.protocol.DefaultProtocolSocketFactory.createSocket(DefaultProtocolSocketFactory.java:122) ~[commons-httpclient-3.1.jar:na]
	at org.apache.commons.httpclient.HttpConnection.open(HttpConnection.java:707) ~[commons-httpclient-3.1.jar:na]
	at org.apache.commons.httpclient.MultiThreadedHttpConnectionManager$HttpConnectionAdapter.open(MultiThreadedHttpConnectionManager.java:1361) ~[commons-httpclient-3.1.jar:na]
	at org.apache.commons.httpclient.HttpMethodDirector.executeWithRetry(HttpMethodDirector.java:387) [commons-httpclient-3.1.jar:na]
	at org.apache.commons.httpclient.HttpMethodDirector.executeMethod(HttpMethodDirector.java:171) [commons-httpclient-3.1.jar:na]
	at org.apache.commons.httpclient.HttpClient.executeMethod(HttpClient.java:397) [commons-httpclient-3.1.jar:na]
	at org.apache.commons.httpclient.HttpClient.executeMethod(HttpClient.java:346) [commons-httpclient-3.1.jar:na]
	at com.gargoylesoftware.htmlunit.HttpWebConnection.getResponse(HttpWebConnection.java:97) [htmlunit-2.4.jar:2.4]
	at com.gargoylesoftware.htmlunit.WebClient.loadWebResponseFromWebConnection(WebClient.java:1487) [htmlunit-2.4.jar:2.4]
	at com.gargoylesoftware.htmlunit.WebClient.loadWebResponse(WebClient.java:1445) [htmlunit-2.4.jar:2.4]
	at com.gargoylesoftware.htmlunit.WebClient.getPage(WebClient.java:323) [htmlunit-2.4.jar:2.4]
	at com.gargoylesoftware.htmlunit.WebClient.getPage(WebClient.java:384) [htmlunit-2.4.jar:2.4]
	at com.gargoylesoftware.htmlunit.WebClient.getPage(WebClient.java:369) [htmlunit-2.4.jar:2.4]
	at com.springapp.mvc.FormTest.homePage(FormTest.java:38) [test-classes/:na]
	at sun.reflect.NativeMethodAccessorImpl.invoke0(Native Method) ~[na:1.7.0_51]
	at sun.reflect.NativeMethodAccessorImpl.invoke(NativeMethodAccessorImpl.java:57) ~[na:1.7.0_51]
	at sun.reflect.DelegatingMethodAccessorImpl.invoke(DelegatingMethodAccessorImpl.java:43) ~[na:1.7.0_51]
	at java.lang.reflect.Method.invoke(Method.java:606) ~[na:1.7.0_51]
	at org.junit.runners.model.FrameworkMethod$1.runReflectiveCall(FrameworkMethod.java:44) [junit-4.8.2.jar:na]
	at org.junit.internal.runners.model.ReflectiveCallable.run(ReflectiveCallable.java:15) [junit-4.8.2.jar:na]
	at org.junit.runners.model.FrameworkMethod.invokeExplosively(FrameworkMethod.java:41) [junit-4.8.2.jar:na]
	at org.junit.internal.runners.statements.InvokeMethod.evaluate(InvokeMethod.java:20) [junit-4.8.2.jar:na]
	at org.springframework.test.context.junit4.statements.RunBeforeTestMethodCallbacks.evaluate(RunBeforeTestMethodCallbacks.java:74) [spring-test-4.0.1.RELEASE.jar:4.0.1.RELEASE]
	at org.springframework.test.context.junit4.statements.RunAfterTestMethodCallbacks.evaluate(RunAfterTestMethodCallbacks.java:83) [spring-test-4.0.1.RELEASE.jar:4.0.1.RELEASE]
	at org.springframework.test.context.junit4.statements.SpringRepeat.evaluate(SpringRepeat.java:72) [spring-test-4.0.1.RELEASE.jar:4.0.1.RELEASE]
	at org.springframework.test.context.junit4.SpringJUnit4ClassRunner.runChild(SpringJUnit4ClassRunner.java:232) [spring-test-4.0.1.RELEASE.jar:4.0.1.RELEASE]
	at org.springframework.test.context.junit4.SpringJUnit4ClassRunner.runChild(SpringJUnit4ClassRunner.java:89) [spring-test-4.0.1.RELEASE.jar:4.0.1.RELEASE]
	at org.junit.runners.ParentRunner$3.run(ParentRunner.java:193) [junit-4.8.2.jar:na]
	at org.junit.runners.ParentRunner$1.schedule(ParentRunner.java:52) [junit-4.8.2.jar:na]
	at org.junit.runners.ParentRunner.runChildren(ParentRunner.java:191) [junit-4.8.2.jar:na]
	at org.junit.runners.ParentRunner.access$000(ParentRunner.java:42) [junit-4.8.2.jar:na]
	at org.junit.runners.ParentRunner$2.evaluate(ParentRunner.java:184) [junit-4.8.2.jar:na]
	at org.springframework.test.context.junit4.statements.RunBeforeTestClassCallbacks.evaluate(RunBeforeTestClassCallbacks.java:61) [spring-test-4.0.1.RELEASE.jar:4.0.1.RELEASE]
	at org.springframework.test.context.junit4.statements.RunAfterTestClassCallbacks.evaluate(RunAfterTestClassCallbacks.java:71) [spring-test-4.0.1.RELEASE.jar:4.0.1.RELEASE]
	at org.junit.runners.ParentRunner.run(ParentRunner.java:236) [junit-4.8.2.jar:na]
	at org.springframework.test.context.junit4.SpringJUnit4ClassRunner.run(SpringJUnit4ClassRunner.java:175) [spring-test-4.0.1.RELEASE.jar:4.0.1.RELEASE]
	at org.apache.maven.surefire.junit4.JUnit4TestSet.execute(JUnit4TestSet.java:53) [surefire-junit4-2.10.jar:2.10]
	at org.apache.maven.surefire.junit4.JUnit4Provider.executeTestSet(JUnit4Provider.java:123) [surefire-junit4-2.10.jar:2.10]
	at org.apache.maven.surefire.junit4.JUnit4Provider.invoke(JUnit4Provider.java:104) [surefire-junit4-2.10.jar:2.10]
	at sun.reflect.NativeMethodAccessorImpl.invoke0(Native Method) ~[na:1.7.0_51]
	at sun.reflect.NativeMethodAccessorImpl.invoke(NativeMethodAccessorImpl.java:57) ~[na:1.7.0_51]
	at sun.reflect.DelegatingMethodAccessorImpl.invoke(DelegatingMethodAccessorImpl.java:43) ~[na:1.7.0_51]
	at java.lang.reflect.Method.invoke(Method.java:606) ~[na:1.7.0_51]
	at org.apache.maven.surefire.util.ReflectionUtils.invokeMethodWithArray(ReflectionUtils.java:164) [surefire-api-2.10.jar:2.10]
	at org.apache.maven.surefire.booter.ProviderFactory$ProviderProxy.invoke(ProviderFactory.java:110) [surefire-booter-2.10.jar:2.10]
	at org.apache.maven.surefire.booter.SurefireStarter.invokeProvider(SurefireStarter.java:175) [surefire-booter-2.10.jar:2.10]
	at org.apache.maven.surefire.booter.SurefireStarter.runSuitesInProcessWhenForked(SurefireStarter.java:107) [surefire-booter-2.10.jar:2.10]
	at org.apache.maven.surefire.booter.ForkedBooter.main(ForkedBooter.java:68) [surefire-booter-2.10.jar:2.10]
16:34:55.038 [main] INFO  o.a.c.httpclient.HttpMethodDirector - Retrying request
16:34:55.039 [main] DEBUG o.a.c.httpclient.HttpConnection - Open connection to localhost:3000
16:34:55.039 [main] DEBUG o.a.c.httpclient.HttpMethodDirector - Closing the connection.
16:34:55.039 [main] INFO  o.a.c.httpclient.HttpMethodDirector - I/O exception (java.net.ConnectException) caught when processing request: Connection refused
16:34:55.040 [main] DEBUG o.a.c.httpclient.HttpMethodDirector - Connection refused
java.net.ConnectException: Connection refused
	at java.net.PlainSocketImpl.socketConnect(Native Method) ~[na:1.7.0_51]
	at java.net.AbstractPlainSocketImpl.doConnect(AbstractPlainSocketImpl.java:339) ~[na:1.7.0_51]
	at java.net.AbstractPlainSocketImpl.connectToAddress(AbstractPlainSocketImpl.java:200) ~[na:1.7.0_51]
	at java.net.AbstractPlainSocketImpl.connect(AbstractPlainSocketImpl.java:182) ~[na:1.7.0_51]
	at java.net.SocksSocketImpl.connect(SocksSocketImpl.java:392) ~[na:1.7.0_51]
	at java.net.Socket.connect(Socket.java:579) ~[na:1.7.0_51]
	at java.net.Socket.connect(Socket.java:528) ~[na:1.7.0_51]
	at java.net.Socket.&lt;init&gt;(Socket.java:425) ~[na:1.7.0_51]
	at java.net.Socket.&lt;init&gt;(Socket.java:280) ~[na:1.7.0_51]
	at org.apache.commons.httpclient.protocol.DefaultProtocolSocketFactory.createSocket(DefaultProtocolSocketFactory.java:80) ~[commons-httpclient-3.1.jar:na]
	at org.apache.commons.httpclient.protocol.DefaultProtocolSocketFactory.createSocket(DefaultProtocolSocketFactory.java:122) ~[commons-httpclient-3.1.jar:na]
	at org.apache.commons.httpclient.HttpConnection.open(HttpConnection.java:707) ~[commons-httpclient-3.1.jar:na]
	at org.apache.commons.httpclient.MultiThreadedHttpConnectionManager$HttpConnectionAdapter.open(MultiThreadedHttpConnectionManager.java:1361) ~[commons-httpclient-3.1.jar:na]
	at org.apache.commons.httpclient.HttpMethodDirector.executeWithRetry(HttpMethodDirector.java:387) [commons-httpclient-3.1.jar:na]
	at org.apache.commons.httpclient.HttpMethodDirector.executeMethod(HttpMethodDirector.java:171) [commons-httpclient-3.1.jar:na]
	at org.apache.commons.httpclient.HttpClient.executeMethod(HttpClient.java:397) [commons-httpclient-3.1.jar:na]
	at org.apache.commons.httpclient.HttpClient.executeMethod(HttpClient.java:346) [commons-httpclient-3.1.jar:na]
	at com.gargoylesoftware.htmlunit.HttpWebConnection.getResponse(HttpWebConnection.java:97) [htmlunit-2.4.jar:2.4]
	at com.gargoylesoftware.htmlunit.WebClient.loadWebResponseFromWebConnection(WebClient.java:1487) [htmlunit-2.4.jar:2.4]
	at com.gargoylesoftware.htmlunit.WebClient.loadWebResponse(WebClient.java:1445) [htmlunit-2.4.jar:2.4]
	at com.gargoylesoftware.htmlunit.WebClient.getPage(WebClient.java:323) [htmlunit-2.4.jar:2.4]
	at com.gargoylesoftware.htmlunit.WebClient.getPage(WebClient.java:384) [htmlunit-2.4.jar:2.4]
	at com.gargoylesoftware.htmlunit.WebClient.getPage(WebClient.java:369) [htmlunit-2.4.jar:2.4]
	at com.springapp.mvc.FormTest.homePage(FormTest.java:38) [test-classes/:na]
	at sun.reflect.NativeMethodAccessorImpl.invoke0(Native Method) ~[na:1.7.0_51]
	at sun.reflect.NativeMethodAccessorImpl.invoke(NativeMethodAccessorImpl.java:57) ~[na:1.7.0_51]
	at sun.reflect.DelegatingMethodAccessorImpl.invoke(DelegatingMethodAccessorImpl.java:43) ~[na:1.7.0_51]
	at java.lang.reflect.Method.invoke(Method.java:606) ~[na:1.7.0_51]
	at org.junit.runners.model.FrameworkMethod$1.runReflectiveCall(FrameworkMethod.java:44) [junit-4.8.2.jar:na]
	at org.junit.internal.runners.model.ReflectiveCallable.run(ReflectiveCallable.java:15) [junit-4.8.2.jar:na]
	at org.junit.runners.model.FrameworkMethod.invokeExplosively(FrameworkMethod.java:41) [junit-4.8.2.jar:na]
	at org.junit.internal.runners.statements.InvokeMethod.evaluate(InvokeMethod.java:20) [junit-4.8.2.jar:na]
	at org.springframework.test.context.junit4.statements.RunBeforeTestMethodCallbacks.evaluate(RunBeforeTestMethodCallbacks.java:74) [spring-test-4.0.1.RELEASE.jar:4.0.1.RELEASE]
	at org.springframework.test.context.junit4.statements.RunAfterTestMethodCallbacks.evaluate(RunAfterTestMethodCallbacks.java:83) [spring-test-4.0.1.RELEASE.jar:4.0.1.RELEASE]
	at org.springframework.test.context.junit4.statements.SpringRepeat.evaluate(SpringRepeat.java:72) [spring-test-4.0.1.RELEASE.jar:4.0.1.RELEASE]
	at org.springframework.test.context.junit4.SpringJUnit4ClassRunner.runChild(SpringJUnit4ClassRunner.java:232) [spring-test-4.0.1.RELEASE.jar:4.0.1.RELEASE]
	at org.springframework.test.context.junit4.SpringJUnit4ClassRunner.runChild(SpringJUnit4ClassRunner.java:89) [spring-test-4.0.1.RELEASE.jar:4.0.1.RELEASE]
	at org.junit.runners.ParentRunner$3.run(ParentRunner.java:193) [junit-4.8.2.jar:na]
	at org.junit.runners.ParentRunner$1.schedule(ParentRunner.java:52) [junit-4.8.2.jar:na]
	at org.junit.runners.ParentRunner.runChildren(ParentRunner.java:191) [junit-4.8.2.jar:na]
	at org.junit.runners.ParentRunner.access$000(ParentRunner.java:42) [junit-4.8.2.jar:na]
	at org.junit.runners.ParentRunner$2.evaluate(ParentRunner.java:184) [junit-4.8.2.jar:na]
	at org.springframework.test.context.junit4.statements.RunBeforeTestClassCallbacks.evaluate(RunBeforeTestClassCallbacks.java:61) [spring-test-4.0.1.RELEASE.jar:4.0.1.RELEASE]
	at org.springframework.test.context.junit4.statements.RunAfterTestClassCallbacks.evaluate(RunAfterTestClassCallbacks.java:71) [spring-test-4.0.1.RELEASE.jar:4.0.1.RELEASE]
	at org.junit.runners.ParentRunner.run(ParentRunner.java:236) [junit-4.8.2.jar:na]
	at org.springframework.test.context.junit4.SpringJUnit4ClassRunner.run(SpringJUnit4ClassRunner.java:175) [spring-test-4.0.1.RELEASE.jar:4.0.1.RELEASE]
	at org.apache.maven.surefire.junit4.JUnit4TestSet.execute(JUnit4TestSet.java:53) [surefire-junit4-2.10.jar:2.10]
	at org.apache.maven.surefire.junit4.JUnit4Provider.executeTestSet(JUnit4Provider.java:123) [surefire-junit4-2.10.jar:2.10]
	at org.apache.maven.surefire.junit4.JUnit4Provider.invoke(JUnit4Provider.java:104) [surefire-junit4-2.10.jar:2.10]
	at sun.reflect.NativeMethodAccessorImpl.invoke0(Native Method) ~[na:1.7.0_51]
	at sun.reflect.NativeMethodAccessorImpl.invoke(NativeMethodAccessorImpl.java:57) ~[na:1.7.0_51]
	at sun.reflect.DelegatingMethodAccessorImpl.invoke(DelegatingMethodAccessorImpl.java:43) ~[na:1.7.0_51]
	at java.lang.reflect.Method.invoke(Method.java:606) ~[na:1.7.0_51]
	at org.apache.maven.surefire.util.ReflectionUtils.invokeMethodWithArray(ReflectionUtils.java:164) [surefire-api-2.10.jar:2.10]
	at org.apache.maven.surefire.booter.ProviderFactory$ProviderProxy.invoke(ProviderFactory.java:110) [surefire-booter-2.10.jar:2.10]
	at org.apache.maven.surefire.booter.SurefireStarter.invokeProvider(SurefireStarter.java:175) [surefire-booter-2.10.jar:2.10]
	at org.apache.maven.surefire.booter.SurefireStarter.runSuitesInProcessWhenForked(SurefireStarter.java:107) [surefire-booter-2.10.jar:2.10]
	at org.apache.maven.surefire.booter.ForkedBooter.main(ForkedBooter.java:68) [surefire-booter-2.10.jar:2.10]
16:34:55.040 [main] INFO  o.a.c.httpclient.HttpMethodDirector - Retrying request
16:34:55.040 [main] DEBUG o.a.c.httpclient.HttpConnection - Open connection to localhost:3000
16:34:55.040 [main] DEBUG o.a.c.httpclient.HttpMethodDirector - Closing the connection.
16:34:55.040 [main] INFO  o.a.c.httpclient.HttpMethodDirector - I/O exception (java.net.ConnectException) caught when processing request: Connection refused
16:34:55.041 [main] DEBUG o.a.c.httpclient.HttpMethodDirector - Connection refused
java.net.ConnectException: Connection refused
	at java.net.PlainSocketImpl.socketConnect(Native Method) ~[na:1.7.0_51]
	at java.net.AbstractPlainSocketImpl.doConnect(AbstractPlainSocketImpl.java:339) ~[na:1.7.0_51]
	at java.net.AbstractPlainSocketImpl.connectToAddress(AbstractPlainSocketImpl.java:200) ~[na:1.7.0_51]
	at java.net.AbstractPlainSocketImpl.connect(AbstractPlainSocketImpl.java:182) ~[na:1.7.0_51]
	at java.net.SocksSocketImpl.connect(SocksSocketImpl.java:392) ~[na:1.7.0_51]
	at java.net.Socket.connect(Socket.java:579) ~[na:1.7.0_51]
	at java.net.Socket.connect(Socket.java:528) ~[na:1.7.0_51]
	at java.net.Socket.&lt;init&gt;(Socket.java:425) ~[na:1.7.0_51]
	at java.net.Socket.&lt;init&gt;(Socket.java:280) ~[na:1.7.0_51]
	at org.apache.commons.httpclient.protocol.DefaultProtocolSocketFactory.createSocket(DefaultProtocolSocketFactory.java:80) ~[commons-httpclient-3.1.jar:na]
	at org.apache.commons.httpclient.protocol.DefaultProtocolSocketFactory.createSocket(DefaultProtocolSocketFactory.java:122) ~[commons-httpclient-3.1.jar:na]
	at org.apache.commons.httpclient.HttpConnection.open(HttpConnection.java:707) ~[commons-httpclient-3.1.jar:na]
	at org.apache.commons.httpclient.MultiThreadedHttpConnectionManager$HttpConnectionAdapter.open(MultiThreadedHttpConnectionManager.java:1361) ~[commons-httpclient-3.1.jar:na]
	at org.apache.commons.httpclient.HttpMethodDirector.executeWithRetry(HttpMethodDirector.java:387) [commons-httpclient-3.1.jar:na]
	at org.apache.commons.httpclient.HttpMethodDirector.executeMethod(HttpMethodDirector.java:171) [commons-httpclient-3.1.jar:na]
	at org.apache.commons.httpclient.HttpClient.executeMethod(HttpClient.java:397) [commons-httpclient-3.1.jar:na]
	at org.apache.commons.httpclient.HttpClient.executeMethod(HttpClient.java:346) [commons-httpclient-3.1.jar:na]
	at com.gargoylesoftware.htmlunit.HttpWebConnection.getResponse(HttpWebConnection.java:97) [htmlunit-2.4.jar:2.4]
	at com.gargoylesoftware.htmlunit.WebClient.loadWebResponseFromWebConnection(WebClient.java:1487) [htmlunit-2.4.jar:2.4]
	at com.gargoylesoftware.htmlunit.WebClient.loadWebResponse(WebClient.java:1445) [htmlunit-2.4.jar:2.4]
	at com.gargoylesoftware.htmlunit.WebClient.getPage(WebClient.java:323) [htmlunit-2.4.jar:2.4]
	at com.gargoylesoftware.htmlunit.WebClient.getPage(WebClient.java:384) [htmlunit-2.4.jar:2.4]
	at com.gargoylesoftware.htmlunit.WebClient.getPage(WebClient.java:369) [htmlunit-2.4.jar:2.4]
	at com.springapp.mvc.FormTest.homePage(FormTest.java:38) [test-classes/:na]
	at sun.reflect.NativeMethodAccessorImpl.invoke0(Native Method) ~[na:1.7.0_51]
	at sun.reflect.NativeMethodAccessorImpl.invoke(NativeMethodAccessorImpl.java:57) ~[na:1.7.0_51]
	at sun.reflect.DelegatingMethodAccessorImpl.invoke(DelegatingMethodAccessorImpl.java:43) ~[na:1.7.0_51]
	at java.lang.reflect.Method.invoke(Method.java:606) ~[na:1.7.0_51]
	at org.junit.runners.model.FrameworkMethod$1.runReflectiveCall(FrameworkMethod.java:44) [junit-4.8.2.jar:na]
	at org.junit.internal.runners.model.ReflectiveCallable.run(ReflectiveCallable.java:15) [junit-4.8.2.jar:na]
	at org.junit.runners.model.FrameworkMethod.invokeExplosively(FrameworkMethod.java:41) [junit-4.8.2.jar:na]
	at org.junit.internal.runners.statements.InvokeMethod.evaluate(InvokeMethod.java:20) [junit-4.8.2.jar:na]
	at org.springframework.test.context.junit4.statements.RunBeforeTestMethodCallbacks.evaluate(RunBeforeTestMethodCallbacks.java:74) [spring-test-4.0.1.RELEASE.jar:4.0.1.RELEASE]
	at org.springframework.test.context.junit4.statements.RunAfterTestMethodCallbacks.evaluate(RunAfterTestMethodCallbacks.java:83) [spring-test-4.0.1.RELEASE.jar:4.0.1.RELEASE]
	at org.springframework.test.context.junit4.statements.SpringRepeat.evaluate(SpringRepeat.java:72) [spring-test-4.0.1.RELEASE.jar:4.0.1.RELEASE]
	at org.springframework.test.context.junit4.SpringJUnit4ClassRunner.runChild(SpringJUnit4ClassRunner.java:232) [spring-test-4.0.1.RELEASE.jar:4.0.1.RELEASE]
	at org.springframework.test.context.junit4.SpringJUnit4ClassRunner.runChild(SpringJUnit4ClassRunner.java:89) [spring-test-4.0.1.RELEASE.jar:4.0.1.RELEASE]
	at org.junit.runners.ParentRunner$3.run(ParentRunner.java:193) [junit-4.8.2.jar:na]
	at org.junit.runners.ParentRunner$1.schedule(ParentRunner.java:52) [junit-4.8.2.jar:na]
	at org.junit.runners.ParentRunner.runChildren(ParentRunner.java:191) [junit-4.8.2.jar:na]
	at org.junit.runners.ParentRunner.access$000(ParentRunner.java:42) [junit-4.8.2.jar:na]
	at org.junit.runners.ParentRunner$2.evaluate(ParentRunner.java:184) [junit-4.8.2.jar:na]
	at org.springframework.test.context.junit4.statements.RunBeforeTestClassCallbacks.evaluate(RunBeforeTestClassCallbacks.java:61) [spring-test-4.0.1.RELEASE.jar:4.0.1.RELEASE]
	at org.springframework.test.context.junit4.statements.RunAfterTestClassCallbacks.evaluate(RunAfterTestClassCallbacks.java:71) [spring-test-4.0.1.RELEASE.jar:4.0.1.RELEASE]
	at org.junit.runners.ParentRunner.run(ParentRunner.java:236) [junit-4.8.2.jar:na]
	at org.springframework.test.context.junit4.SpringJUnit4ClassRunner.run(SpringJUnit4ClassRunner.java:175) [spring-test-4.0.1.RELEASE.jar:4.0.1.RELEASE]
	at org.apache.maven.surefire.junit4.JUnit4TestSet.execute(JUnit4TestSet.java:53) [surefire-junit4-2.10.jar:2.10]
	at org.apache.maven.surefire.junit4.JUnit4Provider.executeTestSet(JUnit4Provider.java:123) [surefire-junit4-2.10.jar:2.10]
	at org.apache.maven.surefire.junit4.JUnit4Provider.invoke(JUnit4Provider.java:104) [surefire-junit4-2.10.jar:2.10]
	at sun.reflect.NativeMethodAccessorImpl.invoke0(Native Method) ~[na:1.7.0_51]
	at sun.reflect.NativeMethodAccessorImpl.invoke(NativeMethodAccessorImpl.java:57) ~[na:1.7.0_51]
	at sun.reflect.DelegatingMethodAccessorImpl.invoke(DelegatingMethodAccessorImpl.java:43) ~[na:1.7.0_51]
	at java.lang.reflect.Method.invoke(Method.java:606) ~[na:1.7.0_51]
	at org.apache.maven.surefire.util.ReflectionUtils.invokeMethodWithArray(ReflectionUtils.java:164) [surefire-api-2.10.jar:2.10]
	at org.apache.maven.surefire.booter.ProviderFactory$ProviderProxy.invoke(ProviderFactory.java:110) [surefire-booter-2.10.jar:2.10]
	at org.apache.maven.surefire.booter.SurefireStarter.invokeProvider(SurefireStarter.java:175) [surefire-booter-2.10.jar:2.10]
	at org.apache.maven.surefire.booter.SurefireStarter.runSuitesInProcessWhenForked(SurefireStarter.java:107) [surefire-booter-2.10.jar:2.10]
	at org.apache.maven.surefire.booter.ForkedBooter.main(ForkedBooter.java:68) [surefire-booter-2.10.jar:2.10]
16:34:55.041 [main] INFO  o.a.c.httpclient.HttpMethodDirector - Retrying request
16:34:55.041 [main] DEBUG o.a.c.httpclient.HttpConnection - Open connection to localhost:3000
16:34:55.042 [main] DEBUG o.a.c.httpclient.HttpMethodDirector - Closing the connection.
16:34:55.042 [main] DEBUG o.a.c.httpclient.HttpMethodDirector - Method retry handler returned false. Automatic recovery will not be attempted
16:34:55.042 [main] DEBUG o.a.c.httpclient.HttpConnection - Releasing connection back to connection manager.
16:34:55.042 [main] DEBUG o.a.c.h.MultiThreadedHttpConnectionManager - Freeing connection, hostConfig=HostConfiguration[host=http://localhost:3000]
16:34:55.042 [main] DEBUG o.a.c.h.util.IdleConnectionHandler - Adding connection at: 1392327295042
16:34:55.042 [main] DEBUG o.a.c.h.MultiThreadedHttpConnectionManager - Notifying no-one, there are no waiting threads
</system-out>
  </testcase>
</testsuite>