<?xml version="1.0" encoding="UTF-8" ?>
<testsuite failures="0" time="0.508" errors="2" skipped="0" tests="2" name="com.springapp.mvc.FormTest">
  <properties>
[...]
</properties>
  <testcase time="0.138" classname="com.springapp.mvc.FormTest" name="postForm">
    <error message="Failed to load ApplicationContext" type="java.lang.IllegalStateException">java.lang.IllegalStateException: Failed to load ApplicationContext
	at org.springframework.test.context.CacheAwareContextLoaderDelegate.loadContext(CacheAwareContextLoaderDelegate.java:99)
	at org.springframework.test.context.DefaultTestContext.getApplicationContext(DefaultTestContext.java:101)
	at org.springframework.test.context.support.DependencyInjectionTestExecutionListener.injectDependencies(DependencyInjectionTestExecutionListener.java:109)
	at org.springframework.test.context.support.DependencyInjectionTestExecutionListener.prepareTestInstance(DependencyInjectionTestExecutionListener.java:75)
	at org.springframework.test.context.TestContextManager.prepareTestInstance(TestContextManager.java:319)
	at org.springframework.test.context.junit4.SpringJUnit4ClassRunner.createTest(SpringJUnit4ClassRunner.java:212)
	at org.springframework.test.context.junit4.SpringJUnit4ClassRunner$1.runReflectiveCall(SpringJUnit4ClassRunner.java:289)
	at org.junit.internal.runners.model.ReflectiveCallable.run(ReflectiveCallable.java:15)
	at org.springframework.test.context.junit4.SpringJUnit4ClassRunner.methodBlock(SpringJUnit4ClassRunner.java:291)
	at org.springframework.test.context.junit4.SpringJUnit4ClassRunner.runChild(SpringJUnit4ClassRunner.java:232)
	at org.springframework.test.context.junit4.SpringJUnit4ClassRunner.runChild(SpringJUnit4ClassRunner.java:89)
	at org.junit.runners.ParentRunner$3.run(ParentRunner.java:193)
	at org.junit.runners.ParentRunner$1.schedule(ParentRunner.java:52)
	at org.junit.runners.ParentRunner.runChildren(ParentRunner.java:191)
	at org.junit.runners.ParentRunner.access$000(ParentRunner.java:42)
	at org.junit.runners.ParentRunner$2.evaluate(ParentRunner.java:184)
	at org.springframework.test.context.junit4.statements.RunBeforeTestClassCallbacks.evaluate(RunBeforeTestClassCallbacks.java:61)
	at org.springframework.test.context.junit4.statements.RunAfterTestClassCallbacks.evaluate(RunAfterTestClassCallbacks.java:71)
	at org.junit.runners.ParentRunner.run(ParentRunner.java:236)
	at org.springframework.test.context.junit4.SpringJUnit4ClassRunner.run(SpringJUnit4ClassRunner.java:175)
	at org.apache.maven.surefire.junit4.JUnit4TestSet.execute(JUnit4TestSet.java:53)
	at org.apache.maven.surefire.junit4.JUnit4Provider.executeTestSet(JUnit4Provider.java:123)
	at org.apache.maven.surefire.junit4.JUnit4Provider.invoke(JUnit4Provider.java:104)
	at sun.reflect.NativeMethodAccessorImpl.invoke0(Native Method)
	at sun.reflect.NativeMethodAccessorImpl.invoke(NativeMethodAccessorImpl.java:39)
	at sun.reflect.DelegatingMethodAccessorImpl.invoke(DelegatingMethodAccessorImpl.java:25)
	at java.lang.reflect.Method.invoke(Method.java:597)
	at org.apache.maven.surefire.util.ReflectionUtils.invokeMethodWithArray(ReflectionUtils.java:164)
	at org.apache.maven.surefire.booter.ProviderFactory$ProviderProxy.invoke(ProviderFactory.java:110)
	at org.apache.maven.surefire.booter.SurefireStarter.invokeProvider(SurefireStarter.java:175)
	at org.apache.maven.surefire.booter.SurefireStarter.runSuitesInProcessWhenForked(SurefireStarter.java:107)
	at org.apache.maven.surefire.booter.ForkedBooter.main(ForkedBooter.java:68)
Caused by: org.springframework.beans.factory.BeanCreationException: Error creating bean with name &apos;org.springframework.dao.annotation.PersistenceExceptionTranslationPostProcessor#0&apos;: Initialization of bean failed; nested exception is org.springframework.beans.factory.BeanCreationException: Error creating bean with name &apos;entityManagerFactory&apos; defined in URL [file:src/main/webapp/WEB-INF/test-dispatcher-servlet.xml]: Invocation of init method failed; nested exception is javax.persistence.PersistenceException: No Persistence provider for EntityManager named testPersistenceUnit
	at org.springframework.beans.factory.support.AbstractAutowireCapableBeanFactory.doCreateBean(AbstractAutowireCapableBeanFactory.java:547)
	at org.springframework.beans.factory.support.AbstractAutowireCapableBeanFactory.createBean(AbstractAutowireCapableBeanFactory.java:475)
	at org.springframework.beans.factory.support.AbstractBeanFactory$1.getObject(AbstractBeanFactory.java:304)
	at org.springframework.beans.factory.support.DefaultSingletonBeanRegistry.getSingleton(DefaultSingletonBeanRegistry.java:228)
	at org.springframework.beans.factory.support.AbstractBeanFactory.doGetBean(AbstractBeanFactory.java:300)
	at org.springframework.beans.factory.support.AbstractBeanFactory.getBean(AbstractBeanFactory.java:200)
	at org.springframework.context.support.PostProcessorRegistrationDelegate.registerBeanPostProcessors(PostProcessorRegistrationDelegate.java:220)
	at org.springframework.context.support.AbstractApplicationContext.registerBeanPostProcessors(AbstractApplicationContext.java:618)
	at org.springframework.context.support.AbstractApplicationContext.refresh(AbstractApplicationContext.java:467)
	at org.springframework.test.context.support.AbstractGenericContextLoader.loadContext(AbstractGenericContextLoader.java:121)
	at org.springframework.test.context.support.AbstractGenericContextLoader.loadContext(AbstractGenericContextLoader.java:60)
	at org.springframework.test.context.support.AbstractDelegatingSmartContextLoader.delegateLoading(AbstractDelegatingSmartContextLoader.java:100)
	at org.springframework.test.context.support.AbstractDelegatingSmartContextLoader.loadContext(AbstractDelegatingSmartContextLoader.java:250)
	at org.springframework.test.context.CacheAwareContextLoaderDelegate.loadContextInternal(CacheAwareContextLoaderDelegate.java:64)
	at org.springframework.test.context.CacheAwareContextLoaderDelegate.loadContext(CacheAwareContextLoaderDelegate.java:91)
	... 31 more
Caused by: org.springframework.beans.factory.BeanCreationException: Error creating bean with name &apos;entityManagerFactory&apos; defined in URL [file:src/main/webapp/WEB-INF/test-dispatcher-servlet.xml]: Invocation of init method failed; nested exception is javax.persistence.PersistenceException: No Persistence provider for EntityManager named testPersistenceUnit
	at org.springframework.beans.factory.support.AbstractAutowireCapableBeanFactory.initializeBean(AbstractAutowireCapableBeanFactory.java:1553)
	at org.springframework.beans.factory.support.AbstractAutowireCapableBeanFactory.doCreateBean(AbstractAutowireCapableBeanFactory.java:539)
	at org.springframework.beans.factory.support.AbstractAutowireCapableBeanFactory.createBean(AbstractAutowireCapableBeanFactory.java:475)
	at org.springframework.beans.factory.support.AbstractBeanFactory$1.getObject(AbstractBeanFactory.java:304)
	at org.springframework.beans.factory.support.DefaultSingletonBeanRegistry.getSingleton(DefaultSingletonBeanRegistry.java:228)
	at org.springframework.beans.factory.support.AbstractBeanFactory.doGetBean(AbstractBeanFactory.java:300)
	at org.springframework.beans.factory.support.AbstractBeanFactory.getBean(AbstractBeanFactory.java:200)
	at org.springframework.beans.factory.support.DefaultListableBeanFactory.getBeansOfType(DefaultListableBeanFactory.java:467)
	at org.springframework.beans.factory.BeanFactoryUtils.beansOfTypeIncludingAncestors(BeanFactoryUtils.java:277)
	at org.springframework.dao.support.PersistenceExceptionTranslationInterceptor.detectPersistenceExceptionTranslators(PersistenceExceptionTranslationInterceptor.java:139)
	at org.springframework.dao.support.PersistenceExceptionTranslationInterceptor.&lt;init&gt;(PersistenceExceptionTranslationInterceptor.java:79)
	at org.springframework.dao.annotation.PersistenceExceptionTranslationAdvisor.&lt;init&gt;(PersistenceExceptionTranslationAdvisor.java:70)
	at org.springframework.dao.annotation.PersistenceExceptionTranslationPostProcessor.setBeanFactory(PersistenceExceptionTranslationPostProcessor.java:103)
	at org.springframework.beans.factory.support.AbstractAutowireCapableBeanFactory.invokeAwareMethods(AbstractAutowireCapableBeanFactory.java:1572)
	at org.springframework.beans.factory.support.AbstractAutowireCapableBeanFactory.initializeBean(AbstractAutowireCapableBeanFactory.java:1540)
	at org.springframework.beans.factory.support.AbstractAutowireCapableBeanFactory.doCreateBean(AbstractAutowireCapableBeanFactory.java:539)
	... 45 more
Caused by: javax.persistence.PersistenceException: No Persistence provider for EntityManager named testPersistenceUnit
	at javax.persistence.Persistence.createEntityManagerFactory(Persistence.java:54)
	at org.springframework.orm.jpa.LocalEntityManagerFactoryBean.createNativeEntityManagerFactory(LocalEntityManagerFactoryBean.java:92)
	at org.springframework.orm.jpa.AbstractEntityManagerFactoryBean.afterPropertiesSet(AbstractEntityManagerFactoryBean.java:310)
	at org.springframework.beans.factory.support.AbstractAutowireCapableBeanFactory.invokeInitMethods(AbstractAutowireCapableBeanFactory.java:1612)
	at org.springframework.beans.factory.support.AbstractAutowireCapableBeanFactory.initializeBean(AbstractAutowireCapableBeanFactory.java:1549)
	... 60 more
</error>
    <system-out>10:45:52.367 [main] DEBUG o.s.t.c.s.DirtiesContextTestExecutionListener - After test class: context [DefaultTestContext@27e3bfb6 testClass = AppTest, testInstance = [null], testMethod = [null], testException = [null], mergedContextConfiguration = [WebMergedContextConfiguration@3c3c9217 testClass = AppTest, locations = &apos;{file:src/main/webapp/WEB-INF/test-dispatcher-servlet.xml}&apos;, classes = &apos;{}&apos;, contextInitializerClasses = &apos;[]&apos;, activeProfiles = &apos;{}&apos;, resourceBasePath = &apos;src/main/webapp&apos;, contextLoader = &apos;org.springframework.test.context.web.WebDelegatingSmartContextLoader&apos;, parent = [null]]], dirtiesContext [false].
10:45:52.369 [main] DEBUG o.s.t.c.j.SpringJUnit4ClassRunner - SpringJUnit4ClassRunner constructor called with [class com.springapp.mvc.FormTest].
10:45:52.371 [main] DEBUG o.s.t.c.s.AbstractDelegatingSmartContextLoader - Delegating to GenericXmlContextLoader to process context configuration [ContextConfigurationAttributes@1e605b1e declaringClass = &apos;com.springapp.mvc.FormTest&apos;, locations = &apos;{file:src/main/webapp/WEB-INF/test-dispatcher-servlet.xml}&apos;, classes = &apos;{}&apos;, inheritLocations = true, initializers = &apos;{}&apos;, inheritInitializers = true, name = [null], contextLoaderClass = &apos;org.springframework.test.context.ContextLoader&apos;].
10:45:52.371 [main] DEBUG o.s.test.context.ContextLoaderUtils - Could not find an &apos;annotation declaring class&apos; for annotation type [org.springframework.test.context.ActiveProfiles] and class [com.springapp.mvc.FormTest]
10:45:52.372 [main] DEBUG o.s.t.annotation.ProfileValueUtils - Retrieved @ProfileValueSourceConfiguration [null] for test class [com.springapp.mvc.FormTest]
10:45:52.372 [main] DEBUG o.s.t.annotation.ProfileValueUtils - Retrieved ProfileValueSource type [class org.springframework.test.annotation.SystemProfileValueSource] for class [com.springapp.mvc.FormTest]
10:45:52.372 [main] DEBUG o.s.t.annotation.ProfileValueUtils - Retrieved @ProfileValueSourceConfiguration [null] for test class [com.springapp.mvc.FormTest]
10:45:52.372 [main] DEBUG o.s.t.annotation.ProfileValueUtils - Retrieved ProfileValueSource type [class org.springframework.test.annotation.SystemProfileValueSource] for class [com.springapp.mvc.FormTest]
10:45:52.372 [main] DEBUG o.s.t.annotation.ProfileValueUtils - Retrieved @ProfileValueSourceConfiguration [null] for test class [com.springapp.mvc.FormTest]
10:45:52.372 [main] DEBUG o.s.t.annotation.ProfileValueUtils - Retrieved ProfileValueSource type [class org.springframework.test.annotation.SystemProfileValueSource] for class [com.springapp.mvc.FormTest]
10:45:52.372 [main] DEBUG o.s.t.c.s.DependencyInjectionTestExecutionListener - Performing dependency injection for test context [[DefaultTestContext@47fe1e26 testClass = FormTest, testInstance = com.springapp.mvc.FormTest@7c6d75b6, testMethod = [null], testException = [null], mergedContextConfiguration = [MergedContextConfiguration@764b3f8b testClass = FormTest, locations = &apos;{file:src/main/webapp/WEB-INF/test-dispatcher-servlet.xml}&apos;, classes = &apos;{}&apos;, contextInitializerClasses = &apos;[]&apos;, activeProfiles = &apos;{}&apos;, contextLoader = &apos;org.springframework.test.context.support.DelegatingSmartContextLoader&apos;, parent = [null]]]].
10:45:52.372 [main] DEBUG o.s.t.c.s.AbstractDelegatingSmartContextLoader - Delegating to GenericXmlContextLoader to load context from [MergedContextConfiguration@764b3f8b testClass = FormTest, locations = &apos;{file:src/main/webapp/WEB-INF/test-dispatcher-servlet.xml}&apos;, classes = &apos;{}&apos;, contextInitializerClasses = &apos;[]&apos;, activeProfiles = &apos;{}&apos;, contextLoader = &apos;org.springframework.test.context.support.DelegatingSmartContextLoader&apos;, parent = [null]].
10:45:52.372 [main] DEBUG o.s.t.c.s.AbstractGenericContextLoader - Loading ApplicationContext for merged context configuration [[MergedContextConfiguration@764b3f8b testClass = FormTest, locations = &apos;{file:src/main/webapp/WEB-INF/test-dispatcher-servlet.xml}&apos;, classes = &apos;{}&apos;, contextInitializerClasses = &apos;[]&apos;, activeProfiles = &apos;{}&apos;, contextLoader = &apos;org.springframework.test.context.support.DelegatingSmartContextLoader&apos;, parent = [null]]].
10:45:52.374 [main] DEBUG o.s.core.env.StandardEnvironment - Initializing new StandardEnvironment
10:45:52.374 [main] DEBUG o.s.core.env.StandardEnvironment - Adding [systemProperties] PropertySource with lowest search precedence
10:45:52.374 [main] DEBUG o.s.core.env.StandardEnvironment - Adding [systemEnvironment] PropertySource with lowest search precedence
10:45:52.374 [main] DEBUG o.s.core.env.StandardEnvironment - Initialized StandardEnvironment with PropertySources [systemProperties,systemEnvironment]
10:45:52.374 [main] INFO  o.s.b.f.xml.XmlBeanDefinitionReader - Loading XML bean definitions from URL [file:src/main/webapp/WEB-INF/test-dispatcher-servlet.xml]
10:45:52.375 [main] DEBUG o.s.b.f.xml.DefaultDocumentLoader - Using JAXP provider [org.apache.xerces.jaxp.DocumentBuilderFactoryImpl]
10:45:52.376 [main] DEBUG o.s.b.f.xml.PluggableSchemaResolver - Loading schema mappings from [META-INF/spring.schemas]
10:45:52.377 [main] DEBUG o.s.b.f.xml.PluggableSchemaResolver - Loaded schema mappings: {http://www.springframework.org/schema/tx/spring-tx-2.5.xsd=org/springframework/transaction/config/spring-tx-2.5.xsd, http://www.springframework.org/schema/context/spring-context-3.1.xsd=org/springframework/context/config/spring-context-3.1.xsd, http://www.springframework.org/schema/data/repository/spring-repository-1.4.xsd=org/springframework/data/repository/config/spring-repository-1.4.xsd, http://www.springframework.org/schema/util/spring-util-3.0.xsd=org/springframework/beans/factory/xml/spring-util-3.0.xsd, http://www.springframework.org/schema/data/jpa/spring-jpa.xsd=org/springframework/data/jpa/repository/config/spring-jpa-1.2.xsd, http://www.springframework.org/schema/tool/spring-tool.xsd=org/springframework/beans/factory/xml/spring-tool-4.0.xsd, http://www.springframework.org/schema/aop/spring-aop-3.2.xsd=org/springframework/aop/config/spring-aop-3.2.xsd, http://www.springframework.org/schema/context/spring-context-4.0.xsd=org/springframework/context/config/spring-context-4.0.xsd, http://www.springframework.org/schema/mvc/spring-mvc-3.2.xsd=org/springframework/web/servlet/config/spring-mvc-3.2.xsd, http://www.springframework.org/schema/lang/spring-lang-3.2.xsd=org/springframework/scripting/config/spring-lang-3.2.xsd, http://www.springframework.org/schema/cache/spring-cache-3.2.xsd=org/springframework/cache/config/spring-cache-3.2.xsd, http://www.springframework.org/schema/jdbc/spring-jdbc-3.1.xsd=org/springframework/jdbc/config/spring-jdbc-3.1.xsd, http://www.springframework.org/schema/util/spring-util-2.0.xsd=org/springframework/beans/factory/xml/spring-util-2.0.xsd, http://www.springframework.org/schema/tool/spring-tool-3.2.xsd=org/springframework/beans/factory/xml/spring-tool-3.2.xsd, http://www.springframework.org/schema/context/spring-context.xsd=org/springframework/context/config/spring-context-4.0.xsd, http://www.springframework.org/schema/aop/spring-aop-4.0.xsd=org/springframework/aop/config/spring-aop-4.0.xsd, http://www.springframework.org/schema/jee/spring-jee-3.2.xsd=org/springframework/ejb/config/spring-jee-3.2.xsd, http://www.springframework.org/schema/context/spring-context-3.0.xsd=org/springframework/context/config/spring-context-3.0.xsd, http://www.springframework.org/schema/jdbc/spring-jdbc-4.0.xsd=org/springframework/jdbc/config/spring-jdbc-4.0.xsd, http://www.springframework.org/schema/util/spring-util-2.5.xsd=org/springframework/beans/factory/xml/spring-util-2.5.xsd, http://www.springframework.org/schema/mvc/spring-mvc-4.0.xsd=org/springframework/web/servlet/config/spring-mvc-4.0.xsd, http://www.springframework.org/schema/beans/spring-beans-3.2.xsd=org/springframework/beans/factory/xml/spring-beans-3.2.xsd, http://www.springframework.org/schema/aop/spring-aop-3.1.xsd=org/springframework/aop/config/spring-aop-3.1.xsd, http://www.springframework.org/schema/lang/spring-lang-4.0.xsd=org/springframework/scripting/config/spring-lang-4.0.xsd, http://www.springframework.org/schema/mvc/spring-mvc.xsd=org/springframework/web/servlet/config/spring-mvc-4.0.xsd, http://www.springframework.org/schema/mvc/spring-mvc-3.1.xsd=org/springframework/web/servlet/config/spring-mvc-3.1.xsd, http://www.springframework.org/schema/tool/spring-tool-4.0.xsd=org/springframework/beans/factory/xml/spring-tool-4.0.xsd, http://www.springframework.org/schema/lang/spring-lang-3.1.xsd=org/springframework/scripting/config/spring-lang-3.1.xsd, http://www.springframework.org/schema/cache/spring-cache-3.1.xsd=org/springframework/cache/config/spring-cache-3.1.xsd, http://www.springframework.org/schema/jee/spring-jee-4.0.xsd=org/springframework/ejb/config/spring-jee-4.0.xsd, http://www.springframework.org/schema/jdbc/spring-jdbc-3.0.xsd=org/springframework/jdbc/config/spring-jdbc-3.0.xsd, http://www.springframework.org/schema/jdbc/spring-jdbc.xsd=org/springframework/jdbc/config/spring-jdbc-4.0.xsd, http://www.springframework.org/schema/tool/spring-tool-3.1.xsd=org/springframework/beans/factory/xml/spring-tool-3.1.xsd, http://www.springframework.org/schema/cache/spring-cache-4.0.xsd=org/springframework/cache/config/spring-cache-4.0.xsd, http://www.springframework.org/schema/jee/spring-jee-3.1.xsd=org/springframework/ejb/config/spring-jee-3.1.xsd, http://www.springframework.org/schema/task/spring-task-3.2.xsd=org/springframework/scheduling/config/spring-task-3.2.xsd, http://www.springframework.org/schema/beans/spring-beans-3.1.xsd=org/springframework/beans/factory/xml/spring-beans-3.1.xsd, http://www.springframework.org/schema/util/spring-util.xsd=org/springframework/beans/factory/xml/spring-util-4.0.xsd, http://www.springframework.org/schema/aop/spring-aop-3.0.xsd=org/springframework/aop/config/spring-aop-3.0.xsd, http://www.springframework.org/schema/data/repository/spring-repository.xsd=org/springframework/data/repository/config/spring-repository-1.4.xsd, http://www.springframework.org/schema/mvc/spring-mvc-3.0.xsd=org/springframework/web/servlet/config/spring-mvc-3.0.xsd, http://www.springframework.org/schema/beans/spring-beans-4.0.xsd=org/springframework/beans/factory/xml/spring-beans-4.0.xsd, http://www.springframework.org/schema/beans/spring-beans.xsd=org/springframework/beans/factory/xml/spring-beans-4.0.xsd, http://www.springframework.org/schema/tx/spring-tx-3.1.xsd=org/springframework/transaction/config/spring-tx-3.1.xsd, http://www.springframework.org/schema/lang/spring-lang-3.0.xsd=org/springframework/scripting/config/spring-lang-3.0.xsd, http://www.springframework.org/schema/context/spring-context-2.5.xsd=org/springframework/context/config/spring-context-2.5.xsd, http://www.springframework.org/schema/task/spring-task-4.0.xsd=org/springframework/scheduling/config/spring-task-4.0.xsd, http://www.springframework.org/schema/tool/spring-tool-3.0.xsd=org/springframework/beans/factory/xml/spring-tool-3.0.xsd, http://www.springframework.org/schema/aop/spring-aop-2.0.xsd=org/springframework/aop/config/spring-aop-2.0.xsd, http://www.springframework.org/schema/jee/spring-jee-3.0.xsd=org/springframework/ejb/config/spring-jee-3.0.xsd, http://www.springframework.org/schema/task/spring-task-3.1.xsd=org/springframework/scheduling/config/spring-task-3.1.xsd, http://www.springframework.org/schema/beans/spring-beans-3.0.xsd=org/springframework/beans/factory/xml/spring-beans-3.0.xsd, http://www.springframework.org/schema/data/jpa/spring-jpa-1.2.xsd=org/springframework/data/jpa/repository/config/spring-jpa-1.2.xsd, http://www.springframework.org/schema/jee/spring-jee.xsd=org/springframework/ejb/config/spring-jee-4.0.xsd, http://www.springframework.org/schema/aop/spring-aop-2.5.xsd=org/springframework/aop/config/spring-aop-2.5.xsd, http://www.springframework.org/schema/lang/spring-lang-2.0.xsd=org/springframework/scripting/config/spring-lang-2.0.xsd, http://www.springframework.org/schema/util/spring-util-3.2.xsd=org/springframework/beans/factory/xml/spring-util-3.2.xsd, http://www.springframework.org/schema/task/spring-task.xsd=org/springframework/scheduling/config/spring-task-4.0.xsd, http://www.springframework.org/schema/tool/spring-tool-2.0.xsd=org/springframework/beans/factory/xml/spring-tool-2.0.xsd, http://www.springframework.org/schema/tx/spring-tx-3.0.xsd=org/springframework/transaction/config/spring-tx-3.0.xsd, http://www.springframework.org/schema/lang/spring-lang-2.5.xsd=org/springframework/scripting/config/spring-lang-2.5.xsd, http://www.springframework.org/schema/jee/spring-jee-2.0.xsd=org/springframework/ejb/config/spring-jee-2.0.xsd, http://www.springframework.org/schema/tool/spring-tool-2.5.xsd=org/springframework/beans/factory/xml/spring-tool-2.5.xsd, http://www.springframework.org/schema/jee/spring-jee-2.5.xsd=org/springframework/ejb/config/spring-jee-2.5.xsd, http://www.springframework.org/schema/data/repository/spring-repository-1.0.xsd=org/springframework/data/repository/config/spring-repository-1.0.xsd, http://www.springframework.org/schema/util/spring-util-4.0.xsd=org/springframework/beans/factory/xml/spring-util-4.0.xsd, http://www.springframework.org/schema/task/spring-task-3.0.xsd=org/springframework/scheduling/config/spring-task-3.0.xsd, http://www.springframework.org/schema/data/jpa/spring-jpa-1.1.xsd=org/springframework/data/jpa/repository/config/spring-jpa-1.1.xsd, http://www.springframework.org/schema/lang/spring-lang.xsd=org/springframework/scripting/config/spring-lang-4.0.xsd, http://www.springframework.org/schema/context/spring-context-3.2.xsd=org/springframework/context/config/spring-context-3.2.xsd, http://www.springframework.org/schema/util/spring-util-3.1.xsd=org/springframework/beans/factory/xml/spring-util-3.1.xsd, http://www.springframework.org/schema/beans/spring-beans-2.0.xsd=org/springframework/beans/factory/xml/spring-beans-2.0.xsd, http://www.springframework.org/schema/cache/spring-cache.xsd=org/springframework/cache/config/spring-cache-4.0.xsd, http://www.springframework.org/schema/tx/spring-tx.xsd=org/springframework/transaction/config/spring-tx-3.1.xsd, http://www.springframework.org/schema/beans/spring-beans-2.5.xsd=org/springframework/beans/factory/xml/spring-beans-2.5.xsd, http://www.springframework.org/schema/tx/spring-tx-2.0.xsd=org/springframework/transaction/config/spring-tx-2.0.xsd, http://www.springframework.org/schema/jdbc/spring-jdbc-3.2.xsd=org/springframework/jdbc/config/spring-jdbc-3.2.xsd, http://www.springframework.org/schema/aop/spring-aop.xsd=org/springframework/aop/config/spring-aop-4.0.xsd, http://www.springframework.org/schema/data/jpa/spring-jpa-1.0.xsd=org/springframework/data/jpa/repository/config/spring-jpa-1.0.xsd}
10:45:52.378 [main] DEBUG o.s.b.f.xml.PluggableSchemaResolver - Found XML schema [http://www.springframework.org/schema/beans/spring-beans.xsd] in classpath: org/springframework/beans/factory/xml/spring-beans-4.0.xsd
10:45:52.392 [main] DEBUG o.s.b.f.xml.PluggableSchemaResolver - Found XML schema [http://www.springframework.org/schema/context/spring-context.xsd] in classpath: org/springframework/context/config/spring-context-4.0.xsd
10:45:52.396 [main] DEBUG o.s.b.f.xml.PluggableSchemaResolver - Found XML schema [http://www.springframework.org/schema/tool/spring-tool-4.0.xsd] in classpath: org/springframework/beans/factory/xml/spring-tool-4.0.xsd
10:45:52.411 [main] DEBUG o.s.b.f.xml.PluggableSchemaResolver - Found XML schema [http://www.springframework.org/schema/data/jpa/spring-jpa.xsd] in classpath: org/springframework/data/jpa/repository/config/spring-jpa-1.2.xsd
10:45:52.412 [main] DEBUG o.s.b.f.xml.PluggableSchemaResolver - Found XML schema [http://www.springframework.org/schema/data/repository/spring-repository.xsd] in classpath: org/springframework/data/repository/config/spring-repository-1.4.xsd
10:45:52.416 [main] DEBUG o.s.b.f.xml.PluggableSchemaResolver - Found XML schema [http://www.springframework.org/schema/tx/spring-tx.xsd] in classpath: org/springframework/transaction/config/spring-tx-3.1.xsd
10:45:52.420 [main] DEBUG o.s.b.f.x.DefaultBeanDefinitionDocumentReader - Loading bean definitions
10:45:52.421 [main] DEBUG o.s.b.f.x.DefaultNamespaceHandlerResolver - Loaded NamespaceHandler mappings: {http://www.springframework.org/schema/p=org.springframework.beans.factory.xml.SimplePropertyNamespaceHandler, http://www.springframework.org/schema/mvc=org.springframework.web.servlet.config.MvcNamespaceHandler, http://www.springframework.org/schema/util=org.springframework.beans.factory.xml.UtilNamespaceHandler, http://www.springframework.org/schema/jee=org.springframework.ejb.config.JeeNamespaceHandler, http://www.springframework.org/schema/aop=org.springframework.aop.config.AopNamespaceHandler, http://www.springframework.org/schema/jdbc=org.springframework.jdbc.config.JdbcNamespaceHandler, http://www.springframework.org/schema/data/repository=org.springframework.data.repository.config.RepositoryNameSpaceHandler, http://www.springframework.org/schema/data/jpa=org.springframework.data.jpa.repository.config.JpaRepositoryNameSpaceHandler, http://www.springframework.org/schema/cache=org.springframework.cache.config.CacheNamespaceHandler, http://www.springframework.org/schema/c=org.springframework.beans.factory.xml.SimpleConstructorNamespaceHandler, http://www.springframework.org/schema/tx=org.springframework.transaction.config.TxNamespaceHandler, http://www.springframework.org/schema/task=org.springframework.scheduling.config.TaskNamespaceHandler, http://www.springframework.org/schema/lang=org.springframework.scripting.config.LangNamespaceHandler, http://www.springframework.org/schema/context=org.springframework.context.config.ContextNamespaceHandler}
10:45:52.422 [main] DEBUG o.s.c.a.ClassPathBeanDefinitionScanner - JSR-250 &apos;javax.annotation.ManagedBean&apos; found and supported for component scanning
10:45:52.423 [main] DEBUG o.s.c.i.s.PathMatchingResourcePatternResolver - Looking for matching resources in directory tree [/Users/pivotal/workspace/spring-boot/target/test-classes/com/springapp/mvc]
10:45:52.423 [main] DEBUG o.s.c.i.s.PathMatchingResourcePatternResolver - Searching directory [/Users/pivotal/workspace/spring-boot/target/test-classes/com/springapp/mvc] for files matching pattern [/Users/pivotal/workspace/spring-boot/target/test-classes/com/springapp/mvc/**/*.class]
10:45:52.423 [main] DEBUG o.s.c.i.s.PathMatchingResourcePatternResolver - Looking for matching resources in directory tree [/Users/pivotal/workspace/spring-boot/target/classes/com/springapp/mvc]
10:45:52.424 [main] DEBUG o.s.c.i.s.PathMatchingResourcePatternResolver - Searching directory [/Users/pivotal/workspace/spring-boot/target/classes/com/springapp/mvc] for files matching pattern [/Users/pivotal/workspace/spring-boot/target/classes/com/springapp/mvc/**/*.class]
10:45:52.424 [main] DEBUG o.s.c.i.s.PathMatchingResourcePatternResolver - Resolved location pattern [classpath*:com/springapp/mvc/**/*.class] to resources [file [/Users/pivotal/workspace/spring-boot/target/test-classes/com/springapp/mvc/AppTest.class], file [/Users/pivotal/workspace/spring-boot/target/test-classes/com/springapp/mvc/FormTest.class], file [/Users/pivotal/workspace/spring-boot/target/test-classes/com/springapp/mvc/UserTest.class], file [/Users/pivotal/workspace/spring-boot/target/classes/com/springapp/mvc/IntegrationTestUtil.class], file [/Users/pivotal/workspace/spring-boot/target/classes/com/springapp/mvc/User.class], file [/Users/pivotal/workspace/spring-boot/target/classes/com/springapp/mvc/UserController.class], file [/Users/pivotal/workspace/spring-boot/target/classes/com/springapp/mvc/UserRepository.class]]
10:45:52.426 [main] DEBUG o.s.c.a.ClassPathBeanDefinitionScanner - Identified candidate component class: file [/Users/pivotal/workspace/spring-boot/target/classes/com/springapp/mvc/UserController.class]
10:45:52.427 [main] DEBUG o.s.b.f.x.BeanDefinitionParserDelegate - Neither XML &apos;id&apos; nor &apos;name&apos; specified - using generated bean name [org.springframework.web.servlet.view.InternalResourceViewResolver#0]
10:45:52.428 [main] DEBUG o.s.core.env.StandardEnvironment - Initializing new StandardEnvironment
10:45:52.428 [main] DEBUG o.s.core.env.StandardEnvironment - Adding [systemProperties] PropertySource with lowest search precedence
10:45:52.428 [main] DEBUG o.s.core.env.StandardEnvironment - Adding [systemEnvironment] PropertySource with lowest search precedence
10:45:52.428 [main] DEBUG o.s.core.env.StandardEnvironment - Initialized StandardEnvironment with PropertySources [systemProperties,systemEnvironment]
10:45:52.429 [main] DEBUG o.s.c.i.s.PathMatchingResourcePatternResolver - Looking for matching resources in directory tree [/Users/pivotal/workspace/spring-boot/target/test-classes/com/springapp/mvc]
10:45:52.429 [main] DEBUG o.s.c.i.s.PathMatchingResourcePatternResolver - Searching directory [/Users/pivotal/workspace/spring-boot/target/test-classes/com/springapp/mvc] for files matching pattern [/Users/pivotal/workspace/spring-boot/target/test-classes/com/springapp/mvc/**/*.class]
10:45:52.429 [main] DEBUG o.s.c.i.s.PathMatchingResourcePatternResolver - Looking for matching resources in directory tree [/Users/pivotal/workspace/spring-boot/target/classes/com/springapp/mvc]
10:45:52.429 [main] DEBUG o.s.c.i.s.PathMatchingResourcePatternResolver - Searching directory [/Users/pivotal/workspace/spring-boot/target/classes/com/springapp/mvc] for files matching pattern [/Users/pivotal/workspace/spring-boot/target/classes/com/springapp/mvc/**/*.class]
10:45:52.430 [main] DEBUG o.s.c.i.s.PathMatchingResourcePatternResolver - Resolved location pattern [classpath*:com/springapp/mvc/**/*.class] to resources [file [/Users/pivotal/workspace/spring-boot/target/test-classes/com/springapp/mvc/AppTest.class], file [/Users/pivotal/workspace/spring-boot/target/test-classes/com/springapp/mvc/FormTest.class], file [/Users/pivotal/workspace/spring-boot/target/test-classes/com/springapp/mvc/UserTest.class], file [/Users/pivotal/workspace/spring-boot/target/classes/com/springapp/mvc/IntegrationTestUtil.class], file [/Users/pivotal/workspace/spring-boot/target/classes/com/springapp/mvc/User.class], file [/Users/pivotal/workspace/spring-boot/target/classes/com/springapp/mvc/UserController.class], file [/Users/pivotal/workspace/spring-boot/target/classes/com/springapp/mvc/UserRepository.class]]
10:45:52.433 [main] DEBUG o.s.d.r.c.RepositoryComponentProvider - Identified candidate component class: file [/Users/pivotal/workspace/spring-boot/target/classes/com/springapp/mvc/UserRepository.class]
10:45:52.435 [main] DEBUG o.s.core.env.StandardEnvironment - Initializing new StandardEnvironment
10:45:52.435 [main] DEBUG o.s.core.env.StandardEnvironment - Adding [systemProperties] PropertySource with lowest search precedence
10:45:52.435 [main] DEBUG o.s.core.env.StandardEnvironment - Adding [systemEnvironment] PropertySource with lowest search precedence
10:45:52.435 [main] DEBUG o.s.core.env.StandardEnvironment - Initialized StandardEnvironment with PropertySources [systemProperties,systemEnvironment]
10:45:52.436 [main] DEBUG o.s.c.i.s.PathMatchingResourcePatternResolver - Looking for matching resources in directory tree [/Users/pivotal/workspace/spring-boot/target/test-classes/com/springapp/mvc]
10:45:52.436 [main] DEBUG o.s.c.i.s.PathMatchingResourcePatternResolver - Searching directory [/Users/pivotal/workspace/spring-boot/target/test-classes/com/springapp/mvc] for files matching pattern [/Users/pivotal/workspace/spring-boot/target/test-classes/com/springapp/mvc/**/*.class]
10:45:52.436 [main] DEBUG o.s.c.i.s.PathMatchingResourcePatternResolver - Looking for matching resources in directory tree [/Users/pivotal/workspace/spring-boot/target/classes/com/springapp/mvc]
10:45:52.436 [main] DEBUG o.s.c.i.s.PathMatchingResourcePatternResolver - Searching directory [/Users/pivotal/workspace/spring-boot/target/classes/com/springapp/mvc] for files matching pattern [/Users/pivotal/workspace/spring-boot/target/classes/com/springapp/mvc/**/*.class]
10:45:52.436 [main] DEBUG o.s.c.i.s.PathMatchingResourcePatternResolver - Resolved location pattern [classpath*:com/springapp/mvc/**/*.class] to resources [file [/Users/pivotal/workspace/spring-boot/target/test-classes/com/springapp/mvc/AppTest.class], file [/Users/pivotal/workspace/spring-boot/target/test-classes/com/springapp/mvc/FormTest.class], file [/Users/pivotal/workspace/spring-boot/target/test-classes/com/springapp/mvc/UserTest.class], file [/Users/pivotal/workspace/spring-boot/target/classes/com/springapp/mvc/IntegrationTestUtil.class], file [/Users/pivotal/workspace/spring-boot/target/classes/com/springapp/mvc/User.class], file [/Users/pivotal/workspace/spring-boot/target/classes/com/springapp/mvc/UserController.class], file [/Users/pivotal/workspace/spring-boot/target/classes/com/springapp/mvc/UserRepository.class]]
10:45:52.439 [main] DEBUG o.s.d.r.c.RepositoryBeanDefinitionParser - Registering repository: userRepository - Interface: com.springapp.mvc.UserRepository - Factory: org.springframework.data.jpa.repository.support.JpaRepositoryFactoryBean
10:45:52.440 [main] DEBUG o.s.b.f.xml.XmlBeanDefinitionReader - Loaded 17 bean definitions from location pattern [file:src/main/webapp/WEB-INF/test-dispatcher-servlet.xml]
10:45:52.440 [main] INFO  o.s.c.s.GenericApplicationContext - Refreshing org.springframework.context.support.GenericApplicationContext@4638fb59: startup date [Thu Feb 13 10:45:52 EST 2014]; root of context hierarchy
10:45:52.440 [main] DEBUG o.s.c.s.GenericApplicationContext - Bean factory for org.springframework.context.support.GenericApplicationContext@4638fb59: org.springframework.beans.factory.support.DefaultListableBeanFactory@4fadbfde: defining beans [userController,org.springframework.context.annotation.internalConfigurationAnnotationProcessor,org.springframework.context.annotation.internalAutowiredAnnotationProcessor,org.springframework.context.annotation.internalRequiredAnnotationProcessor,org.springframework.context.annotation.internalCommonAnnotationProcessor,org.springframework.context.annotation.internalPersistenceAnnotationProcessor,org.springframework.web.servlet.view.InternalResourceViewResolver#0,userRepository,org.springframework.data.repository.core.support.RepositoryInterfaceAwareBeanPostProcessor#0,org.springframework.dao.annotation.PersistenceExceptionTranslationPostProcessor#0,org.springframework.orm.jpa.support.PersistenceAnnotationBeanPostProcessor#0,entityManagerFactory,transactionManager,org.springframework.aop.config.internalAutoProxyCreator,org.springframework.transaction.annotation.AnnotationTransactionAttributeSource#0,org.springframework.transaction.interceptor.TransactionInterceptor#0,org.springframework.transaction.config.internalTransactionAdvisor]; root of factory hierarchy
10:45:52.441 [main] DEBUG o.s.b.f.s.DefaultListableBeanFactory - Creating shared instance of singleton bean &apos;org.springframework.context.annotation.internalConfigurationAnnotationProcessor&apos;
10:45:52.441 [main] DEBUG o.s.b.f.s.DefaultListableBeanFactory - Creating instance of bean &apos;org.springframework.context.annotation.internalConfigurationAnnotationProcessor&apos;
10:45:52.441 [main] DEBUG o.s.b.f.s.DefaultListableBeanFactory - Eagerly caching bean &apos;org.springframework.context.annotation.internalConfigurationAnnotationProcessor&apos; to allow for resolving potential circular references
10:45:52.441 [main] DEBUG o.s.b.f.s.DefaultListableBeanFactory - Finished creating instance of bean &apos;org.springframework.context.annotation.internalConfigurationAnnotationProcessor&apos;
10:45:52.461 [main] DEBUG o.s.c.t.c.AnnotationAttributesReadingVisitor - Failed to class-load type while reading annotation metadata. This is a non-fatal error, but certain annotation metadata may be unavailable.
java.lang.ClassNotFoundException: org.springframework.web.socket.config.annotation.EnableWebSocket
	at java.net.URLClassLoader$1.run(URLClassLoader.java:202) ~[na:1.6.0_51]
	at java.security.AccessController.doPrivileged(Native Method) ~[na:1.6.0_51]
	at java.net.URLClassLoader.findClass(URLClassLoader.java:190) ~[na:1.6.0_51]
	at java.lang.ClassLoader.loadClass(ClassLoader.java:306) ~[na:1.6.0_51]
	at sun.misc.Launcher$AppClassLoader.loadClass(Launcher.java:301) ~[na:1.6.0_51]
	at java.lang.ClassLoader.loadClass(ClassLoader.java:247) ~[na:1.6.0_51]
	at org.springframework.core.type.classreading.RecursiveAnnotationAttributesVisitor.visitEnd(AnnotationAttributesReadingVisitor.java:180) ~[spring-core-4.0.1.RELEASE.jar:4.0.1.RELEASE]
	at org.springframework.asm.ClassReader.readAnnotationValues(ClassReader.java:1491) [spring-core-4.0.1.RELEASE.jar:4.0.1.RELEASE]
	at org.springframework.asm.ClassReader.accept(ClassReader.java:634) [spring-core-4.0.1.RELEASE.jar:4.0.1.RELEASE]
	at org.springframework.asm.ClassReader.accept(ClassReader.java:508) [spring-core-4.0.1.RELEASE.jar:4.0.1.RELEASE]
	at org.springframework.core.type.classreading.SimpleMetadataReader.&lt;init&gt;(SimpleMetadataReader.java:64) [spring-core-4.0.1.RELEASE.jar:4.0.1.RELEASE]
	at org.springframework.core.type.classreading.SimpleMetadataReaderFactory.getMetadataReader(SimpleMetadataReaderFactory.java:82) [spring-core-4.0.1.RELEASE.jar:4.0.1.RELEASE]
	at org.springframework.core.type.classreading.CachingMetadataReaderFactory.getMetadataReader(CachingMetadataReaderFactory.java:102) [spring-core-4.0.1.RELEASE.jar:4.0.1.RELEASE]
	at org.springframework.core.type.classreading.SimpleMetadataReaderFactory.getMetadataReader(SimpleMetadataReaderFactory.java:77) [spring-core-4.0.1.RELEASE.jar:4.0.1.RELEASE]
	at org.springframework.boot.autoconfigure.AutoConfigurationSorter$AutoConfigurationClasses.&lt;init&gt;(AutoConfigurationSorter.java:125) [spring-boot-autoconfigure-1.0.0.RC1.jar:1.0.0.RC1]
	at org.springframework.boot.autoconfigure.AutoConfigurationSorter.getInPriorityOrder(AutoConfigurationSorter.java:60) [spring-boot-autoconfigure-1.0.0.RC1.jar:1.0.0.RC1]
	at org.springframework.boot.autoconfigure.EnableAutoConfigurationImportSelector.selectImports(EnableAutoConfigurationImportSelector.java:66) [spring-boot-autoconfigure-1.0.0.RC1.jar:1.0.0.RC1]
	at org.springframework.context.annotation.ConfigurationClassParser.processDeferredImportSelectors(ConfigurationClassParser.java:379) [spring-context-4.0.1.RELEASE.jar:4.0.1.RELEASE]
	at org.springframework.context.annotation.ConfigurationClassParser.parse(ConfigurationClassParser.java:162) [spring-context-4.0.1.RELEASE.jar:4.0.1.RELEASE]
	at org.springframework.context.annotation.ConfigurationClassPostProcessor.processConfigBeanDefinitions(ConfigurationClassPostProcessor.java:299) [spring-context-4.0.1.RELEASE.jar:4.0.1.RELEASE]
	at org.springframework.context.annotation.ConfigurationClassPostProcessor.postProcessBeanDefinitionRegistry(ConfigurationClassPostProcessor.java:243) [spring-context-4.0.1.RELEASE.jar:4.0.1.RELEASE]
	at org.springframework.context.support.PostProcessorRegistrationDelegate.invokeBeanDefinitionRegistryPostProcessors(PostProcessorRegistrationDelegate.java:254) [spring-context-4.0.1.RELEASE.jar:4.0.1.RELEASE]
	at org.springframework.context.support.PostProcessorRegistrationDelegate.invokeBeanFactoryPostProcessors(PostProcessorRegistrationDelegate.java:94) [spring-context-4.0.1.RELEASE.jar:4.0.1.RELEASE]
	at org.springframework.context.support.AbstractApplicationContext.invokeBeanFactoryPostProcessors(AbstractApplicationContext.java:609) [spring-context-4.0.1.RELEASE.jar:4.0.1.RELEASE]
	at org.springframework.context.support.AbstractApplicationContext.refresh(AbstractApplicationContext.java:464) [spring-context-4.0.1.RELEASE.jar:4.0.1.RELEASE]
	at org.springframework.test.context.support.AbstractGenericContextLoader.loadContext(AbstractGenericContextLoader.java:121) [spring-test-4.0.1.RELEASE.jar:4.0.1.RELEASE]
	at org.springframework.test.context.support.AbstractGenericContextLoader.loadContext(AbstractGenericContextLoader.java:60) [spring-test-4.0.1.RELEASE.jar:4.0.1.RELEASE]
	at org.springframework.test.context.support.AbstractDelegatingSmartContextLoader.delegateLoading(AbstractDelegatingSmartContextLoader.java:100) [spring-test-4.0.1.RELEASE.jar:4.0.1.RELEASE]
	at org.springframework.test.context.support.AbstractDelegatingSmartContextLoader.loadContext(AbstractDelegatingSmartContextLoader.java:250) [spring-test-4.0.1.RELEASE.jar:4.0.1.RELEASE]
	at org.springframework.test.context.CacheAwareContextLoaderDelegate.loadContextInternal(CacheAwareContextLoaderDelegate.java:64) [spring-test-4.0.1.RELEASE.jar:4.0.1.RELEASE]
	at org.springframework.test.context.CacheAwareContextLoaderDelegate.loadContext(CacheAwareContextLoaderDelegate.java:91) [spring-test-4.0.1.RELEASE.jar:4.0.1.RELEASE]
	at org.springframework.test.context.DefaultTestContext.getApplicationContext(DefaultTestContext.java:101) [spring-test-4.0.1.RELEASE.jar:4.0.1.RELEASE]
	at org.springframework.test.context.support.DependencyInjectionTestExecutionListener.injectDependencies(DependencyInjectionTestExecutionListener.java:109) [spring-test-4.0.1.RELEASE.jar:4.0.1.RELEASE]
	at org.springframework.test.context.support.DependencyInjectionTestExecutionListener.prepareTestInstance(DependencyInjectionTestExecutionListener.java:75) [spring-test-4.0.1.RELEASE.jar:4.0.1.RELEASE]
	at org.springframework.test.context.TestContextManager.prepareTestInstance(TestContextManager.java:319) [spring-test-4.0.1.RELEASE.jar:4.0.1.RELEASE]
	at org.springframework.test.context.junit4.SpringJUnit4ClassRunner.createTest(SpringJUnit4ClassRunner.java:212) [spring-test-4.0.1.RELEASE.jar:4.0.1.RELEASE]
	at org.springframework.test.context.junit4.SpringJUnit4ClassRunner$1.runReflectiveCall(SpringJUnit4ClassRunner.java:289) [spring-test-4.0.1.RELEASE.jar:4.0.1.RELEASE]
	at org.junit.internal.runners.model.ReflectiveCallable.run(ReflectiveCallable.java:15) [junit-4.8.2.jar:na]
	at org.springframework.test.context.junit4.SpringJUnit4ClassRunner.methodBlock(SpringJUnit4ClassRunner.java:291) [spring-test-4.0.1.RELEASE.jar:4.0.1.RELEASE]
	at org.springframework.test.context.junit4.SpringJUnit4ClassRunner.runChild(SpringJUnit4ClassRunner.java:232) [spring-test-4.0.1.RELEASE.jar:4.0.1.RELEASE]
	at org.springframework.test.context.junit4.SpringJUnit4ClassRunner.runChild(SpringJUnit4ClassRunner.java:89) [spring-test-4.0.1.RELEASE.jar:4.0.1.RELEASE]
	at org.junit.runners.ParentRunner$3.run(ParentRunner.java:193) [junit-4.8.2.jar:na]
	at org.junit.runners.ParentRunner$1.schedule(ParentRunner.java:52) [junit-4.8.2.jar:na]
	at org.junit.runners.ParentRunner.runChildren(ParentRunner.java:191) [junit-4.8.2.jar:na]
	at org.junit.runners.ParentRunner.access$000(ParentRunner.java:42) [junit-4.8.2.jar:na]
	at org.junit.runners.ParentRunner$2.evaluate(ParentRunner.java:184) [junit-4.8.2.jar:na]
	at org.springframework.test.context.junit4.statements.RunBeforeTestClassCallbacks.evaluate(RunBeforeTestClassCallbacks.java:61) [spring-test-4.0.1.RELEASE.jar:4.0.1.RELEASE]
	at org.springframework.test.context.junit4.statements.RunAfterTestClassCallbacks.evaluate(RunAfterTestClassCallbacks.java:71) [spring-test-4.0.1.RELEASE.jar:4.0.1.RELEASE]
	at org.junit.runners.ParentRunner.run(ParentRunner.java:236) [junit-4.8.2.jar:na]
	at org.springframework.test.context.junit4.SpringJUnit4ClassRunner.run(SpringJUnit4ClassRunner.java:175) [spring-test-4.0.1.RELEASE.jar:4.0.1.RELEASE]
	at org.apache.maven.surefire.junit4.JUnit4TestSet.execute(JUnit4TestSet.java:53) [surefire-junit4-2.10.jar:2.10]
	at org.apache.maven.surefire.junit4.JUnit4Provider.executeTestSet(JUnit4Provider.java:123) [surefire-junit4-2.10.jar:2.10]
	at org.apache.maven.surefire.junit4.JUnit4Provider.invoke(JUnit4Provider.java:104) [surefire-junit4-2.10.jar:2.10]
	at sun.reflect.NativeMethodAccessorImpl.invoke0(Native Method) ~[na:1.6.0_51]
	at sun.reflect.NativeMethodAccessorImpl.invoke(NativeMethodAccessorImpl.java:39) ~[na:1.6.0_51]
	at sun.reflect.DelegatingMethodAccessorImpl.invoke(DelegatingMethodAccessorImpl.java:25) ~[na:1.6.0_51]
	at java.lang.reflect.Method.invoke(Method.java:597) ~[na:1.6.0_51]
	at org.apache.maven.surefire.util.ReflectionUtils.invokeMethodWithArray(ReflectionUtils.java:164) [surefire-api-2.10.jar:2.10]
	at org.apache.maven.surefire.booter.ProviderFactory$ProviderProxy.invoke(ProviderFactory.java:110) [surefire-booter-2.10.jar:2.10]
	at org.apache.maven.surefire.booter.SurefireStarter.invokeProvider(SurefireStarter.java:175) [surefire-booter-2.10.jar:2.10]
	at org.apache.maven.surefire.booter.SurefireStarter.runSuitesInProcessWhenForked(SurefireStarter.java:107) [surefire-booter-2.10.jar:2.10]
	at org.apache.maven.surefire.booter.ForkedBooter.main(ForkedBooter.java:68) [surefire-booter-2.10.jar:2.10]
10:45:52.475 [main] DEBUG o.s.c.t.c.AnnotationAttributesReadingVisitor - Failed to class-load type while reading annotation metadata. This is a non-fatal error, but certain annotation metadata may be unavailable.
java.lang.ClassNotFoundException: org.springframework.web.socket.config.annotation.EnableWebSocket
	at java.net.URLClassLoader$1.run(URLClassLoader.java:202) ~[na:1.6.0_51]
	at java.security.AccessController.doPrivileged(Native Method) ~[na:1.6.0_51]
	at java.net.URLClassLoader.findClass(URLClassLoader.java:190) ~[na:1.6.0_51]
	at java.lang.ClassLoader.loadClass(ClassLoader.java:306) ~[na:1.6.0_51]
	at sun.misc.Launcher$AppClassLoader.loadClass(Launcher.java:301) ~[na:1.6.0_51]
	at java.lang.ClassLoader.loadClass(ClassLoader.java:247) ~[na:1.6.0_51]
	at org.springframework.core.type.classreading.RecursiveAnnotationAttributesVisitor.visitEnd(AnnotationAttributesReadingVisitor.java:180) ~[spring-core-4.0.1.RELEASE.jar:4.0.1.RELEASE]
	at org.springframework.asm.ClassReader.readAnnotationValues(ClassReader.java:1491) [spring-core-4.0.1.RELEASE.jar:4.0.1.RELEASE]
	at org.springframework.asm.ClassReader.accept(ClassReader.java:634) [spring-core-4.0.1.RELEASE.jar:4.0.1.RELEASE]
	at org.springframework.asm.ClassReader.accept(ClassReader.java:508) [spring-core-4.0.1.RELEASE.jar:4.0.1.RELEASE]
	at org.springframework.core.type.classreading.SimpleMetadataReader.&lt;init&gt;(SimpleMetadataReader.java:64) [spring-core-4.0.1.RELEASE.jar:4.0.1.RELEASE]
	at org.springframework.core.type.classreading.SimpleMetadataReaderFactory.getMetadataReader(SimpleMetadataReaderFactory.java:82) [spring-core-4.0.1.RELEASE.jar:4.0.1.RELEASE]
	at org.springframework.core.type.classreading.CachingMetadataReaderFactory.getMetadataReader(CachingMetadataReaderFactory.java:102) [spring-core-4.0.1.RELEASE.jar:4.0.1.RELEASE]
	at org.springframework.core.type.classreading.SimpleMetadataReaderFactory.getMetadataReader(SimpleMetadataReaderFactory.java:77) [spring-core-4.0.1.RELEASE.jar:4.0.1.RELEASE]
	at org.springframework.context.annotation.ConfigurationClassParser.asSourceClass(ConfigurationClassParser.java:551) [spring-context-4.0.1.RELEASE.jar:4.0.1.RELEASE]
	at org.springframework.context.annotation.ConfigurationClassParser.asSourceClasses(ConfigurationClassParser.java:538) [spring-context-4.0.1.RELEASE.jar:4.0.1.RELEASE]
	at org.springframework.context.annotation.ConfigurationClassParser.processDeferredImportSelectors(ConfigurationClassParser.java:380) [spring-context-4.0.1.RELEASE.jar:4.0.1.RELEASE]
	at org.springframework.context.annotation.ConfigurationClassParser.parse(ConfigurationClassParser.java:162) [spring-context-4.0.1.RELEASE.jar:4.0.1.RELEASE]
	at org.springframework.context.annotation.ConfigurationClassPostProcessor.processConfigBeanDefinitions(ConfigurationClassPostProcessor.java:299) [spring-context-4.0.1.RELEASE.jar:4.0.1.RELEASE]
	at org.springframework.context.annotation.ConfigurationClassPostProcessor.postProcessBeanDefinitionRegistry(ConfigurationClassPostProcessor.java:243) [spring-context-4.0.1.RELEASE.jar:4.0.1.RELEASE]
	at org.springframework.context.support.PostProcessorRegistrationDelegate.invokeBeanDefinitionRegistryPostProcessors(PostProcessorRegistrationDelegate.java:254) [spring-context-4.0.1.RELEASE.jar:4.0.1.RELEASE]
	at org.springframework.context.support.PostProcessorRegistrationDelegate.invokeBeanFactoryPostProcessors(PostProcessorRegistrationDelegate.java:94) [spring-context-4.0.1.RELEASE.jar:4.0.1.RELEASE]
	at org.springframework.context.support.AbstractApplicationContext.invokeBeanFactoryPostProcessors(AbstractApplicationContext.java:609) [spring-context-4.0.1.RELEASE.jar:4.0.1.RELEASE]
	at org.springframework.context.support.AbstractApplicationContext.refresh(AbstractApplicationContext.java:464) [spring-context-4.0.1.RELEASE.jar:4.0.1.RELEASE]
	at org.springframework.test.context.support.AbstractGenericContextLoader.loadContext(AbstractGenericContextLoader.java:121) [spring-test-4.0.1.RELEASE.jar:4.0.1.RELEASE]
	at org.springframework.test.context.support.AbstractGenericContextLoader.loadContext(AbstractGenericContextLoader.java:60) [spring-test-4.0.1.RELEASE.jar:4.0.1.RELEASE]
	at org.springframework.test.context.support.AbstractDelegatingSmartContextLoader.delegateLoading(AbstractDelegatingSmartContextLoader.java:100) [spring-test-4.0.1.RELEASE.jar:4.0.1.RELEASE]
	at org.springframework.test.context.support.AbstractDelegatingSmartContextLoader.loadContext(AbstractDelegatingSmartContextLoader.java:250) [spring-test-4.0.1.RELEASE.jar:4.0.1.RELEASE]
	at org.springframework.test.context.CacheAwareContextLoaderDelegate.loadContextInternal(CacheAwareContextLoaderDelegate.java:64) [spring-test-4.0.1.RELEASE.jar:4.0.1.RELEASE]
	at org.springframework.test.context.CacheAwareContextLoaderDelegate.loadContext(CacheAwareContextLoaderDelegate.java:91) [spring-test-4.0.1.RELEASE.jar:4.0.1.RELEASE]
	at org.springframework.test.context.DefaultTestContext.getApplicationContext(DefaultTestContext.java:101) [spring-test-4.0.1.RELEASE.jar:4.0.1.RELEASE]
	at org.springframework.test.context.support.DependencyInjectionTestExecutionListener.injectDependencies(DependencyInjectionTestExecutionListener.java:109) [spring-test-4.0.1.RELEASE.jar:4.0.1.RELEASE]
	at org.springframework.test.context.support.DependencyInjectionTestExecutionListener.prepareTestInstance(DependencyInjectionTestExecutionListener.java:75) [spring-test-4.0.1.RELEASE.jar:4.0.1.RELEASE]
	at org.springframework.test.context.TestContextManager.prepareTestInstance(TestContextManager.java:319) [spring-test-4.0.1.RELEASE.jar:4.0.1.RELEASE]
	at org.springframework.test.context.junit4.SpringJUnit4ClassRunner.createTest(SpringJUnit4ClassRunner.java:212) [spring-test-4.0.1.RELEASE.jar:4.0.1.RELEASE]
	at org.springframework.test.context.junit4.SpringJUnit4ClassRunner$1.runReflectiveCall(SpringJUnit4ClassRunner.java:289) [spring-test-4.0.1.RELEASE.jar:4.0.1.RELEASE]
	at org.junit.internal.runners.model.ReflectiveCallable.run(ReflectiveCallable.java:15) [junit-4.8.2.jar:na]
	at org.springframework.test.context.junit4.SpringJUnit4ClassRunner.methodBlock(SpringJUnit4ClassRunner.java:291) [spring-test-4.0.1.RELEASE.jar:4.0.1.RELEASE]
	at org.springframework.test.context.junit4.SpringJUnit4ClassRunner.runChild(SpringJUnit4ClassRunner.java:232) [spring-test-4.0.1.RELEASE.jar:4.0.1.RELEASE]
	at org.springframework.test.context.junit4.SpringJUnit4ClassRunner.runChild(SpringJUnit4ClassRunner.java:89) [spring-test-4.0.1.RELEASE.jar:4.0.1.RELEASE]
	at org.junit.runners.ParentRunner$3.run(ParentRunner.java:193) [junit-4.8.2.jar:na]
	at org.junit.runners.ParentRunner$1.schedule(ParentRunner.java:52) [junit-4.8.2.jar:na]
	at org.junit.runners.ParentRunner.runChildren(ParentRunner.java:191) [junit-4.8.2.jar:na]
	at org.junit.runners.ParentRunner.access$000(ParentRunner.java:42) [junit-4.8.2.jar:na]
	at org.junit.runners.ParentRunner$2.evaluate(ParentRunner.java:184) [junit-4.8.2.jar:na]
	at org.springframework.test.context.junit4.statements.RunBeforeTestClassCallbacks.evaluate(RunBeforeTestClassCallbacks.java:61) [spring-test-4.0.1.RELEASE.jar:4.0.1.RELEASE]
	at org.springframework.test.context.junit4.statements.RunAfterTestClassCallbacks.evaluate(RunAfterTestClassCallbacks.java:71) [spring-test-4.0.1.RELEASE.jar:4.0.1.RELEASE]
	at org.junit.runners.ParentRunner.run(ParentRunner.java:236) [junit-4.8.2.jar:na]
	at org.springframework.test.context.junit4.SpringJUnit4ClassRunner.run(SpringJUnit4ClassRunner.java:175) [spring-test-4.0.1.RELEASE.jar:4.0.1.RELEASE]
	at org.apache.maven.surefire.junit4.JUnit4TestSet.execute(JUnit4TestSet.java:53) [surefire-junit4-2.10.jar:2.10]
	at org.apache.maven.surefire.junit4.JUnit4Provider.executeTestSet(JUnit4Provider.java:123) [surefire-junit4-2.10.jar:2.10]
	at org.apache.maven.surefire.junit4.JUnit4Provider.invoke(JUnit4Provider.java:104) [surefire-junit4-2.10.jar:2.10]
	at sun.reflect.NativeMethodAccessorImpl.invoke0(Native Method) ~[na:1.6.0_51]
	at sun.reflect.NativeMethodAccessorImpl.invoke(NativeMethodAccessorImpl.java:39) ~[na:1.6.0_51]
	at sun.reflect.DelegatingMethodAccessorImpl.invoke(DelegatingMethodAccessorImpl.java:25) ~[na:1.6.0_51]
	at java.lang.reflect.Method.invoke(Method.java:597) ~[na:1.6.0_51]
	at org.apache.maven.surefire.util.ReflectionUtils.invokeMethodWithArray(ReflectionUtils.java:164) [surefire-api-2.10.jar:2.10]
	at org.apache.maven.surefire.booter.ProviderFactory$ProviderProxy.invoke(ProviderFactory.java:110) [surefire-booter-2.10.jar:2.10]
	at org.apache.maven.surefire.booter.SurefireStarter.invokeProvider(SurefireStarter.java:175) [surefire-booter-2.10.jar:2.10]
	at org.apache.maven.surefire.booter.SurefireStarter.runSuitesInProcessWhenForked(SurefireStarter.java:107) [surefire-booter-2.10.jar:2.10]
	at org.apache.maven.surefire.booter.ForkedBooter.main(ForkedBooter.java:68) [surefire-booter-2.10.jar:2.10]
10:45:52.497 [main] DEBUG o.s.b.f.s.DefaultListableBeanFactory - Returning cached instance of singleton bean &apos;autoConfigurationReport&apos;
10:45:52.497 [main] DEBUG o.s.b.f.s.DefaultListableBeanFactory - Returning cached instance of singleton bean &apos;autoConfigurationReport&apos;
10:45:52.497 [main] DEBUG o.s.b.f.s.DefaultListableBeanFactory - Returning cached instance of singleton bean &apos;autoConfigurationReport&apos;
10:45:52.497 [main] DEBUG o.s.b.f.s.DefaultListableBeanFactory - Returning cached instance of singleton bean &apos;autoConfigurationReport&apos;
10:45:52.497 [main] DEBUG o.s.b.f.s.DefaultListableBeanFactory - Returning cached instance of singleton bean &apos;autoConfigurationReport&apos;
10:45:52.498 [main] DEBUG o.s.b.f.s.DefaultListableBeanFactory - Returning cached instance of singleton bean &apos;autoConfigurationReport&apos;
10:45:52.498 [main] DEBUG o.s.b.f.s.DefaultListableBeanFactory - Returning cached instance of singleton bean &apos;autoConfigurationReport&apos;
10:45:52.499 [main] DEBUG o.s.b.f.s.DefaultListableBeanFactory - Returning cached instance of singleton bean &apos;autoConfigurationReport&apos;
10:45:52.499 [main] DEBUG o.s.b.f.s.DefaultListableBeanFactory - Returning cached instance of singleton bean &apos;autoConfigurationReport&apos;
10:45:52.500 [main] DEBUG o.s.c.e.PropertySourcesPropertyResolver - Searching for key &apos;endpoints.jmx.enabled:true&apos; in [systemProperties]
10:45:52.500 [main] DEBUG o.s.c.e.PropertySourcesPropertyResolver - Searching for key &apos;endpoints.jmx.enabled:true&apos; in [systemEnvironment]
10:45:52.501 [main] DEBUG o.s.c.e.PropertySourcesPropertyResolver - Could not find key &apos;endpoints.jmx.enabled:true&apos; in any property source. Returning [null]
10:45:52.501 [main] DEBUG o.s.c.e.PropertySourcesPropertyResolver - Searching for key &apos;endpoints.jmx.enabled&apos; in [systemProperties]
10:45:52.501 [main] DEBUG o.s.c.e.PropertySourcesPropertyResolver - Searching for key &apos;endpoints.jmx.enabled&apos; in [systemEnvironment]
10:45:52.501 [main] DEBUG o.s.c.e.PropertySourcesPropertyResolver - Could not find key &apos;endpoints.jmx.enabled&apos; in any property source. Returning [null]
10:45:52.501 [main] DEBUG o.s.c.e.PropertySourcesPropertyResolver - Searching for key &apos;spring.jmx.enabled:true&apos; in [systemProperties]
10:45:52.501 [main] DEBUG o.s.c.e.PropertySourcesPropertyResolver - Searching for key &apos;spring.jmx.enabled:true&apos; in [systemEnvironment]
10:45:52.501 [main] DEBUG o.s.c.e.PropertySourcesPropertyResolver - Could not find key &apos;spring.jmx.enabled:true&apos; in any property source. Returning [null]
10:45:52.501 [main] DEBUG o.s.c.e.PropertySourcesPropertyResolver - Searching for key &apos;spring.jmx.enabled&apos; in [systemProperties]
10:45:52.501 [main] DEBUG o.s.c.e.PropertySourcesPropertyResolver - Searching for key &apos;spring.jmx.enabled&apos; in [systemEnvironment]
10:45:52.501 [main] DEBUG o.s.c.e.PropertySourcesPropertyResolver - Could not find key &apos;spring.jmx.enabled&apos; in any property source. Returning [null]
10:45:52.501 [main] DEBUG o.s.b.f.s.DefaultListableBeanFactory - Returning cached instance of singleton bean &apos;autoConfigurationReport&apos;
10:45:52.505 [main] DEBUG o.s.b.f.s.DefaultListableBeanFactory - Returning cached instance of singleton bean &apos;autoConfigurationReport&apos;
10:45:52.505 [main] DEBUG o.s.b.f.s.DefaultListableBeanFactory - Returning cached instance of singleton bean &apos;autoConfigurationReport&apos;
10:45:52.506 [main] DEBUG o.s.b.f.s.DefaultListableBeanFactory - Returning cached instance of singleton bean &apos;autoConfigurationReport&apos;
10:45:52.508 [main] DEBUG o.s.b.f.s.DefaultListableBeanFactory - Returning cached instance of singleton bean &apos;autoConfigurationReport&apos;
10:45:52.508 [main] DEBUG o.s.b.f.s.DefaultListableBeanFactory - Returning cached instance of singleton bean &apos;autoConfigurationReport&apos;
10:45:52.509 [main] DEBUG o.s.b.f.s.DefaultListableBeanFactory - Returning cached instance of singleton bean &apos;autoConfigurationReport&apos;
10:45:52.510 [main] DEBUG o.s.b.f.s.DefaultListableBeanFactory - Returning cached instance of singleton bean &apos;autoConfigurationReport&apos;
10:45:52.511 [main] DEBUG o.s.b.f.s.DefaultListableBeanFactory - Returning cached instance of singleton bean &apos;autoConfigurationReport&apos;
10:45:52.512 [main] DEBUG o.s.b.f.s.DefaultListableBeanFactory - Returning cached instance of singleton bean &apos;autoConfigurationReport&apos;
10:45:52.512 [main] DEBUG o.s.c.e.PropertySourcesPropertyResolver - Searching for key &apos;spring.aop.auto:true&apos; in [systemProperties]
10:45:52.512 [main] DEBUG o.s.c.e.PropertySourcesPropertyResolver - Searching for key &apos;spring.aop.auto:true&apos; in [systemEnvironment]
10:45:52.512 [main] DEBUG o.s.c.e.PropertySourcesPropertyResolver - Could not find key &apos;spring.aop.auto:true&apos; in any property source. Returning [null]
10:45:52.512 [main] DEBUG o.s.c.e.PropertySourcesPropertyResolver - Searching for key &apos;spring.aop.auto&apos; in [systemProperties]
10:45:52.512 [main] DEBUG o.s.c.e.PropertySourcesPropertyResolver - Searching for key &apos;spring.aop.auto&apos; in [systemEnvironment]
10:45:52.512 [main] DEBUG o.s.c.e.PropertySourcesPropertyResolver - Could not find key &apos;spring.aop.auto&apos; in any property source. Returning [null]
10:45:52.512 [main] DEBUG o.s.b.f.s.DefaultListableBeanFactory - Returning cached instance of singleton bean &apos;autoConfigurationReport&apos;
10:45:52.513 [main] DEBUG o.s.c.e.PropertySourcesPropertyResolver - Searching for key &apos;spring.aop.proxyTargetClass:false&apos; in [systemProperties]
10:45:52.513 [main] DEBUG o.s.c.e.PropertySourcesPropertyResolver - Searching for key &apos;spring.aop.proxyTargetClass:false&apos; in [systemEnvironment]
10:45:52.513 [main] DEBUG o.s.c.e.PropertySourcesPropertyResolver - Could not find key &apos;spring.aop.proxyTargetClass:false&apos; in any property source. Returning [null]
10:45:52.513 [main] DEBUG o.s.c.e.PropertySourcesPropertyResolver - Searching for key &apos;spring.aop.proxyTargetClass&apos; in [systemProperties]
10:45:52.513 [main] DEBUG o.s.c.e.PropertySourcesPropertyResolver - Searching for key &apos;spring.aop.proxyTargetClass&apos; in [systemEnvironment]
10:45:52.514 [main] DEBUG o.s.c.e.PropertySourcesPropertyResolver - Could not find key &apos;spring.aop.proxyTargetClass&apos; in any property source. Returning [null]
10:45:52.514 [main] DEBUG o.s.b.f.s.DefaultListableBeanFactory - Returning cached instance of singleton bean &apos;autoConfigurationReport&apos;
10:45:52.514 [main] DEBUG o.s.c.e.PropertySourcesPropertyResolver - Searching for key &apos;spring.aop.proxyTargetClass:false&apos; in [systemProperties]
10:45:52.514 [main] DEBUG o.s.c.e.PropertySourcesPropertyResolver - Searching for key &apos;spring.aop.proxyTargetClass:false&apos; in [systemEnvironment]
10:45:52.514 [main] DEBUG o.s.c.e.PropertySourcesPropertyResolver - Could not find key &apos;spring.aop.proxyTargetClass:false&apos; in any property source. Returning [null]
10:45:52.514 [main] DEBUG o.s.c.e.PropertySourcesPropertyResolver - Searching for key &apos;spring.aop.proxyTargetClass&apos; in [systemProperties]
10:45:52.514 [main] DEBUG o.s.c.e.PropertySourcesPropertyResolver - Searching for key &apos;spring.aop.proxyTargetClass&apos; in [systemEnvironment]
10:45:52.514 [main] DEBUG o.s.c.e.PropertySourcesPropertyResolver - Could not find key &apos;spring.aop.proxyTargetClass&apos; in any property source. Returning [null]
10:45:52.514 [main] DEBUG o.s.b.f.s.DefaultListableBeanFactory - Returning cached instance of singleton bean &apos;autoConfigurationReport&apos;
10:45:52.515 [main] DEBUG o.s.b.f.s.DefaultListableBeanFactory - Returning cached instance of singleton bean &apos;autoConfigurationReport&apos;
10:45:52.519 [main] DEBUG o.s.c.e.PropertySourcesPropertyResolver - Searching for key &apos;spring.datasource.driverClassName&apos; in [systemProperties]
10:45:52.519 [main] DEBUG o.s.c.e.PropertySourcesPropertyResolver - Searching for key &apos;spring.datasource.driverClassName&apos; in [systemEnvironment]
10:45:52.519 [main] DEBUG o.s.c.e.PropertySourcesPropertyResolver - Could not find key &apos;spring.datasource.driverClassName&apos; in any property source. Returning [null]
10:45:52.519 [main] DEBUG o.s.c.e.PropertySourcesPropertyResolver - Searching for key &apos;spring.datasource.url&apos; in [systemProperties]
10:45:52.519 [main] DEBUG o.s.c.e.PropertySourcesPropertyResolver - Searching for key &apos;spring.datasource.url&apos; in [systemEnvironment]
10:45:52.519 [main] DEBUG o.s.c.e.PropertySourcesPropertyResolver - Could not find key &apos;spring.datasource.url&apos; in any property source. Returning [null]
10:45:52.520 [main] DEBUG o.s.b.f.s.DefaultListableBeanFactory - Returning cached instance of singleton bean &apos;autoConfigurationReport&apos;
10:45:52.521 [main] DEBUG o.s.c.e.PropertySourcesPropertyResolver - Searching for key &apos;spring.datasource.driverClassName&apos; in [systemProperties]
10:45:52.521 [main] DEBUG o.s.c.e.PropertySourcesPropertyResolver - Searching for key &apos;spring.datasource.driverClassName&apos; in [systemEnvironment]
10:45:52.521 [main] DEBUG o.s.c.e.PropertySourcesPropertyResolver - Could not find key &apos;spring.datasource.driverClassName&apos; in any property source. Returning [null]
10:45:52.521 [main] DEBUG o.s.c.e.PropertySourcesPropertyResolver - Searching for key &apos;spring.datasource.url&apos; in [systemProperties]
10:45:52.521 [main] DEBUG o.s.c.e.PropertySourcesPropertyResolver - Searching for key &apos;spring.datasource.url&apos; in [systemEnvironment]
10:45:52.522 [main] DEBUG o.s.c.e.PropertySourcesPropertyResolver - Could not find key &apos;spring.datasource.url&apos; in any property source. Returning [null]
10:45:52.522 [main] DEBUG o.s.b.f.s.DefaultListableBeanFactory - Returning cached instance of singleton bean &apos;autoConfigurationReport&apos;
10:45:52.524 [main] DEBUG o.s.b.f.s.DefaultListableBeanFactory - Returning cached instance of singleton bean &apos;autoConfigurationReport&apos;
10:45:52.525 [main] DEBUG o.s.c.e.PropertySourcesPropertyResolver - Searching for key &apos;spring.datasource.driverClassName&apos; in [systemProperties]
10:45:52.525 [main] DEBUG o.s.c.e.PropertySourcesPropertyResolver - Searching for key &apos;spring.datasource.driverClassName&apos; in [systemEnvironment]
10:45:52.525 [main] DEBUG o.s.c.e.PropertySourcesPropertyResolver - Could not find key &apos;spring.datasource.driverClassName&apos; in any property source. Returning [null]
10:45:52.526 [main] DEBUG o.s.c.e.PropertySourcesPropertyResolver - Searching for key &apos;spring.datasource.url&apos; in [systemProperties]
10:45:52.526 [main] DEBUG o.s.c.e.PropertySourcesPropertyResolver - Searching for key &apos;spring.datasource.url&apos; in [systemEnvironment]
10:45:52.526 [main] DEBUG o.s.c.e.PropertySourcesPropertyResolver - Could not find key &apos;spring.datasource.url&apos; in any property source. Returning [null]
10:45:52.526 [main] DEBUG o.s.b.f.s.DefaultListableBeanFactory - Returning cached instance of singleton bean &apos;autoConfigurationReport&apos;
10:45:52.528 [main] DEBUG o.s.b.f.s.DefaultListableBeanFactory - Returning cached instance of singleton bean &apos;autoConfigurationReport&apos;
10:45:52.528 [main] DEBUG o.s.b.f.s.DefaultListableBeanFactory - Returning cached instance of singleton bean &apos;autoConfigurationReport&apos;
10:45:52.528 [main] DEBUG o.s.b.f.s.DefaultListableBeanFactory - Returning cached instance of singleton bean &apos;autoConfigurationReport&apos;
10:45:52.530 [main] DEBUG o.s.c.t.c.AnnotationAttributesReadingVisitor - Failed to class-load type while reading annotation metadata. This is a non-fatal error, but certain annotation metadata may be unavailable.
java.lang.ClassNotFoundException: org.springframework.data.web.config.EnableSpringDataWebSupport
	at java.net.URLClassLoader$1.run(URLClassLoader.java:202) ~[na:1.6.0_51]
	at java.security.AccessController.doPrivileged(Native Method) ~[na:1.6.0_51]
	at java.net.URLClassLoader.findClass(URLClassLoader.java:190) ~[na:1.6.0_51]
	at java.lang.ClassLoader.loadClass(ClassLoader.java:306) ~[na:1.6.0_51]
	at sun.misc.Launcher$AppClassLoader.loadClass(Launcher.java:301) ~[na:1.6.0_51]
	at java.lang.ClassLoader.loadClass(ClassLoader.java:247) ~[na:1.6.0_51]
	at org.springframework.core.type.classreading.RecursiveAnnotationAttributesVisitor.visitEnd(AnnotationAttributesReadingVisitor.java:180) ~[spring-core-4.0.1.RELEASE.jar:4.0.1.RELEASE]
	at org.springframework.asm.ClassReader.readAnnotationValues(ClassReader.java:1491) [spring-core-4.0.1.RELEASE.jar:4.0.1.RELEASE]
	at org.springframework.asm.ClassReader.accept(ClassReader.java:634) [spring-core-4.0.1.RELEASE.jar:4.0.1.RELEASE]
	at org.springframework.asm.ClassReader.accept(ClassReader.java:508) [spring-core-4.0.1.RELEASE.jar:4.0.1.RELEASE]
	at org.springframework.core.type.classreading.SimpleMetadataReader.&lt;init&gt;(SimpleMetadataReader.java:64) [spring-core-4.0.1.RELEASE.jar:4.0.1.RELEASE]
	at org.springframework.core.type.classreading.SimpleMetadataReaderFactory.getMetadataReader(SimpleMetadataReaderFactory.java:82) [spring-core-4.0.1.RELEASE.jar:4.0.1.RELEASE]
	at org.springframework.core.type.classreading.CachingMetadataReaderFactory.getMetadataReader(CachingMetadataReaderFactory.java:102) [spring-core-4.0.1.RELEASE.jar:4.0.1.RELEASE]
	at org.springframework.core.type.classreading.SimpleMetadataReaderFactory.getMetadataReader(SimpleMetadataReaderFactory.java:77) [spring-core-4.0.1.RELEASE.jar:4.0.1.RELEASE]
	at org.springframework.context.annotation.ConfigurationClassParser.asSourceClass(ConfigurationClassParser.java:551) [spring-context-4.0.1.RELEASE.jar:4.0.1.RELEASE]
	at org.springframework.context.annotation.ConfigurationClassParser$SourceClass.getMemberClasses(ConfigurationClassParser.java:700) [spring-context-4.0.1.RELEASE.jar:4.0.1.RELEASE]
	at org.springframework.context.annotation.ConfigurationClassParser.processMemberClasses(ConfigurationClassParser.java:292) [spring-context-4.0.1.RELEASE.jar:4.0.1.RELEASE]
	at org.springframework.context.annotation.ConfigurationClassParser.doProcessConfigurationClass(ConfigurationClassParser.java:222) [spring-context-4.0.1.RELEASE.jar:4.0.1.RELEASE]
	at org.springframework.context.annotation.ConfigurationClassParser.processConfigurationClass(ConfigurationClassParser.java:205) [spring-context-4.0.1.RELEASE.jar:4.0.1.RELEASE]
	at org.springframework.context.annotation.ConfigurationClassParser.processImports(ConfigurationClassParser.java:426) [spring-context-4.0.1.RELEASE.jar:4.0.1.RELEASE]
	at org.springframework.context.annotation.ConfigurationClassParser.processDeferredImportSelectors(ConfigurationClassParser.java:380) [spring-context-4.0.1.RELEASE.jar:4.0.1.RELEASE]
	at org.springframework.context.annotation.ConfigurationClassParser.parse(ConfigurationClassParser.java:162) [spring-context-4.0.1.RELEASE.jar:4.0.1.RELEASE]
	at org.springframework.context.annotation.ConfigurationClassPostProcessor.processConfigBeanDefinitions(ConfigurationClassPostProcessor.java:299) [spring-context-4.0.1.RELEASE.jar:4.0.1.RELEASE]
	at org.springframework.context.annotation.ConfigurationClassPostProcessor.postProcessBeanDefinitionRegistry(ConfigurationClassPostProcessor.java:243) [spring-context-4.0.1.RELEASE.jar:4.0.1.RELEASE]
	at org.springframework.context.support.PostProcessorRegistrationDelegate.invokeBeanDefinitionRegistryPostProcessors(PostProcessorRegistrationDelegate.java:254) [spring-context-4.0.1.RELEASE.jar:4.0.1.RELEASE]
	at org.springframework.context.support.PostProcessorRegistrationDelegate.invokeBeanFactoryPostProcessors(PostProcessorRegistrationDelegate.java:94) [spring-context-4.0.1.RELEASE.jar:4.0.1.RELEASE]
	at org.springframework.context.support.AbstractApplicationContext.invokeBeanFactoryPostProcessors(AbstractApplicationContext.java:609) [spring-context-4.0.1.RELEASE.jar:4.0.1.RELEASE]
	at org.springframework.context.support.AbstractApplicationContext.refresh(AbstractApplicationContext.java:464) [spring-context-4.0.1.RELEASE.jar:4.0.1.RELEASE]
	at org.springframework.test.context.support.AbstractGenericContextLoader.loadContext(AbstractGenericContextLoader.java:121) [spring-test-4.0.1.RELEASE.jar:4.0.1.RELEASE]
	at org.springframework.test.context.support.AbstractGenericContextLoader.loadContext(AbstractGenericContextLoader.java:60) [spring-test-4.0.1.RELEASE.jar:4.0.1.RELEASE]
	at org.springframework.test.context.support.AbstractDelegatingSmartContextLoader.delegateLoading(AbstractDelegatingSmartContextLoader.java:100) [spring-test-4.0.1.RELEASE.jar:4.0.1.RELEASE]
	at org.springframework.test.context.support.AbstractDelegatingSmartContextLoader.loadContext(AbstractDelegatingSmartContextLoader.java:250) [spring-test-4.0.1.RELEASE.jar:4.0.1.RELEASE]
	at org.springframework.test.context.CacheAwareContextLoaderDelegate.loadContextInternal(CacheAwareContextLoaderDelegate.java:64) [spring-test-4.0.1.RELEASE.jar:4.0.1.RELEASE]
	at org.springframework.test.context.CacheAwareContextLoaderDelegate.loadContext(CacheAwareContextLoaderDelegate.java:91) [spring-test-4.0.1.RELEASE.jar:4.0.1.RELEASE]
	at org.springframework.test.context.DefaultTestContext.getApplicationContext(DefaultTestContext.java:101) [spring-test-4.0.1.RELEASE.jar:4.0.1.RELEASE]
	at org.springframework.test.context.support.DependencyInjectionTestExecutionListener.injectDependencies(DependencyInjectionTestExecutionListener.java:109) [spring-test-4.0.1.RELEASE.jar:4.0.1.RELEASE]
	at org.springframework.test.context.support.DependencyInjectionTestExecutionListener.prepareTestInstance(DependencyInjectionTestExecutionListener.java:75) [spring-test-4.0.1.RELEASE.jar:4.0.1.RELEASE]
	at org.springframework.test.context.TestContextManager.prepareTestInstance(TestContextManager.java:319) [spring-test-4.0.1.RELEASE.jar:4.0.1.RELEASE]
	at org.springframework.test.context.junit4.SpringJUnit4ClassRunner.createTest(SpringJUnit4ClassRunner.java:212) [spring-test-4.0.1.RELEASE.jar:4.0.1.RELEASE]
	at org.springframework.test.context.junit4.SpringJUnit4ClassRunner$1.runReflectiveCall(SpringJUnit4ClassRunner.java:289) [spring-test-4.0.1.RELEASE.jar:4.0.1.RELEASE]
	at org.junit.internal.runners.model.ReflectiveCallable.run(ReflectiveCallable.java:15) [junit-4.8.2.jar:na]
	at org.springframework.test.context.junit4.SpringJUnit4ClassRunner.methodBlock(SpringJUnit4ClassRunner.java:291) [spring-test-4.0.1.RELEASE.jar:4.0.1.RELEASE]
	at org.springframework.test.context.junit4.SpringJUnit4ClassRunner.runChild(SpringJUnit4ClassRunner.java:232) [spring-test-4.0.1.RELEASE.jar:4.0.1.RELEASE]
	at org.springframework.test.context.junit4.SpringJUnit4ClassRunner.runChild(SpringJUnit4ClassRunner.java:89) [spring-test-4.0.1.RELEASE.jar:4.0.1.RELEASE]
	at org.junit.runners.ParentRunner$3.run(ParentRunner.java:193) [junit-4.8.2.jar:na]
	at org.junit.runners.ParentRunner$1.schedule(ParentRunner.java:52) [junit-4.8.2.jar:na]
	at org.junit.runners.ParentRunner.runChildren(ParentRunner.java:191) [junit-4.8.2.jar:na]
	at org.junit.runners.ParentRunner.access$000(ParentRunner.java:42) [junit-4.8.2.jar:na]
	at org.junit.runners.ParentRunner$2.evaluate(ParentRunner.java:184) [junit-4.8.2.jar:na]
	at org.springframework.test.context.junit4.statements.RunBeforeTestClassCallbacks.evaluate(RunBeforeTestClassCallbacks.java:61) [spring-test-4.0.1.RELEASE.jar:4.0.1.RELEASE]
	at org.springframework.test.context.junit4.statements.RunAfterTestClassCallbacks.evaluate(RunAfterTestClassCallbacks.java:71) [spring-test-4.0.1.RELEASE.jar:4.0.1.RELEASE]
	at org.junit.runners.ParentRunner.run(ParentRunner.java:236) [junit-4.8.2.jar:na]
	at org.springframework.test.context.junit4.SpringJUnit4ClassRunner.run(SpringJUnit4ClassRunner.java:175) [spring-test-4.0.1.RELEASE.jar:4.0.1.RELEASE]
	at org.apache.maven.surefire.junit4.JUnit4TestSet.execute(JUnit4TestSet.java:53) [surefire-junit4-2.10.jar:2.10]
	at org.apache.maven.surefire.junit4.JUnit4Provider.executeTestSet(JUnit4Provider.java:123) [surefire-junit4-2.10.jar:2.10]
	at org.apache.maven.surefire.junit4.JUnit4Provider.invoke(JUnit4Provider.java:104) [surefire-junit4-2.10.jar:2.10]
	at sun.reflect.NativeMethodAccessorImpl.invoke0(Native Method) ~[na:1.6.0_51]
	at sun.reflect.NativeMethodAccessorImpl.invoke(NativeMethodAccessorImpl.java:39) ~[na:1.6.0_51]
	at sun.reflect.DelegatingMethodAccessorImpl.invoke(DelegatingMethodAccessorImpl.java:25) ~[na:1.6.0_51]
	at java.lang.reflect.Method.invoke(Method.java:597) ~[na:1.6.0_51]
	at org.apache.maven.surefire.util.ReflectionUtils.invokeMethodWithArray(ReflectionUtils.java:164) [surefire-api-2.10.jar:2.10]
	at org.apache.maven.surefire.booter.ProviderFactory$ProviderProxy.invoke(ProviderFactory.java:110) [surefire-booter-2.10.jar:2.10]
	at org.apache.maven.surefire.booter.SurefireStarter.invokeProvider(SurefireStarter.java:175) [surefire-booter-2.10.jar:2.10]
	at org.apache.maven.surefire.booter.SurefireStarter.runSuitesInProcessWhenForked(SurefireStarter.java:107) [surefire-booter-2.10.jar:2.10]
	at org.apache.maven.surefire.booter.ForkedBooter.main(ForkedBooter.java:68) [surefire-booter-2.10.jar:2.10]
10:45:52.530 [main] DEBUG o.s.b.f.s.DefaultListableBeanFactory - Returning cached instance of singleton bean &apos;autoConfigurationReport&apos;
10:45:52.532 [main] DEBUG o.s.b.f.s.DefaultListableBeanFactory - Returning cached instance of singleton bean &apos;autoConfigurationReport&apos;
10:45:52.533 [main] DEBUG o.s.b.f.s.DefaultListableBeanFactory - Returning cached instance of singleton bean &apos;autoConfigurationReport&apos;
10:45:52.533 [main] DEBUG o.s.b.f.s.DefaultListableBeanFactory - Returning cached instance of singleton bean &apos;autoConfigurationReport&apos;
10:45:52.534 [main] DEBUG o.s.b.f.s.DefaultListableBeanFactory - Returning cached instance of singleton bean &apos;autoConfigurationReport&apos;
10:45:52.534 [main] DEBUG o.s.b.f.s.DefaultListableBeanFactory - Returning cached instance of singleton bean &apos;autoConfigurationReport&apos;
10:45:52.534 [main] DEBUG o.s.c.e.PropertySourcesPropertyResolver - Searching for key &apos;spring.jmx.enabled:true&apos; in [systemProperties]
10:45:52.534 [main] DEBUG o.s.c.e.PropertySourcesPropertyResolver - Searching for key &apos;spring.jmx.enabled:true&apos; in [systemEnvironment]
10:45:52.534 [main] DEBUG o.s.c.e.PropertySourcesPropertyResolver - Could not find key &apos;spring.jmx.enabled:true&apos; in any property source. Returning [null]
10:45:52.534 [main] DEBUG o.s.c.e.PropertySourcesPropertyResolver - Searching for key &apos;spring.jmx.enabled&apos; in [systemProperties]
10:45:52.535 [main] DEBUG o.s.c.e.PropertySourcesPropertyResolver - Searching for key &apos;spring.jmx.enabled&apos; in [systemEnvironment]
10:45:52.535 [main] DEBUG o.s.c.e.PropertySourcesPropertyResolver - Could not find key &apos;spring.jmx.enabled&apos; in any property source. Returning [null]
10:45:52.535 [main] DEBUG o.s.b.f.s.DefaultListableBeanFactory - Returning cached instance of singleton bean &apos;autoConfigurationReport&apos;
10:45:52.537 [main] DEBUG o.s.b.f.s.DefaultListableBeanFactory - Returning cached instance of singleton bean &apos;autoConfigurationReport&apos;
10:45:52.538 [main] DEBUG o.s.b.f.s.DefaultListableBeanFactory - Returning cached instance of singleton bean &apos;autoConfigurationReport&apos;
10:45:52.539 [main] DEBUG o.s.b.f.s.DefaultListableBeanFactory - Returning cached instance of singleton bean &apos;autoConfigurationReport&apos;
10:45:52.539 [main] DEBUG o.s.b.f.s.DefaultListableBeanFactory - Returning cached instance of singleton bean &apos;autoConfigurationReport&apos;
10:45:52.539 [main] DEBUG o.s.b.f.s.DefaultListableBeanFactory - Returning cached instance of singleton bean &apos;autoConfigurationReport&apos;
10:45:52.541 [main] DEBUG o.s.b.f.s.DefaultListableBeanFactory - Returning cached instance of singleton bean &apos;autoConfigurationReport&apos;
10:45:52.542 [main] DEBUG o.s.b.f.s.DefaultListableBeanFactory - Returning cached instance of singleton bean &apos;autoConfigurationReport&apos;
10:45:52.542 [main] DEBUG o.s.b.f.s.DefaultListableBeanFactory - Returning cached instance of singleton bean &apos;autoConfigurationReport&apos;
10:45:52.543 [main] DEBUG o.s.b.f.s.DefaultListableBeanFactory - Returning cached instance of singleton bean &apos;autoConfigurationReport&apos;
10:45:52.543 [main] DEBUG o.s.c.a.ConfigurationClassBeanDefinitionReader - Registered bean definition for imported @Configuration class org.springframework.boot.autoconfigure.MessageSourceAutoConfiguration
[...]
10:45:52.908 [main] DEBUG org.hibernate.type.BasicTypeRegistry - Adding type registration imm_timestamp -&gt; org.hibernate.type.AdaptedImmutableType@24226649
10:45:52.908 [main] DEBUG org.hibernate.type.BasicTypeRegistry - Adding type registration imm_dbtimestamp -&gt; org.hibernate.type.AdaptedImmutableType@4e695527
10:45:52.908 [main] DEBUG org.hibernate.type.BasicTypeRegistry - Adding type registration imm_calendar -&gt; org.hibernate.type.AdaptedImmutableType@65559ba8
10:45:52.908 [main] DEBUG org.hibernate.type.BasicTypeRegistry - Adding type registration imm_calendar_date -&gt; org.hibernate.type.AdaptedImmutableType@575e6691
10:45:52.908 [main] DEBUG org.hibernate.type.BasicTypeRegistry - Adding type registration imm_binary -&gt; org.hibernate.type.AdaptedImmutableType@769fe666
10:45:52.908 [main] DEBUG org.hibernate.type.BasicTypeRegistry - Adding type registration imm_serializable -&gt; org.hibernate.type.AdaptedImmutableType@7bcf6f61
10:45:52.909 [main] DEBUG o.h.i.f.DefaultIdentifierGeneratorFactory - Registering IdentifierGenerator strategy [uuid2] -&gt; [class org.hibernate.id.UUIDGenerator]
10:45:52.909 [main] DEBUG o.h.i.f.DefaultIdentifierGeneratorFactory - Registering IdentifierGenerator strategy [guid] -&gt; [class org.hibernate.id.GUIDGenerator]
10:45:52.909 [main] DEBUG o.h.i.f.DefaultIdentifierGeneratorFactory - Registering IdentifierGenerator strategy [uuid] -&gt; [class org.hibernate.id.UUIDHexGenerator]
10:45:52.909 [main] DEBUG o.h.i.f.DefaultIdentifierGeneratorFactory - Registering IdentifierGenerator strategy [uuid.hex] -&gt; [class org.hibernate.id.UUIDHexGenerator]
10:45:52.909 [main] DEBUG o.h.i.f.DefaultIdentifierGeneratorFactory - Registering IdentifierGenerator strategy [hilo] -&gt; [class org.hibernate.id.TableHiLoGenerator]
10:45:52.909 [main] DEBUG o.h.i.f.DefaultIdentifierGeneratorFactory - Registering IdentifierGenerator strategy [assigned] -&gt; [class org.hibernate.id.Assigned]
10:45:52.909 [main] DEBUG o.h.i.f.DefaultIdentifierGeneratorFactory - Registering IdentifierGenerator strategy [identity] -&gt; [class org.hibernate.id.IdentityGenerator]
10:45:52.909 [main] DEBUG o.h.i.f.DefaultIdentifierGeneratorFactory - Registering IdentifierGenerator strategy [select] -&gt; [class org.hibernate.id.SelectGenerator]
10:45:52.909 [main] DEBUG o.h.i.f.DefaultIdentifierGeneratorFactory - Registering IdentifierGenerator strategy [sequence] -&gt; [class org.hibernate.id.SequenceGenerator]
10:45:52.909 [main] DEBUG o.h.i.f.DefaultIdentifierGeneratorFactory - Registering IdentifierGenerator strategy [seqhilo] -&gt; [class org.hibernate.id.SequenceHiLoGenerator]
10:45:52.909 [main] DEBUG o.h.i.f.DefaultIdentifierGeneratorFactory - Registering IdentifierGenerator strategy [increment] -&gt; [class org.hibernate.id.IncrementGenerator]
10:45:52.909 [main] DEBUG o.h.i.f.DefaultIdentifierGeneratorFactory - Registering IdentifierGenerator strategy [foreign] -&gt; [class org.hibernate.id.ForeignGenerator]
10:45:52.909 [main] DEBUG o.h.i.f.DefaultIdentifierGeneratorFactory - Registering IdentifierGenerator strategy [sequence-identity] -&gt; [class org.hibernate.id.SequenceIdentityGenerator]
10:45:52.909 [main] DEBUG o.h.i.f.DefaultIdentifierGeneratorFactory - Registering IdentifierGenerator strategy [enhanced-sequence] -&gt; [class org.hibernate.id.enhanced.SequenceStyleGenerator]
10:45:52.909 [main] DEBUG o.h.i.f.DefaultIdentifierGeneratorFactory - Registering IdentifierGenerator strategy [enhanced-table] -&gt; [class org.hibernate.id.enhanced.TableGenerator]
10:45:52.909 [main] DEBUG org.hibernate.ejb.Ejb3Configuration - Look up for persistence unit: testPersistenceUnit
10:45:52.920 [main] DEBUG o.s.b.f.s.DefaultListableBeanFactory - Destroying singletons in org.springframework.beans.factory.support.DefaultListableBeanFactory@52b4ac5c: defining beans [userController,org.springframework.context.annotation.internalConfigurationAnnotationProcessor,org.springframework.context.annotation.internalAutowiredAnnotationProcessor,org.springframework.context.annotation.internalRequiredAnnotationProcessor,org.springframework.context.annotation.internalCommonAnnotationProcessor,org.springframework.context.annotation.internalPersistenceAnnotationProcessor,org.springframework.web.servlet.view.InternalResourceViewResolver#0,userRepository,org.springframework.data.repository.core.support.RepositoryInterfaceAwareBeanPostProcessor#0,org.springframework.dao.annotation.PersistenceExceptionTranslationPostProcessor#0,org.springframework.orm.jpa.support.PersistenceAnnotationBeanPostProcessor#0,entityManagerFactory,transactionManager,org.springframework.aop.config.internalAutoProxyCreator,org.springframework.transaction.annotation.AnnotationTransactionAttributeSource#0,org.springframework.transaction.interceptor.TransactionInterceptor#0,org.springframework.transaction.config.internalTransactionAdvisor,org.springframework.context.annotation.ConfigurationClassPostProcessor.importAwareProcessor,org.springframework.context.annotation.ConfigurationClassPostProcessor.enhancedConfigurationProcessor,org.springframework.boot.autoconfigure.AutoConfigurationPackages,org.springframework.boot.autoconfigure.MessageSourceAutoConfiguration,messageSource,org.springframework.boot.autoconfigure.PropertyPlaceholderAutoConfiguration,propertySourcesPlaceholderConfigurer,org.springframework.boot.actuate.autoconfigure.AuditAutoConfiguration$AuditEventRepositoryConfiguration,auditEventRepository,org.springframework.boot.actuate.autoconfigure.AuditAutoConfiguration,auditListener,org.springframework.boot.actuate.autoconfigure.EndpointAutoConfiguration$InfoPropertiesConfiguration,org.springframework.boot.actuate.autoconfigure.EndpointAutoConfiguration,environmentEndpoint,healthEndpoint,beansEndpoint,infoEndpoint,metricsEndpoint,traceEndpoint,dumpEndpoint,autoConfigurationAuditEndpoint,shutdownEndpoint,configurationPropertiesReportEndpoint,org.springframework.boot.actuate.autoconfigure.EndpointMBeanExportAutoConfiguration,endpointMBeanExporter,org.springframework.boot.actuate.autoconfigure.EndpointMBeanExportAutoConfiguration$EndpointMBeanExportProperties,org.springframework.boot.context.properties.ConfigurationPropertiesBindingPostProcessor,org.springframework.boot.actuate.autoconfigure.ManagementServerPropertiesAutoConfiguration,org.springframework.actuate.properties.ManagementServerProperties,org.springframework.boot.actuate.autoconfigure.MetricRepositoryAutoConfiguration$MetricRepositoryConfiguration,metricRepository,org.springframework.boot.actuate.autoconfigure.MetricRepositoryAutoConfiguration,counterService,gaugeService,org.springframework.boot.actuate.autoconfigure.MetricFilterAutoConfiguration,metricFilter,org.springframework.boot.actuate.autoconfigure.TraceRepositoryAutoConfiguration,traceRepository,org.springframework.boot.actuate.autoconfigure.TraceWebFilterAutoConfiguration,webRequestLoggingFilter,org.springframework.boot.autoconfigure.aop.AopAutoConfiguration$JdkDynamicAutoProxyConfiguration,org.springframework.boot.autoconfigure.aop.AopAutoConfiguration,org.springframework.boot.autoconfigure.jdbc.DataSourceAutoConfiguration$JdbcTemplateConfiguration,jdbcTemplate,namedParameterJdbcTemplate,org.springframework.boot.autoconfigure.jdbc.CommonsDataSourceConfiguration,dataSource,org.springframework.boot.autoconfigure.jdbc.DataSourceAutoConfiguration$DbcpConfiguration,org.springframework.boot.autoconfigure.jdbc.DataSourceAutoConfiguration,org.springframework.boot.autoconfigure.jdbc.DataSourceTransactionManagerAutoConfiguration,org.springframework.boot.autoconfigure.web.HttpMessageConvertersAutoConfiguration$ObjectMappers,jacksonObjectMapper,mappingJackson2HttpMessageConverter,org.springframework.boot.autoconfigure.web.HttpMessageConvertersAutoConfiguration,messageConverters]; root of factory hierarchy
10:45:52.921 [main] ERROR o.s.test.context.TestContextManager - Caught exception while allowing TestExecutionListener [org.springframework.test.context.support.DependencyInjectionTestExecutionListener@18ce623f] to prepare test instance [com.springapp.mvc.FormTest@159422d2]
java.lang.IllegalStateException: Failed to load ApplicationContext
	at org.springframework.test.context.CacheAwareContextLoaderDelegate.loadContext(CacheAwareContextLoaderDelegate.java:99) ~[spring-test-4.0.1.RELEASE.jar:4.0.1.RELEASE]
	at org.springframework.test.context.DefaultTestContext.getApplicationContext(DefaultTestContext.java:101) ~[spring-test-4.0.1.RELEASE.jar:4.0.1.RELEASE]
	at org.springframework.test.context.support.DependencyInjectionTestExecutionListener.injectDependencies(DependencyInjectionTestExecutionListener.java:109) ~[spring-test-4.0.1.RELEASE.jar:4.0.1.RELEASE]
	at org.springframework.test.context.support.DependencyInjectionTestExecutionListener.prepareTestInstance(DependencyInjectionTestExecutionListener.java:75) ~[spring-test-4.0.1.RELEASE.jar:4.0.1.RELEASE]
	at org.springframework.test.context.TestContextManager.prepareTestInstance(TestContextManager.java:319) ~[spring-test-4.0.1.RELEASE.jar:4.0.1.RELEASE]
	at org.springframework.test.context.junit4.SpringJUnit4ClassRunner.createTest(SpringJUnit4ClassRunner.java:212) [spring-test-4.0.1.RELEASE.jar:4.0.1.RELEASE]
	at org.springframework.test.context.junit4.SpringJUnit4ClassRunner$1.runReflectiveCall(SpringJUnit4ClassRunner.java:289) [spring-test-4.0.1.RELEASE.jar:4.0.1.RELEASE]
	at org.junit.internal.runners.model.ReflectiveCallable.run(ReflectiveCallable.java:15) [junit-4.8.2.jar:na]
	at org.springframework.test.context.junit4.SpringJUnit4ClassRunner.methodBlock(SpringJUnit4ClassRunner.java:291) [spring-test-4.0.1.RELEASE.jar:4.0.1.RELEASE]
	at org.springframework.test.context.junit4.SpringJUnit4ClassRunner.runChild(SpringJUnit4ClassRunner.java:232) [spring-test-4.0.1.RELEASE.jar:4.0.1.RELEASE]
	at org.springframework.test.context.junit4.SpringJUnit4ClassRunner.runChild(SpringJUnit4ClassRunner.java:89) [spring-test-4.0.1.RELEASE.jar:4.0.1.RELEASE]
	at org.junit.runners.ParentRunner$3.run(ParentRunner.java:193) [junit-4.8.2.jar:na]
	at org.junit.runners.ParentRunner$1.schedule(ParentRunner.java:52) [junit-4.8.2.jar:na]
	at org.junit.runners.ParentRunner.runChildren(ParentRunner.java:191) [junit-4.8.2.jar:na]
	at org.junit.runners.ParentRunner.access$000(ParentRunner.java:42) [junit-4.8.2.jar:na]
	at org.junit.runners.ParentRunner$2.evaluate(ParentRunner.java:184) [junit-4.8.2.jar:na]
	at org.springframework.test.context.junit4.statements.RunBeforeTestClassCallbacks.evaluate(RunBeforeTestClassCallbacks.java:61) [spring-test-4.0.1.RELEASE.jar:4.0.1.RELEASE]
	at org.springframework.test.context.junit4.statements.RunAfterTestClassCallbacks.evaluate(RunAfterTestClassCallbacks.java:71) [spring-test-4.0.1.RELEASE.jar:4.0.1.RELEASE]
	at org.junit.runners.ParentRunner.run(ParentRunner.java:236) [junit-4.8.2.jar:na]
	at org.springframework.test.context.junit4.SpringJUnit4ClassRunner.run(SpringJUnit4ClassRunner.java:175) [spring-test-4.0.1.RELEASE.jar:4.0.1.RELEASE]
	at org.apache.maven.surefire.junit4.JUnit4TestSet.execute(JUnit4TestSet.java:53) [surefire-junit4-2.10.jar:2.10]
	at org.apache.maven.surefire.junit4.JUnit4Provider.executeTestSet(JUnit4Provider.java:123) [surefire-junit4-2.10.jar:2.10]
	at org.apache.maven.surefire.junit4.JUnit4Provider.invoke(JUnit4Provider.java:104) [surefire-junit4-2.10.jar:2.10]
	at sun.reflect.NativeMethodAccessorImpl.invoke0(Native Method) ~[na:1.6.0_51]
	at sun.reflect.NativeMethodAccessorImpl.invoke(NativeMethodAccessorImpl.java:39) ~[na:1.6.0_51]
	at sun.reflect.DelegatingMethodAccessorImpl.invoke(DelegatingMethodAccessorImpl.java:25) ~[na:1.6.0_51]
	at java.lang.reflect.Method.invoke(Method.java:597) ~[na:1.6.0_51]
	at org.apache.maven.surefire.util.ReflectionUtils.invokeMethodWithArray(ReflectionUtils.java:164) [surefire-api-2.10.jar:2.10]
	at org.apache.maven.surefire.booter.ProviderFactory$ProviderProxy.invoke(ProviderFactory.java:110) [surefire-booter-2.10.jar:2.10]
	at org.apache.maven.surefire.booter.SurefireStarter.invokeProvider(SurefireStarter.java:175) [surefire-booter-2.10.jar:2.10]
	at org.apache.maven.surefire.booter.SurefireStarter.runSuitesInProcessWhenForked(SurefireStarter.java:107) [surefire-booter-2.10.jar:2.10]
	at org.apache.maven.surefire.booter.ForkedBooter.main(ForkedBooter.java:68) [surefire-booter-2.10.jar:2.10]
Caused by: org.springframework.beans.factory.BeanCreationException: Error creating bean with name &apos;org.springframework.dao.annotation.PersistenceExceptionTranslationPostProcessor#0&apos;: Initialization of bean failed; nested exception is org.springframework.beans.factory.BeanCreationException: Error creating bean with name &apos;entityManagerFactory&apos; defined in URL [file:src/main/webapp/WEB-INF/test-dispatcher-servlet.xml]: Invocation of init method failed; nested exception is javax.persistence.PersistenceException: No Persistence provider for EntityManager named testPersistenceUnit
	at org.springframework.beans.factory.support.AbstractAutowireCapableBeanFactory.doCreateBean(AbstractAutowireCapableBeanFactory.java:547) ~[spring-beans-4.0.1.RELEASE.jar:4.0.1.RELEASE]
	at org.springframework.beans.factory.support.AbstractAutowireCapableBeanFactory.createBean(AbstractAutowireCapableBeanFactory.java:475) ~[spring-beans-4.0.1.RELEASE.jar:4.0.1.RELEASE]
	at org.springframework.beans.factory.support.AbstractBeanFactory$1.getObject(AbstractBeanFactory.java:304) ~[spring-beans-4.0.1.RELEASE.jar:4.0.1.RELEASE]
	at org.springframework.beans.factory.support.DefaultSingletonBeanRegistry.getSingleton(DefaultSingletonBeanRegistry.java:228) ~[spring-beans-4.0.1.RELEASE.jar:4.0.1.RELEASE]
	at org.springframework.beans.factory.support.AbstractBeanFactory.doGetBean(AbstractBeanFactory.java:300) ~[spring-beans-4.0.1.RELEASE.jar:4.0.1.RELEASE]
	at org.springframework.beans.factory.support.AbstractBeanFactory.getBean(AbstractBeanFactory.java:200) ~[spring-beans-4.0.1.RELEASE.jar:4.0.1.RELEASE]
	at org.springframework.context.support.PostProcessorRegistrationDelegate.registerBeanPostProcessors(PostProcessorRegistrationDelegate.java:220) ~[spring-context-4.0.1.RELEASE.jar:4.0.1.RELEASE]
	at org.springframework.context.support.AbstractApplicationContext.registerBeanPostProcessors(AbstractApplicationContext.java:618) ~[spring-context-4.0.1.RELEASE.jar:4.0.1.RELEASE]
	at org.springframework.context.support.AbstractApplicationContext.refresh(AbstractApplicationContext.java:467) ~[spring-context-4.0.1.RELEASE.jar:4.0.1.RELEASE]
	at org.springframework.test.context.support.AbstractGenericContextLoader.loadContext(AbstractGenericContextLoader.java:121) ~[spring-test-4.0.1.RELEASE.jar:4.0.1.RELEASE]
	at org.springframework.test.context.support.AbstractGenericContextLoader.loadContext(AbstractGenericContextLoader.java:60) ~[spring-test-4.0.1.RELEASE.jar:4.0.1.RELEASE]
	at org.springframework.test.context.support.AbstractDelegatingSmartContextLoader.delegateLoading(AbstractDelegatingSmartContextLoader.java:100) ~[spring-test-4.0.1.RELEASE.jar:4.0.1.RELEASE]
	at org.springframework.test.context.support.AbstractDelegatingSmartContextLoader.loadContext(AbstractDelegatingSmartContextLoader.java:250) ~[spring-test-4.0.1.RELEASE.jar:4.0.1.RELEASE]
	at org.springframework.test.context.CacheAwareContextLoaderDelegate.loadContextInternal(CacheAwareContextLoaderDelegate.java:64) ~[spring-test-4.0.1.RELEASE.jar:4.0.1.RELEASE]
	at org.springframework.test.context.CacheAwareContextLoaderDelegate.loadContext(CacheAwareContextLoaderDelegate.java:91) ~[spring-test-4.0.1.RELEASE.jar:4.0.1.RELEASE]
	... 31 common frames omitted
Caused by: org.springframework.beans.factory.BeanCreationException: Error creating bean with name &apos;entityManagerFactory&apos; defined in URL [file:src/main/webapp/WEB-INF/test-dispatcher-servlet.xml]: Invocation of init method failed; nested exception is javax.persistence.PersistenceException: No Persistence provider for EntityManager named testPersistenceUnit
	at org.springframework.beans.factory.support.AbstractAutowireCapableBeanFactory.initializeBean(AbstractAutowireCapableBeanFactory.java:1553) ~[spring-beans-4.0.1.RELEASE.jar:4.0.1.RELEASE]
	at org.springframework.beans.factory.support.AbstractAutowireCapableBeanFactory.doCreateBean(AbstractAutowireCapableBeanFactory.java:539) ~[spring-beans-4.0.1.RELEASE.jar:4.0.1.RELEASE]
	at org.springframework.beans.factory.support.AbstractAutowireCapableBeanFactory.createBean(AbstractAutowireCapableBeanFactory.java:475) ~[spring-beans-4.0.1.RELEASE.jar:4.0.1.RELEASE]
	at org.springframework.beans.factory.support.AbstractBeanFactory$1.getObject(AbstractBeanFactory.java:304) ~[spring-beans-4.0.1.RELEASE.jar:4.0.1.RELEASE]
	at org.springframework.beans.factory.support.DefaultSingletonBeanRegistry.getSingleton(DefaultSingletonBeanRegistry.java:228) ~[spring-beans-4.0.1.RELEASE.jar:4.0.1.RELEASE]
	at org.springframework.beans.factory.support.AbstractBeanFactory.doGetBean(AbstractBeanFactory.java:300) ~[spring-beans-4.0.1.RELEASE.jar:4.0.1.RELEASE]
	at org.springframework.beans.factory.support.AbstractBeanFactory.getBean(AbstractBeanFactory.java:200) ~[spring-beans-4.0.1.RELEASE.jar:4.0.1.RELEASE]
	at org.springframework.beans.factory.support.DefaultListableBeanFactory.getBeansOfType(DefaultListableBeanFactory.java:467) ~[spring-beans-4.0.1.RELEASE.jar:4.0.1.RELEASE]
	at org.springframework.beans.factory.BeanFactoryUtils.beansOfTypeIncludingAncestors(BeanFactoryUtils.java:277) ~[spring-beans-4.0.1.RELEASE.jar:4.0.1.RELEASE]
	at org.springframework.dao.support.PersistenceExceptionTranslationInterceptor.detectPersistenceExceptionTranslators(PersistenceExceptionTranslationInterceptor.java:139) ~[spring-tx-3.1.2.RELEASE.jar:3.1.2.RELEASE]
	at org.springframework.dao.support.PersistenceExceptionTranslationInterceptor.&lt;init&gt;(PersistenceExceptionTranslationInterceptor.java:79) ~[spring-tx-3.1.2.RELEASE.jar:3.1.2.RELEASE]
	at org.springframework.dao.annotation.PersistenceExceptionTranslationAdvisor.&lt;init&gt;(PersistenceExceptionTranslationAdvisor.java:70) ~[spring-tx-3.1.2.RELEASE.jar:3.1.2.RELEASE]
	at org.springframework.dao.annotation.PersistenceExceptionTranslationPostProcessor.setBeanFactory(PersistenceExceptionTranslationPostProcessor.java:103) ~[spring-tx-3.1.2.RELEASE.jar:3.1.2.RELEASE]
	at org.springframework.beans.factory.support.AbstractAutowireCapableBeanFactory.invokeAwareMethods(AbstractAutowireCapableBeanFactory.java:1572) ~[spring-beans-4.0.1.RELEASE.jar:4.0.1.RELEASE]
	at org.springframework.beans.factory.support.AbstractAutowireCapableBeanFactory.initializeBean(AbstractAutowireCapableBeanFactory.java:1540) ~[spring-beans-4.0.1.RELEASE.jar:4.0.1.RELEASE]
	at org.springframework.beans.factory.support.AbstractAutowireCapableBeanFactory.doCreateBean(AbstractAutowireCapableBeanFactory.java:539) ~[spring-beans-4.0.1.RELEASE.jar:4.0.1.RELEASE]
	... 45 common frames omitted
Caused by: javax.persistence.PersistenceException: No Persistence provider for EntityManager named testPersistenceUnit
	at javax.persistence.Persistence.createEntityManagerFactory(Persistence.java:54) ~[hibernate-jpa-2.0-api-1.0.0.Final.jar:1.0.0.Final]
	at org.springframework.orm.jpa.LocalEntityManagerFactoryBean.createNativeEntityManagerFactory(LocalEntityManagerFactoryBean.java:92) ~[spring-orm-3.1.2.RELEASE.jar:3.1.2.RELEASE]
	at org.springframework.orm.jpa.AbstractEntityManagerFactoryBean.afterPropertiesSet(AbstractEntityManagerFactoryBean.java:310) ~[spring-orm-3.1.2.RELEASE.jar:3.1.2.RELEASE]
	at org.springframework.beans.factory.support.AbstractAutowireCapableBeanFactory.invokeInitMethods(AbstractAutowireCapableBeanFactory.java:1612) ~[spring-beans-4.0.1.RELEASE.jar:4.0.1.RELEASE]
	at org.springframework.beans.factory.support.AbstractAutowireCapableBeanFactory.initializeBean(AbstractAutowireCapableBeanFactory.java:1549) ~[spring-beans-4.0.1.RELEASE.jar:4.0.1.RELEASE]
	... 60 common frames omitted
</system-out>
  </testcase>
</testsuite>